[1.290s] DEBUG:colcon:Command line arguments: ['/usr/bin/colcon', 'build', '--symlink-install']
[1.290s] DEBUG:colcon:Parsed command line arguments: Namespace(allow_overriding=[], ament_cmake_args=None, base_paths=['.'], build_base='build', catkin_cmake_args=None, catkin_skip_building_tests=False, cmake_args=None, cmake_clean_cache=False, cmake_clean_first=False, cmake_force_configure=False, cmake_target=None, cmake_target_skip_unavailable=False, continue_on_error=False, event_handlers=None, executor='parallel', ignore_user_meta=False, install_base='install', log_base=None, log_level=None, main=<bound method BuildVerb.main of <colcon_core.verb.build.BuildVerb object at 0xffff7ebbdb50>>, merge_install=False, metas=['./colcon.meta'], mixin=None, mixin_files=None, mixin_verb=('build',), packages_above=None, packages_above_and_dependencies=None, packages_above_depth=None, packages_end=None, packages_ignore=None, packages_ignore_regex=None, packages_select=None, packages_select_build_failed=False, packages_select_by_dep=None, packages_select_regex=None, packages_select_test_failures=False, packages_skip=None, packages_skip_build_finished=False, packages_skip_by_dep=None, packages_skip_regex=None, packages_skip_test_passed=False, packages_skip_up_to=None, packages_start=None, packages_up_to=None, packages_up_to_regex=None, parallel_workers=6, paths=None, symlink_install=True, test_result_base=None, verb_extension=<colcon_core.verb.build.BuildVerb object at 0xffff7ebbdb50>, verb_name='build', verb_parser=<colcon_mixin.mixin.mixin_argument.MixinArgumentDecorator object at 0xffff7eb0d3d0>)
[2.391s] Level 1:colcon.colcon_core.package_discovery:discover_packages(colcon_meta) check parameters
[2.391s] Level 1:colcon.colcon_core.package_discovery:discover_packages(recursive) check parameters
[2.392s] Level 1:colcon.colcon_core.package_discovery:discover_packages(ignore) check parameters
[2.392s] Level 1:colcon.colcon_core.package_discovery:discover_packages(path) check parameters
[2.392s] Level 1:colcon.colcon_core.package_discovery:discover_packages(colcon_meta) discover
[2.393s] Level 1:colcon.colcon_core.package_discovery:discover_packages(recursive) discover
[2.393s] INFO:colcon.colcon_core.package_discovery:Crawling recursively for packages in '/home/fiborobotlab/Metamobot_ws/MetaMobot2024'
[2.394s] Level 1:colcon.colcon_core.package_identification:_identify(.) by extensions ['ignore', 'ignore_ament_install']
[2.394s] Level 1:colcon.colcon_core.package_identification:_identify(.) by extension 'ignore'
[2.395s] Level 1:colcon.colcon_core.package_identification:_identify(.) by extension 'ignore_ament_install'
[2.395s] Level 1:colcon.colcon_core.package_identification:_identify(.) by extensions ['colcon_pkg']
[2.395s] Level 1:colcon.colcon_core.package_identification:_identify(.) by extension 'colcon_pkg'
[2.395s] Level 1:colcon.colcon_core.package_identification:_identify(.) by extensions ['colcon_meta']
[2.396s] Level 1:colcon.colcon_core.package_identification:_identify(.) by extension 'colcon_meta'
[2.396s] Level 1:colcon.colcon_core.package_identification:_identify(.) by extensions ['ros']
[2.396s] Level 1:colcon.colcon_core.package_identification:_identify(.) by extension 'ros'
[2.462s] Level 1:colcon.colcon_core.package_identification:_identify(.) by extensions ['cmake', 'python']
[2.463s] Level 1:colcon.colcon_core.package_identification:_identify(.) by extension 'cmake'
[2.463s] Level 1:colcon.colcon_core.package_identification:_identify(.) by extension 'python'
[2.464s] Level 1:colcon.colcon_core.package_identification:_identify(.) by extensions ['python_setup_py']
[2.464s] Level 1:colcon.colcon_core.package_identification:_identify(.) by extension 'python_setup_py'
[2.465s] Level 1:colcon.colcon_core.package_identification:_identify(build) by extensions ['ignore', 'ignore_ament_install']
[2.466s] Level 1:colcon.colcon_core.package_identification:_identify(build) by extension 'ignore'
[2.466s] Level 1:colcon.colcon_core.package_identification:_identify(build) ignored
[2.467s] Level 1:colcon.colcon_core.package_identification:_identify(install) by extensions ['ignore', 'ignore_ament_install']
[2.468s] Level 1:colcon.colcon_core.package_identification:_identify(install) by extension 'ignore'
[2.468s] Level 1:colcon.colcon_core.package_identification:_identify(install) ignored
[2.469s] Level 1:colcon.colcon_core.package_identification:_identify(log) by extensions ['ignore', 'ignore_ament_install']
[2.470s] Level 1:colcon.colcon_core.package_identification:_identify(log) by extension 'ignore'
[2.470s] Level 1:colcon.colcon_core.package_identification:_identify(log) ignored
[2.471s] Level 1:colcon.colcon_core.package_identification:_identify(src) by extensions ['ignore', 'ignore_ament_install']
[2.471s] Level 1:colcon.colcon_core.package_identification:_identify(src) by extension 'ignore'
[2.471s] Level 1:colcon.colcon_core.package_identification:_identify(src) by extension 'ignore_ament_install'
[2.472s] Level 1:colcon.colcon_core.package_identification:_identify(src) by extensions ['colcon_pkg']
[2.472s] Level 1:colcon.colcon_core.package_identification:_identify(src) by extension 'colcon_pkg'
[2.473s] Level 1:colcon.colcon_core.package_identification:_identify(src) by extensions ['colcon_meta']
[2.473s] Level 1:colcon.colcon_core.package_identification:_identify(src) by extension 'colcon_meta'
[2.473s] Level 1:colcon.colcon_core.package_identification:_identify(src) by extensions ['ros']
[2.473s] Level 1:colcon.colcon_core.package_identification:_identify(src) by extension 'ros'
[2.474s] Level 1:colcon.colcon_core.package_identification:_identify(src) by extensions ['cmake', 'python']
[2.474s] Level 1:colcon.colcon_core.package_identification:_identify(src) by extension 'cmake'
[2.474s] Level 1:colcon.colcon_core.package_identification:_identify(src) by extension 'python'
[2.475s] Level 1:colcon.colcon_core.package_identification:_identify(src) by extensions ['python_setup_py']
[2.475s] Level 1:colcon.colcon_core.package_identification:_identify(src) by extension 'python_setup_py'
[2.475s] Level 1:colcon.colcon_core.package_identification:_identify(src/mobotrun) by extensions ['ignore', 'ignore_ament_install']
[2.476s] Level 1:colcon.colcon_core.package_identification:_identify(src/mobotrun) by extension 'ignore'
[2.476s] Level 1:colcon.colcon_core.package_identification:_identify(src/mobotrun) by extension 'ignore_ament_install'
[2.477s] Level 1:colcon.colcon_core.package_identification:_identify(src/mobotrun) by extensions ['colcon_pkg']
[2.477s] Level 1:colcon.colcon_core.package_identification:_identify(src/mobotrun) by extension 'colcon_pkg'
[2.477s] Level 1:colcon.colcon_core.package_identification:_identify(src/mobotrun) by extensions ['colcon_meta']
[2.477s] Level 1:colcon.colcon_core.package_identification:_identify(src/mobotrun) by extension 'colcon_meta'
[2.478s] Level 1:colcon.colcon_core.package_identification:_identify(src/mobotrun) by extensions ['ros']
[2.478s] Level 1:colcon.colcon_core.package_identification:_identify(src/mobotrun) by extension 'ros'
[2.493s] DEBUG:colcon.colcon_core.package_identification:Package 'src/mobotrun' with type 'ros.ament_cmake' and name 'mobotrun'
[2.493s] Level 1:colcon.colcon_core.package_discovery:discover_packages(recursive) using defaults
[2.493s] Level 1:colcon.colcon_core.package_discovery:discover_packages(ignore) discover
[2.494s] Level 1:colcon.colcon_core.package_discovery:discover_packages(ignore) using defaults
[2.494s] Level 1:colcon.colcon_core.package_discovery:discover_packages(path) discover
[2.494s] Level 1:colcon.colcon_core.package_discovery:discover_packages(path) using defaults
[2.632s] Level 1:colcon.colcon_core.package_discovery:discover_packages(prefix_path) check parameters
[2.632s] Level 1:colcon.colcon_core.package_discovery:discover_packages(prefix_path) discover
[2.668s] DEBUG:colcon.colcon_installed_package_information.package_discovery:Found 7 installed packages in /home/fiborobotlab/Ros2_directoy/recon2_ws/install
[2.674s] DEBUG:colcon.colcon_installed_package_information.package_discovery:Found 21 installed packages in /home/fiborobotlab/Ros2_directoy/recon_ws/install
[2.679s] DEBUG:colcon.colcon_installed_package_information.package_discovery:Found 1 installed packages in /home/fiborobotlab/rplidar/install
[2.684s] DEBUG:colcon.colcon_installed_package_information.package_discovery:Found 13 installed packages in /home/fiborobotlab/manipulatorP_ws/install
[2.687s] DEBUG:colcon.colcon_installed_package_information.package_discovery:Found 3 installed packages in /home/fiborobotlab/dynamixel_ws/install
[2.691s] DEBUG:colcon.colcon_installed_package_information.package_discovery:Found 1 installed packages in /home/fiborobotlab/Metamobot_ws/MetaMobot2024/install
[2.694s] DEBUG:colcon.colcon_installed_package_information.package_discovery:Found 7 installed packages in /home/fiborobotlab/unitree_foxy/install
[2.703s] DEBUG:colcon.colcon_installed_package_information.package_discovery:Found 302 installed packages in /opt/ros/foxy
[2.715s] Level 1:colcon.colcon_core.package_discovery:discover_packages(prefix_path) using defaults
[3.218s] Level 5:colcon.colcon_core.verb:set package 'mobotrun' build argument 'cmake_args' from command line to 'None'
[3.219s] Level 5:colcon.colcon_core.verb:set package 'mobotrun' build argument 'cmake_target' from command line to 'None'
[3.219s] Level 5:colcon.colcon_core.verb:set package 'mobotrun' build argument 'cmake_target_skip_unavailable' from command line to 'False'
[3.219s] Level 5:colcon.colcon_core.verb:set package 'mobotrun' build argument 'cmake_clean_cache' from command line to 'False'
[3.219s] Level 5:colcon.colcon_core.verb:set package 'mobotrun' build argument 'cmake_clean_first' from command line to 'False'
[3.219s] Level 5:colcon.colcon_core.verb:set package 'mobotrun' build argument 'cmake_force_configure' from command line to 'False'
[3.220s] Level 5:colcon.colcon_core.verb:set package 'mobotrun' build argument 'ament_cmake_args' from command line to 'None'
[3.220s] Level 5:colcon.colcon_core.verb:set package 'mobotrun' build argument 'catkin_cmake_args' from command line to 'None'
[3.220s] Level 5:colcon.colcon_core.verb:set package 'mobotrun' build argument 'catkin_skip_building_tests' from command line to 'False'
[3.220s] DEBUG:colcon.colcon_core.verb:Building package 'mobotrun' with the following arguments: {'ament_cmake_args': None, 'build_base': '/home/fiborobotlab/Metamobot_ws/MetaMobot2024/build/mobotrun', 'catkin_cmake_args': None, 'catkin_skip_building_tests': False, 'cmake_args': None, 'cmake_clean_cache': False, 'cmake_clean_first': False, 'cmake_force_configure': False, 'cmake_target': None, 'cmake_target_skip_unavailable': False, 'install_base': '/home/fiborobotlab/Metamobot_ws/MetaMobot2024/install/mobotrun', 'merge_install': False, 'path': '/home/fiborobotlab/Metamobot_ws/MetaMobot2024/src/mobotrun', 'symlink_install': True, 'test_result_base': None}
[3.221s] INFO:colcon.colcon_core.executor:Executing jobs using 'parallel' executor
[3.226s] DEBUG:colcon.colcon_parallel_executor.executor.parallel:run_until_complete
[3.228s] INFO:colcon.colcon_ros.task.ament_cmake.build:Building ROS package in '/home/fiborobotlab/Metamobot_ws/MetaMobot2024/src/mobotrun' with build type 'ament_cmake'
[3.229s] INFO:colcon.colcon_cmake.task.cmake.build:Building CMake package in '/home/fiborobotlab/Metamobot_ws/MetaMobot2024/src/mobotrun'
[3.246s] INFO:colcon.colcon_core.plugin_system:Skipping extension 'colcon_core.shell.bat': Not used on non-Windows systems
[3.247s] INFO:colcon.colcon_core.shell:Skip shell extension 'powershell' for command environment: Not usable outside of PowerShell
[3.247s] DEBUG:colcon.colcon_core.shell:Skip shell extension 'dsv' for command environment
[3.366s] DEBUG:colcon.colcon_core.event_handler.log_command:Invoking command in '/home/fiborobotlab/Metamobot_ws/MetaMobot2024/build/mobotrun': CMAKE_PREFIX_PATH=/home/fiborobotlab/Ros2_directoy/recon2_ws/install/recon_bot_slam:/home/fiborobotlab/Ros2_directoy/recon2_ws/install/recon_bot_navigation:/home/fiborobotlab/Ros2_directoy/recon2_ws/install/recon_bot_mecanum_control:/home/fiborobotlab/Ros2_directoy/recon2_ws/install/recon_bot_description:/home/fiborobotlab/Ros2_directoy/recon2_ws/install/recon_bot_commnunication:/home/fiborobotlab/Ros2_directoy/recon2_ws/install/recon_bot_bringup:/home/fiborobotlab/Ros2_directoy/recon2_ws/install/recon_bot_aruco_pose_estimator:/home/fiborobotlab/Ros2_directoy/recon_ws/install/zed_ros2:/home/fiborobotlab/Ros2_directoy/recon_ws/install/zed_robot_integration:/home/fiborobotlab/Ros2_directoy/recon_ws/install/zed_multi_camera:/home/fiborobotlab/Ros2_directoy/recon_ws/install/zed_display_rviz2:/home/fiborobotlab/Ros2_directoy/recon_ws/install/zed_depth_to_laserscan:/home/fiborobotlab/Ros2_directoy/recon_ws/install/zed_wrapper:/home/fiborobotlab/Ros2_directoy/recon_ws/install/zed_tutorial_video:/home/fiborobotlab/Ros2_directoy/recon_ws/install/zed_tutorial_pos_tracking:/home/fiborobotlab/Ros2_directoy/recon_ws/install/zed_tutorial_depth:/home/fiborobotlab/Ros2_directoy/recon_ws/install/zed_topic_benchmark_interfaces:/home/fiborobotlab/Ros2_directoy/recon_ws/install/zed_rgb_convert:/home/fiborobotlab/Ros2_directoy/recon_ws/install/zed_aruco_localization:/home/fiborobotlab/Ros2_directoy/recon_ws/install/zed_components:/home/fiborobotlab/Ros2_directoy/recon_ws/install/rviz_plugin_zed_od:/home/fiborobotlab/Ros2_directoy/recon_ws/install/zed_interfaces:/home/fiborobotlab/unitree_foxy/install/ros2_aruco:/opt/ros/foxy:/home/fiborobotlab/Ros2_directoy/recon_ws/install/rplidar_ros:/home/fiborobotlab/Ros2_directoy/recon_ws/install/recon_bot_mecanum_control:/home/fiborobotlab/Ros2_directoy/recon_ws/install/recon_bot_description:/home/fiborobotlab/Ros2_directoy/recon_ws/install/recon_bot_commnunication:/home/fiborobotlab/rplidar/install/sllidar_ros2:/home/fiborobotlab/manipulatorP_ws/install/open_manipulator_p:/home/fiborobotlab/manipulatorP_ws/install/open_manipulator_p_controller:/home/fiborobotlab/manipulatorP_ws/install/open_manipulator_p_libs:/home/fiborobotlab/manipulatorP_ws/install/robotis_manipulator:/home/fiborobotlab/manipulatorP_ws/install/open_manipulator_p_teleop:/home/fiborobotlab/manipulatorP_ws/install/open_manipulator_p_description:/home/fiborobotlab/manipulatorP_ws/install/open_manipulator_msgs:/home/fiborobotlab/manipulatorP_ws/install/dynamixel_workbench:/home/fiborobotlab/manipulatorP_ws/install/dynamixel_workbench_toolbox:/home/fiborobotlab/manipulatorP_ws/install/dynamixel_sdk_examples:/home/fiborobotlab/manipulatorP_ws/install/dynamixel_sdk_custom_interfaces:/home/fiborobotlab/manipulatorP_ws/install/dynamixel_sdk:/home/fiborobotlab/manipulatorP_ws/install/cmake_modules:/home/fiborobotlab/dynamixel_ws/install/dynamixel_sdk_examples:/home/fiborobotlab/dynamixel_ws/install/dynamixel_sdk_custom_interfaces:/home/fiborobotlab/dynamixel_ws/install/dynamixel_sdk:/home/fiborobotlab/Metamobot_ws/MetaMobot2024/install/mobotrun:/home/fiborobotlab/unitree_foxy/install/unitree_legged_real:/home/fiborobotlab/unitree_foxy/install/ros2_unitree_legged_msgs:/home/fiborobotlab/unitree_foxy/install/gscam2:/home/fiborobotlab/unitree_foxy/install/ros2_shared:/home/fiborobotlab/unitree_foxy/install/ros2_aruco_interfaces:/home/fiborobotlab/unitree_foxy/install/hand_detection /usr/bin/cmake --build /home/fiborobotlab/Metamobot_ws/MetaMobot2024/build/mobotrun -- -j6 -l6
[8.842s] DEBUG:colcon.colcon_core.event_handler.log_command:Invoked command in '/home/fiborobotlab/Metamobot_ws/MetaMobot2024/build/mobotrun' returned '0': CMAKE_PREFIX_PATH=/home/fiborobotlab/Ros2_directoy/recon2_ws/install/recon_bot_slam:/home/fiborobotlab/Ros2_directoy/recon2_ws/install/recon_bot_navigation:/home/fiborobotlab/Ros2_directoy/recon2_ws/install/recon_bot_mecanum_control:/home/fiborobotlab/Ros2_directoy/recon2_ws/install/recon_bot_description:/home/fiborobotlab/Ros2_directoy/recon2_ws/install/recon_bot_commnunication:/home/fiborobotlab/Ros2_directoy/recon2_ws/install/recon_bot_bringup:/home/fiborobotlab/Ros2_directoy/recon2_ws/install/recon_bot_aruco_pose_estimator:/home/fiborobotlab/Ros2_directoy/recon_ws/install/zed_ros2:/home/fiborobotlab/Ros2_directoy/recon_ws/install/zed_robot_integration:/home/fiborobotlab/Ros2_directoy/recon_ws/install/zed_multi_camera:/home/fiborobotlab/Ros2_directoy/recon_ws/install/zed_display_rviz2:/home/fiborobotlab/Ros2_directoy/recon_ws/install/zed_depth_to_laserscan:/home/fiborobotlab/Ros2_directoy/recon_ws/install/zed_wrapper:/home/fiborobotlab/Ros2_directoy/recon_ws/install/zed_tutorial_video:/home/fiborobotlab/Ros2_directoy/recon_ws/install/zed_tutorial_pos_tracking:/home/fiborobotlab/Ros2_directoy/recon_ws/install/zed_tutorial_depth:/home/fiborobotlab/Ros2_directoy/recon_ws/install/zed_topic_benchmark_interfaces:/home/fiborobotlab/Ros2_directoy/recon_ws/install/zed_rgb_convert:/home/fiborobotlab/Ros2_directoy/recon_ws/install/zed_aruco_localization:/home/fiborobotlab/Ros2_directoy/recon_ws/install/zed_components:/home/fiborobotlab/Ros2_directoy/recon_ws/install/rviz_plugin_zed_od:/home/fiborobotlab/Ros2_directoy/recon_ws/install/zed_interfaces:/home/fiborobotlab/unitree_foxy/install/ros2_aruco:/opt/ros/foxy:/home/fiborobotlab/Ros2_directoy/recon_ws/install/rplidar_ros:/home/fiborobotlab/Ros2_directoy/recon_ws/install/recon_bot_mecanum_control:/home/fiborobotlab/Ros2_directoy/recon_ws/install/recon_bot_description:/home/fiborobotlab/Ros2_directoy/recon_ws/install/recon_bot_commnunication:/home/fiborobotlab/rplidar/install/sllidar_ros2:/home/fiborobotlab/manipulatorP_ws/install/open_manipulator_p:/home/fiborobotlab/manipulatorP_ws/install/open_manipulator_p_controller:/home/fiborobotlab/manipulatorP_ws/install/open_manipulator_p_libs:/home/fiborobotlab/manipulatorP_ws/install/robotis_manipulator:/home/fiborobotlab/manipulatorP_ws/install/open_manipulator_p_teleop:/home/fiborobotlab/manipulatorP_ws/install/open_manipulator_p_description:/home/fiborobotlab/manipulatorP_ws/install/open_manipulator_msgs:/home/fiborobotlab/manipulatorP_ws/install/dynamixel_workbench:/home/fiborobotlab/manipulatorP_ws/install/dynamixel_workbench_toolbox:/home/fiborobotlab/manipulatorP_ws/install/dynamixel_sdk_examples:/home/fiborobotlab/manipulatorP_ws/install/dynamixel_sdk_custom_interfaces:/home/fiborobotlab/manipulatorP_ws/install/dynamixel_sdk:/home/fiborobotlab/manipulatorP_ws/install/cmake_modules:/home/fiborobotlab/dynamixel_ws/install/dynamixel_sdk_examples:/home/fiborobotlab/dynamixel_ws/install/dynamixel_sdk_custom_interfaces:/home/fiborobotlab/dynamixel_ws/install/dynamixel_sdk:/home/fiborobotlab/Metamobot_ws/MetaMobot2024/install/mobotrun:/home/fiborobotlab/unitree_foxy/install/unitree_legged_real:/home/fiborobotlab/unitree_foxy/install/ros2_unitree_legged_msgs:/home/fiborobotlab/unitree_foxy/install/gscam2:/home/fiborobotlab/unitree_foxy/install/ros2_shared:/home/fiborobotlab/unitree_foxy/install/ros2_aruco_interfaces:/home/fiborobotlab/unitree_foxy/install/hand_detection /usr/bin/cmake --build /home/fiborobotlab/Metamobot_ws/MetaMobot2024/build/mobotrun -- -j6 -l6
[9.200s] DEBUG:colcon.colcon_core.event_handler.log_command:Invoking command in '/home/fiborobotlab/Metamobot_ws/MetaMobot2024/build/mobotrun': CMAKE_PREFIX_PATH=/home/fiborobotlab/Ros2_directoy/recon2_ws/install/recon_bot_slam:/home/fiborobotlab/Ros2_directoy/recon2_ws/install/recon_bot_navigation:/home/fiborobotlab/Ros2_directoy/recon2_ws/install/recon_bot_mecanum_control:/home/fiborobotlab/Ros2_directoy/recon2_ws/install/recon_bot_description:/home/fiborobotlab/Ros2_directoy/recon2_ws/install/recon_bot_commnunication:/home/fiborobotlab/Ros2_directoy/recon2_ws/install/recon_bot_bringup:/home/fiborobotlab/Ros2_directoy/recon2_ws/install/recon_bot_aruco_pose_estimator:/home/fiborobotlab/Ros2_directoy/recon_ws/install/zed_ros2:/home/fiborobotlab/Ros2_directoy/recon_ws/install/zed_robot_integration:/home/fiborobotlab/Ros2_directoy/recon_ws/install/zed_multi_camera:/home/fiborobotlab/Ros2_directoy/recon_ws/install/zed_display_rviz2:/home/fiborobotlab/Ros2_directoy/recon_ws/install/zed_depth_to_laserscan:/home/fiborobotlab/Ros2_directoy/recon_ws/install/zed_wrapper:/home/fiborobotlab/Ros2_directoy/recon_ws/install/zed_tutorial_video:/home/fiborobotlab/Ros2_directoy/recon_ws/install/zed_tutorial_pos_tracking:/home/fiborobotlab/Ros2_directoy/recon_ws/install/zed_tutorial_depth:/home/fiborobotlab/Ros2_directoy/recon_ws/install/zed_topic_benchmark_interfaces:/home/fiborobotlab/Ros2_directoy/recon_ws/install/zed_rgb_convert:/home/fiborobotlab/Ros2_directoy/recon_ws/install/zed_aruco_localization:/home/fiborobotlab/Ros2_directoy/recon_ws/install/zed_components:/home/fiborobotlab/Ros2_directoy/recon_ws/install/rviz_plugin_zed_od:/home/fiborobotlab/Ros2_directoy/recon_ws/install/zed_interfaces:/home/fiborobotlab/unitree_foxy/install/ros2_aruco:/opt/ros/foxy:/home/fiborobotlab/Ros2_directoy/recon_ws/install/rplidar_ros:/home/fiborobotlab/Ros2_directoy/recon_ws/install/recon_bot_mecanum_control:/home/fiborobotlab/Ros2_directoy/recon_ws/install/recon_bot_description:/home/fiborobotlab/Ros2_directoy/recon_ws/install/recon_bot_commnunication:/home/fiborobotlab/rplidar/install/sllidar_ros2:/home/fiborobotlab/manipulatorP_ws/install/open_manipulator_p:/home/fiborobotlab/manipulatorP_ws/install/open_manipulator_p_controller:/home/fiborobotlab/manipulatorP_ws/install/open_manipulator_p_libs:/home/fiborobotlab/manipulatorP_ws/install/robotis_manipulator:/home/fiborobotlab/manipulatorP_ws/install/open_manipulator_p_teleop:/home/fiborobotlab/manipulatorP_ws/install/open_manipulator_p_description:/home/fiborobotlab/manipulatorP_ws/install/open_manipulator_msgs:/home/fiborobotlab/manipulatorP_ws/install/dynamixel_workbench:/home/fiborobotlab/manipulatorP_ws/install/dynamixel_workbench_toolbox:/home/fiborobotlab/manipulatorP_ws/install/dynamixel_sdk_examples:/home/fiborobotlab/manipulatorP_ws/install/dynamixel_sdk_custom_interfaces:/home/fiborobotlab/manipulatorP_ws/install/dynamixel_sdk:/home/fiborobotlab/manipulatorP_ws/install/cmake_modules:/home/fiborobotlab/dynamixel_ws/install/dynamixel_sdk_examples:/home/fiborobotlab/dynamixel_ws/install/dynamixel_sdk_custom_interfaces:/home/fiborobotlab/dynamixel_ws/install/dynamixel_sdk:/home/fiborobotlab/Metamobot_ws/MetaMobot2024/install/mobotrun:/home/fiborobotlab/unitree_foxy/install/unitree_legged_real:/home/fiborobotlab/unitree_foxy/install/ros2_unitree_legged_msgs:/home/fiborobotlab/unitree_foxy/install/gscam2:/home/fiborobotlab/unitree_foxy/install/ros2_shared:/home/fiborobotlab/unitree_foxy/install/ros2_aruco_interfaces:/home/fiborobotlab/unitree_foxy/install/hand_detection /usr/bin/cmake --install /home/fiborobotlab/Metamobot_ws/MetaMobot2024/build/mobotrun
[9.793s] Level 1:colcon.colcon_core.environment:create_environment_scripts_only(mobotrun)
[9.798s] DEBUG:colcon.colcon_core.event_handler.log_command:Invoked command in '/home/fiborobotlab/Metamobot_ws/MetaMobot2024/build/mobotrun' returned '0': CMAKE_PREFIX_PATH=/home/fiborobotlab/Ros2_directoy/recon2_ws/install/recon_bot_slam:/home/fiborobotlab/Ros2_directoy/recon2_ws/install/recon_bot_navigation:/home/fiborobotlab/Ros2_directoy/recon2_ws/install/recon_bot_mecanum_control:/home/fiborobotlab/Ros2_directoy/recon2_ws/install/recon_bot_description:/home/fiborobotlab/Ros2_directoy/recon2_ws/install/recon_bot_commnunication:/home/fiborobotlab/Ros2_directoy/recon2_ws/install/recon_bot_bringup:/home/fiborobotlab/Ros2_directoy/recon2_ws/install/recon_bot_aruco_pose_estimator:/home/fiborobotlab/Ros2_directoy/recon_ws/install/zed_ros2:/home/fiborobotlab/Ros2_directoy/recon_ws/install/zed_robot_integration:/home/fiborobotlab/Ros2_directoy/recon_ws/install/zed_multi_camera:/home/fiborobotlab/Ros2_directoy/recon_ws/install/zed_display_rviz2:/home/fiborobotlab/Ros2_directoy/recon_ws/install/zed_depth_to_laserscan:/home/fiborobotlab/Ros2_directoy/recon_ws/install/zed_wrapper:/home/fiborobotlab/Ros2_directoy/recon_ws/install/zed_tutorial_video:/home/fiborobotlab/Ros2_directoy/recon_ws/install/zed_tutorial_pos_tracking:/home/fiborobotlab/Ros2_directoy/recon_ws/install/zed_tutorial_depth:/home/fiborobotlab/Ros2_directoy/recon_ws/install/zed_topic_benchmark_interfaces:/home/fiborobotlab/Ros2_directoy/recon_ws/install/zed_rgb_convert:/home/fiborobotlab/Ros2_directoy/recon_ws/install/zed_aruco_localization:/home/fiborobotlab/Ros2_directoy/recon_ws/install/zed_components:/home/fiborobotlab/Ros2_directoy/recon_ws/install/rviz_plugin_zed_od:/home/fiborobotlab/Ros2_directoy/recon_ws/install/zed_interfaces:/home/fiborobotlab/unitree_foxy/install/ros2_aruco:/opt/ros/foxy:/home/fiborobotlab/Ros2_directoy/recon_ws/install/rplidar_ros:/home/fiborobotlab/Ros2_directoy/recon_ws/install/recon_bot_mecanum_control:/home/fiborobotlab/Ros2_directoy/recon_ws/install/recon_bot_description:/home/fiborobotlab/Ros2_directoy/recon_ws/install/recon_bot_commnunication:/home/fiborobotlab/rplidar/install/sllidar_ros2:/home/fiborobotlab/manipulatorP_ws/install/open_manipulator_p:/home/fiborobotlab/manipulatorP_ws/install/open_manipulator_p_controller:/home/fiborobotlab/manipulatorP_ws/install/open_manipulator_p_libs:/home/fiborobotlab/manipulatorP_ws/install/robotis_manipulator:/home/fiborobotlab/manipulatorP_ws/install/open_manipulator_p_teleop:/home/fiborobotlab/manipulatorP_ws/install/open_manipulator_p_description:/home/fiborobotlab/manipulatorP_ws/install/open_manipulator_msgs:/home/fiborobotlab/manipulatorP_ws/install/dynamixel_workbench:/home/fiborobotlab/manipulatorP_ws/install/dynamixel_workbench_toolbox:/home/fiborobotlab/manipulatorP_ws/install/dynamixel_sdk_examples:/home/fiborobotlab/manipulatorP_ws/install/dynamixel_sdk_custom_interfaces:/home/fiborobotlab/manipulatorP_ws/install/dynamixel_sdk:/home/fiborobotlab/manipulatorP_ws/install/cmake_modules:/home/fiborobotlab/dynamixel_ws/install/dynamixel_sdk_examples:/home/fiborobotlab/dynamixel_ws/install/dynamixel_sdk_custom_interfaces:/home/fiborobotlab/dynamixel_ws/install/dynamixel_sdk:/home/fiborobotlab/Metamobot_ws/MetaMobot2024/install/mobotrun:/home/fiborobotlab/unitree_foxy/install/unitree_legged_real:/home/fiborobotlab/unitree_foxy/install/ros2_unitree_legged_msgs:/home/fiborobotlab/unitree_foxy/install/gscam2:/home/fiborobotlab/unitree_foxy/install/ros2_shared:/home/fiborobotlab/unitree_foxy/install/ros2_aruco_interfaces:/home/fiborobotlab/unitree_foxy/install/hand_detection /usr/bin/cmake --install /home/fiborobotlab/Metamobot_ws/MetaMobot2024/build/mobotrun
[9.830s] Level 1:colcon.colcon_core.environment:checking '/home/fiborobotlab/Metamobot_ws/MetaMobot2024/install/mobotrun' for CMake module files
[9.834s] Level 1:colcon.colcon_core.environment:checking '/home/fiborobotlab/Metamobot_ws/MetaMobot2024/install/mobotrun' for CMake config files
[9.837s] Level 1:colcon.colcon_core.shell:create_environment_hook('mobotrun', 'cmake_prefix_path')
[9.839s] INFO:colcon.colcon_core.shell:Creating environment hook '/home/fiborobotlab/Metamobot_ws/MetaMobot2024/install/mobotrun/share/mobotrun/hook/cmake_prefix_path.ps1'
[9.844s] INFO:colcon.colcon_core.shell:Creating environment descriptor '/home/fiborobotlab/Metamobot_ws/MetaMobot2024/install/mobotrun/share/mobotrun/hook/cmake_prefix_path.dsv'
[9.848s] INFO:colcon.colcon_core.shell:Creating environment hook '/home/fiborobotlab/Metamobot_ws/MetaMobot2024/install/mobotrun/share/mobotrun/hook/cmake_prefix_path.sh'
[9.856s] Level 1:colcon.colcon_core.environment:checking '/home/fiborobotlab/Metamobot_ws/MetaMobot2024/install/mobotrun/lib'
[9.858s] Level 1:colcon.colcon_core.environment:checking '/home/fiborobotlab/Metamobot_ws/MetaMobot2024/install/mobotrun/bin'
[9.858s] Level 1:colcon.colcon_core.environment:checking '/home/fiborobotlab/Metamobot_ws/MetaMobot2024/install/mobotrun/lib/pkgconfig/mobotrun.pc'
[9.861s] Level 1:colcon.colcon_core.environment:checking '/home/fiborobotlab/Metamobot_ws/MetaMobot2024/install/mobotrun/lib/python3.8/site-packages'
[9.861s] Level 1:colcon.colcon_core.shell:create_environment_hook('mobotrun', 'pythonpath')
[9.862s] INFO:colcon.colcon_core.shell:Creating environment hook '/home/fiborobotlab/Metamobot_ws/MetaMobot2024/install/mobotrun/share/mobotrun/hook/pythonpath.ps1'
[9.865s] INFO:colcon.colcon_core.shell:Creating environment descriptor '/home/fiborobotlab/Metamobot_ws/MetaMobot2024/install/mobotrun/share/mobotrun/hook/pythonpath.dsv'
[9.868s] INFO:colcon.colcon_core.shell:Creating environment hook '/home/fiborobotlab/Metamobot_ws/MetaMobot2024/install/mobotrun/share/mobotrun/hook/pythonpath.sh'
[9.872s] Level 1:colcon.colcon_core.environment:checking '/home/fiborobotlab/Metamobot_ws/MetaMobot2024/install/mobotrun/bin'
[9.874s] INFO:colcon.colcon_core.shell:Creating package script '/home/fiborobotlab/Metamobot_ws/MetaMobot2024/install/mobotrun/share/mobotrun/package.ps1'
[9.881s] INFO:colcon.colcon_core.shell:Creating package descriptor '/home/fiborobotlab/Metamobot_ws/MetaMobot2024/install/mobotrun/share/mobotrun/package.dsv'
[9.885s] INFO:colcon.colcon_core.shell:Creating package script '/home/fiborobotlab/Metamobot_ws/MetaMobot2024/install/mobotrun/share/mobotrun/package.sh'
[9.891s] INFO:colcon.colcon_core.shell:Creating package script '/home/fiborobotlab/Metamobot_ws/MetaMobot2024/install/mobotrun/share/mobotrun/package.bash'
[9.897s] INFO:colcon.colcon_core.shell:Creating package script '/home/fiborobotlab/Metamobot_ws/MetaMobot2024/install/mobotrun/share/mobotrun/package.zsh'
[9.902s] Level 1:colcon.colcon_core.environment:create_file_with_runtime_dependencies(/home/fiborobotlab/Metamobot_ws/MetaMobot2024/install/mobotrun/share/colcon-core/packages/mobotrun)
[10.155s] Level 1:colcon.colcon_core.environment:create_environment_scripts_only(mobotrun)
[10.159s] Level 1:colcon.colcon_core.environment:checking '/home/fiborobotlab/Metamobot_ws/MetaMobot2024/install/mobotrun' for CMake module files
[10.164s] Level 1:colcon.colcon_core.environment:checking '/home/fiborobotlab/Metamobot_ws/MetaMobot2024/install/mobotrun' for CMake config files
[10.168s] Level 1:colcon.colcon_core.shell:create_environment_hook('mobotrun', 'cmake_prefix_path')
[10.170s] INFO:colcon.colcon_core.shell:Creating environment hook '/home/fiborobotlab/Metamobot_ws/MetaMobot2024/install/mobotrun/share/mobotrun/hook/cmake_prefix_path.ps1'
[10.175s] INFO:colcon.colcon_core.shell:Creating environment descriptor '/home/fiborobotlab/Metamobot_ws/MetaMobot2024/install/mobotrun/share/mobotrun/hook/cmake_prefix_path.dsv'
[10.179s] INFO:colcon.colcon_core.shell:Creating environment hook '/home/fiborobotlab/Metamobot_ws/MetaMobot2024/install/mobotrun/share/mobotrun/hook/cmake_prefix_path.sh'
[10.183s] Level 1:colcon.colcon_core.environment:checking '/home/fiborobotlab/Metamobot_ws/MetaMobot2024/install/mobotrun/lib'
[10.184s] Level 1:colcon.colcon_core.environment:checking '/home/fiborobotlab/Metamobot_ws/MetaMobot2024/install/mobotrun/bin'
[10.185s] Level 1:colcon.colcon_core.environment:checking '/home/fiborobotlab/Metamobot_ws/MetaMobot2024/install/mobotrun/lib/pkgconfig/mobotrun.pc'
[10.186s] Level 1:colcon.colcon_core.environment:checking '/home/fiborobotlab/Metamobot_ws/MetaMobot2024/install/mobotrun/lib/python3.8/site-packages'
[10.187s] Level 1:colcon.colcon_core.shell:create_environment_hook('mobotrun', 'pythonpath')
[10.188s] INFO:colcon.colcon_core.shell:Creating environment hook '/home/fiborobotlab/Metamobot_ws/MetaMobot2024/install/mobotrun/share/mobotrun/hook/pythonpath.ps1'
[10.191s] INFO:colcon.colcon_core.shell:Creating environment descriptor '/home/fiborobotlab/Metamobot_ws/MetaMobot2024/install/mobotrun/share/mobotrun/hook/pythonpath.dsv'
[10.193s] INFO:colcon.colcon_core.shell:Creating environment hook '/home/fiborobotlab/Metamobot_ws/MetaMobot2024/install/mobotrun/share/mobotrun/hook/pythonpath.sh'
[10.196s] Level 1:colcon.colcon_core.environment:checking '/home/fiborobotlab/Metamobot_ws/MetaMobot2024/install/mobotrun/bin'
[10.198s] INFO:colcon.colcon_core.shell:Creating package script '/home/fiborobotlab/Metamobot_ws/MetaMobot2024/install/mobotrun/share/mobotrun/package.ps1'
[10.202s] INFO:colcon.colcon_core.shell:Creating package descriptor '/home/fiborobotlab/Metamobot_ws/MetaMobot2024/install/mobotrun/share/mobotrun/package.dsv'
[10.205s] INFO:colcon.colcon_core.shell:Creating package script '/home/fiborobotlab/Metamobot_ws/MetaMobot2024/install/mobotrun/share/mobotrun/package.sh'
[10.208s] INFO:colcon.colcon_core.shell:Creating package script '/home/fiborobotlab/Metamobot_ws/MetaMobot2024/install/mobotrun/share/mobotrun/package.bash'
[10.210s] INFO:colcon.colcon_core.shell:Creating package script '/home/fiborobotlab/Metamobot_ws/MetaMobot2024/install/mobotrun/share/mobotrun/package.zsh'
[10.213s] Level 1:colcon.colcon_core.environment:create_file_with_runtime_dependencies(/home/fiborobotlab/Metamobot_ws/MetaMobot2024/install/mobotrun/share/colcon-core/packages/mobotrun)
[10.216s] DEBUG:colcon.colcon_parallel_executor.executor.parallel:closing loop
[10.220s] DEBUG:colcon.colcon_parallel_executor.executor.parallel:loop closed
[10.221s] DEBUG:colcon.colcon_parallel_executor.executor.parallel:run_until_complete finished with '0'
[10.222s] DEBUG:colcon.colcon_core.event_reactor:joining thread
[10.272s] INFO:colcon.colcon_core.plugin_system:Skipping extension 'colcon_notification.desktop_notification.terminal_notifier': Not used on non-Darwin systems
[10.273s] INFO:colcon.colcon_core.plugin_system:Skipping extension 'colcon_notification.desktop_notification.win32': Not used on non-Windows systems
[10.273s] INFO:colcon.colcon_notification.desktop_notification:Sending desktop notification using 'notify2'
[10.400s] DEBUG:colcon.colcon_core.event_reactor:joined thread
[10.402s] INFO:colcon.colcon_core.shell:Creating prefix script '/home/fiborobotlab/Metamobot_ws/MetaMobot2024/install/local_setup.ps1'
[10.411s] INFO:colcon.colcon_core.shell:Creating prefix util module '/home/fiborobotlab/Metamobot_ws/MetaMobot2024/install/_local_setup_util_ps1.py'
[10.423s] INFO:colcon.colcon_core.shell:Creating prefix chain script '/home/fiborobotlab/Metamobot_ws/MetaMobot2024/install/setup.ps1'
[10.456s] INFO:colcon.colcon_core.shell:Creating prefix script '/home/fiborobotlab/Metamobot_ws/MetaMobot2024/install/local_setup.sh'
[10.461s] INFO:colcon.colcon_core.shell:Creating prefix util module '/home/fiborobotlab/Metamobot_ws/MetaMobot2024/install/_local_setup_util_sh.py'
[10.464s] INFO:colcon.colcon_core.shell:Creating prefix chain script '/home/fiborobotlab/Metamobot_ws/MetaMobot2024/install/setup.sh'
[10.492s] INFO:colcon.colcon_core.shell:Creating prefix script '/home/fiborobotlab/Metamobot_ws/MetaMobot2024/install/local_setup.bash'
[10.496s] INFO:colcon.colcon_core.shell:Creating prefix chain script '/home/fiborobotlab/Metamobot_ws/MetaMobot2024/install/setup.bash'
[10.522s] INFO:colcon.colcon_core.shell:Creating prefix script '/home/fiborobotlab/Metamobot_ws/MetaMobot2024/install/local_setup.zsh'
[10.527s] INFO:colcon.colcon_core.shell:Creating prefix chain script '/home/fiborobotlab/Metamobot_ws/MetaMobot2024/install/setup.zsh'
