[1.127s] DEBUG:colcon:Command line arguments: ['/usr/bin/colcon', 'build']
[1.128s] DEBUG:colcon:Parsed command line arguments: Namespace(allow_overriding=[], ament_cmake_args=None, base_paths=['.'], build_base='build', catkin_cmake_args=None, catkin_skip_building_tests=False, cmake_args=None, cmake_clean_cache=False, cmake_clean_first=False, cmake_force_configure=False, cmake_target=None, cmake_target_skip_unavailable=False, continue_on_error=False, event_handlers=None, executor='parallel', ignore_user_meta=False, install_base='install', log_base=None, log_level=None, main=<bound method BuildVerb.main of <colcon_core.verb.build.BuildVerb object at 0xffffb06228e0>>, merge_install=False, metas=['./colcon.meta'], mixin=None, mixin_files=None, mixin_verb=('build',), packages_above=None, packages_above_and_dependencies=None, packages_above_depth=None, packages_end=None, packages_ignore=None, packages_ignore_regex=None, packages_select=None, packages_select_build_failed=False, packages_select_by_dep=None, packages_select_regex=None, packages_select_test_failures=False, packages_skip=None, packages_skip_build_finished=False, packages_skip_by_dep=None, packages_skip_regex=None, packages_skip_test_passed=False, packages_skip_up_to=None, packages_start=None, packages_up_to=None, packages_up_to_regex=None, parallel_workers=6, paths=None, symlink_install=False, test_result_base=None, verb_extension=<colcon_core.verb.build.BuildVerb object at 0xffffb06228e0>, verb_name='build', verb_parser=<colcon_mixin.mixin.mixin_argument.MixinArgumentDecorator object at 0xffffb0573160>)
[2.107s] Level 1:colcon.colcon_core.package_discovery:discover_packages(colcon_meta) check parameters
[2.108s] Level 1:colcon.colcon_core.package_discovery:discover_packages(recursive) check parameters
[2.108s] Level 1:colcon.colcon_core.package_discovery:discover_packages(ignore) check parameters
[2.108s] Level 1:colcon.colcon_core.package_discovery:discover_packages(path) check parameters
[2.108s] Level 1:colcon.colcon_core.package_discovery:discover_packages(colcon_meta) discover
[2.109s] Level 1:colcon.colcon_core.package_discovery:discover_packages(recursive) discover
[2.109s] INFO:colcon.colcon_core.package_discovery:Crawling recursively for packages in '/home/fiborobotlab/Metamobot_ws/MetaMobot2024'
[2.110s] Level 1:colcon.colcon_core.package_identification:_identify(.) by extensions ['ignore', 'ignore_ament_install']
[2.110s] Level 1:colcon.colcon_core.package_identification:_identify(.) by extension 'ignore'
[2.110s] Level 1:colcon.colcon_core.package_identification:_identify(.) by extension 'ignore_ament_install'
[2.111s] Level 1:colcon.colcon_core.package_identification:_identify(.) by extensions ['colcon_pkg']
[2.111s] Level 1:colcon.colcon_core.package_identification:_identify(.) by extension 'colcon_pkg'
[2.111s] Level 1:colcon.colcon_core.package_identification:_identify(.) by extensions ['colcon_meta']
[2.112s] Level 1:colcon.colcon_core.package_identification:_identify(.) by extension 'colcon_meta'
[2.112s] Level 1:colcon.colcon_core.package_identification:_identify(.) by extensions ['ros']
[2.112s] Level 1:colcon.colcon_core.package_identification:_identify(.) by extension 'ros'
[2.174s] Level 1:colcon.colcon_core.package_identification:_identify(.) by extensions ['cmake', 'python']
[2.175s] Level 1:colcon.colcon_core.package_identification:_identify(.) by extension 'cmake'
[2.175s] Level 1:colcon.colcon_core.package_identification:_identify(.) by extension 'python'
[2.175s] Level 1:colcon.colcon_core.package_identification:_identify(.) by extensions ['python_setup_py']
[2.176s] Level 1:colcon.colcon_core.package_identification:_identify(.) by extension 'python_setup_py'
[2.176s] Level 1:colcon.colcon_core.package_identification:_identify(build) by extensions ['ignore', 'ignore_ament_install']
[2.177s] Level 1:colcon.colcon_core.package_identification:_identify(build) by extension 'ignore'
[2.177s] Level 1:colcon.colcon_core.package_identification:_identify(build) ignored
[2.178s] Level 1:colcon.colcon_core.package_identification:_identify(install) by extensions ['ignore', 'ignore_ament_install']
[2.178s] Level 1:colcon.colcon_core.package_identification:_identify(install) by extension 'ignore'
[2.178s] Level 1:colcon.colcon_core.package_identification:_identify(install) ignored
[2.179s] Level 1:colcon.colcon_core.package_identification:_identify(log) by extensions ['ignore', 'ignore_ament_install']
[2.179s] Level 1:colcon.colcon_core.package_identification:_identify(log) by extension 'ignore'
[2.180s] Level 1:colcon.colcon_core.package_identification:_identify(log) ignored
[2.180s] Level 1:colcon.colcon_core.package_identification:_identify(src) by extensions ['ignore', 'ignore_ament_install']
[2.181s] Level 1:colcon.colcon_core.package_identification:_identify(src) by extension 'ignore'
[2.181s] Level 1:colcon.colcon_core.package_identification:_identify(src) by extension 'ignore_ament_install'
[2.181s] Level 1:colcon.colcon_core.package_identification:_identify(src) by extensions ['colcon_pkg']
[2.181s] Level 1:colcon.colcon_core.package_identification:_identify(src) by extension 'colcon_pkg'
[2.182s] Level 1:colcon.colcon_core.package_identification:_identify(src) by extensions ['colcon_meta']
[2.182s] Level 1:colcon.colcon_core.package_identification:_identify(src) by extension 'colcon_meta'
[2.182s] Level 1:colcon.colcon_core.package_identification:_identify(src) by extensions ['ros']
[2.182s] Level 1:colcon.colcon_core.package_identification:_identify(src) by extension 'ros'
[2.183s] Level 1:colcon.colcon_core.package_identification:_identify(src) by extensions ['cmake', 'python']
[2.183s] Level 1:colcon.colcon_core.package_identification:_identify(src) by extension 'cmake'
[2.183s] Level 1:colcon.colcon_core.package_identification:_identify(src) by extension 'python'
[2.184s] Level 1:colcon.colcon_core.package_identification:_identify(src) by extensions ['python_setup_py']
[2.184s] Level 1:colcon.colcon_core.package_identification:_identify(src) by extension 'python_setup_py'
[2.184s] Level 1:colcon.colcon_core.package_identification:_identify(src/mobotrun) by extensions ['ignore', 'ignore_ament_install']
[2.185s] Level 1:colcon.colcon_core.package_identification:_identify(src/mobotrun) by extension 'ignore'
[2.185s] Level 1:colcon.colcon_core.package_identification:_identify(src/mobotrun) by extension 'ignore_ament_install'
[2.186s] Level 1:colcon.colcon_core.package_identification:_identify(src/mobotrun) by extensions ['colcon_pkg']
[2.186s] Level 1:colcon.colcon_core.package_identification:_identify(src/mobotrun) by extension 'colcon_pkg'
[2.186s] Level 1:colcon.colcon_core.package_identification:_identify(src/mobotrun) by extensions ['colcon_meta']
[2.186s] Level 1:colcon.colcon_core.package_identification:_identify(src/mobotrun) by extension 'colcon_meta'
[2.186s] Level 1:colcon.colcon_core.package_identification:_identify(src/mobotrun) by extensions ['ros']
[2.187s] Level 1:colcon.colcon_core.package_identification:_identify(src/mobotrun) by extension 'ros'
[2.201s] DEBUG:colcon.colcon_core.package_identification:Package 'src/mobotrun' with type 'ros.ament_cmake' and name 'mobotrun'
[2.201s] Level 1:colcon.colcon_core.package_discovery:discover_packages(recursive) using defaults
[2.202s] Level 1:colcon.colcon_core.package_discovery:discover_packages(ignore) discover
[2.202s] Level 1:colcon.colcon_core.package_discovery:discover_packages(ignore) using defaults
[2.202s] Level 1:colcon.colcon_core.package_discovery:discover_packages(path) discover
[2.202s] Level 1:colcon.colcon_core.package_discovery:discover_packages(path) using defaults
[2.292s] Level 1:colcon.colcon_core.package_discovery:discover_packages(prefix_path) check parameters
[2.292s] Level 1:colcon.colcon_core.package_discovery:discover_packages(prefix_path) discover
[2.324s] DEBUG:colcon.colcon_installed_package_information.package_discovery:Found 21 installed packages in /home/fiborobotlab/Ros2_directoy/recon_ws/install
[2.328s] DEBUG:colcon.colcon_installed_package_information.package_discovery:Found 1 installed packages in /home/fiborobotlab/rplidar/install
[2.332s] DEBUG:colcon.colcon_installed_package_information.package_discovery:Found 13 installed packages in /home/fiborobotlab/manipulatorP_ws/install
[2.335s] DEBUG:colcon.colcon_installed_package_information.package_discovery:Found 3 installed packages in /home/fiborobotlab/dynamixel_ws/install
[2.339s] DEBUG:colcon.colcon_installed_package_information.package_discovery:Found 1 installed packages in /home/fiborobotlab/Metamobot_ws/MetaMobot2024/install
[2.342s] DEBUG:colcon.colcon_installed_package_information.package_discovery:Found 7 installed packages in /home/fiborobotlab/unitree_foxy/install
[2.352s] DEBUG:colcon.colcon_installed_package_information.package_discovery:Found 302 installed packages in /opt/ros/foxy
[2.403s] Level 1:colcon.colcon_core.package_discovery:discover_packages(prefix_path) using defaults
[2.885s] Level 5:colcon.colcon_core.verb:set package 'mobotrun' build argument 'cmake_args' from command line to 'None'
[2.886s] Level 5:colcon.colcon_core.verb:set package 'mobotrun' build argument 'cmake_target' from command line to 'None'
[2.886s] Level 5:colcon.colcon_core.verb:set package 'mobotrun' build argument 'cmake_target_skip_unavailable' from command line to 'False'
[2.886s] Level 5:colcon.colcon_core.verb:set package 'mobotrun' build argument 'cmake_clean_cache' from command line to 'False'
[2.886s] Level 5:colcon.colcon_core.verb:set package 'mobotrun' build argument 'cmake_clean_first' from command line to 'False'
[2.886s] Level 5:colcon.colcon_core.verb:set package 'mobotrun' build argument 'cmake_force_configure' from command line to 'False'
[2.887s] Level 5:colcon.colcon_core.verb:set package 'mobotrun' build argument 'ament_cmake_args' from command line to 'None'
[2.887s] Level 5:colcon.colcon_core.verb:set package 'mobotrun' build argument 'catkin_cmake_args' from command line to 'None'
[2.887s] Level 5:colcon.colcon_core.verb:set package 'mobotrun' build argument 'catkin_skip_building_tests' from command line to 'False'
[2.887s] DEBUG:colcon.colcon_core.verb:Building package 'mobotrun' with the following arguments: {'ament_cmake_args': None, 'build_base': '/home/fiborobotlab/Metamobot_ws/MetaMobot2024/build/mobotrun', 'catkin_cmake_args': None, 'catkin_skip_building_tests': False, 'cmake_args': None, 'cmake_clean_cache': False, 'cmake_clean_first': False, 'cmake_force_configure': False, 'cmake_target': None, 'cmake_target_skip_unavailable': False, 'install_base': '/home/fiborobotlab/Metamobot_ws/MetaMobot2024/install/mobotrun', 'merge_install': False, 'path': '/home/fiborobotlab/Metamobot_ws/MetaMobot2024/src/mobotrun', 'symlink_install': False, 'test_result_base': None}
[2.888s] INFO:colcon.colcon_core.executor:Executing jobs using 'parallel' executor
[2.893s] DEBUG:colcon.colcon_parallel_executor.executor.parallel:run_until_complete
[2.894s] INFO:colcon.colcon_ros.task.ament_cmake.build:Building ROS package in '/home/fiborobotlab/Metamobot_ws/MetaMobot2024/src/mobotrun' with build type 'ament_cmake'
[2.895s] INFO:colcon.colcon_cmake.task.cmake.build:Building CMake package in '/home/fiborobotlab/Metamobot_ws/MetaMobot2024/src/mobotrun'
[2.912s] INFO:colcon.colcon_core.plugin_system:Skipping extension 'colcon_core.shell.bat': Not used on non-Windows systems
[2.913s] INFO:colcon.colcon_core.shell:Skip shell extension 'powershell' for command environment: Not usable outside of PowerShell
[2.913s] DEBUG:colcon.colcon_core.shell:Skip shell extension 'dsv' for command environment
[3.017s] DEBUG:colcon.colcon_core.event_handler.log_command:Invoking command in '/home/fiborobotlab/Metamobot_ws/MetaMobot2024/build/mobotrun': CMAKE_PREFIX_PATH=/home/fiborobotlab/Ros2_directoy/recon_ws/install/zed_ros2:/home/fiborobotlab/Ros2_directoy/recon_ws/install/zed_robot_integration:/home/fiborobotlab/Ros2_directoy/recon_ws/install/zed_multi_camera:/home/fiborobotlab/Ros2_directoy/recon_ws/install/zed_display_rviz2:/home/fiborobotlab/Ros2_directoy/recon_ws/install/zed_depth_to_laserscan:/home/fiborobotlab/Ros2_directoy/recon_ws/install/zed_wrapper:/home/fiborobotlab/Ros2_directoy/recon_ws/install/zed_tutorial_video:/home/fiborobotlab/Ros2_directoy/recon_ws/install/zed_tutorial_pos_tracking:/home/fiborobotlab/Ros2_directoy/recon_ws/install/zed_tutorial_depth:/home/fiborobotlab/Ros2_directoy/recon_ws/install/zed_topic_benchmark_interfaces:/home/fiborobotlab/Ros2_directoy/recon_ws/install/zed_rgb_convert:/home/fiborobotlab/Ros2_directoy/recon_ws/install/zed_aruco_localization:/home/fiborobotlab/Ros2_directoy/recon_ws/install/zed_components:/home/fiborobotlab/Ros2_directoy/recon_ws/install/rviz_plugin_zed_od:/home/fiborobotlab/Ros2_directoy/recon_ws/install/zed_interfaces:/home/fiborobotlab/unitree_foxy/install/ros2_aruco:/opt/ros/foxy:/home/fiborobotlab/Ros2_directoy/recon_ws/install/rplidar_ros:/home/fiborobotlab/Ros2_directoy/recon_ws/install/recon_bot_mecanum_control:/home/fiborobotlab/Ros2_directoy/recon_ws/install/recon_bot_description:/home/fiborobotlab/Ros2_directoy/recon_ws/install/recon_bot_commnunication:/home/fiborobotlab/rplidar/install/sllidar_ros2:/home/fiborobotlab/manipulatorP_ws/install/open_manipulator_p:/home/fiborobotlab/manipulatorP_ws/install/open_manipulator_p_controller:/home/fiborobotlab/manipulatorP_ws/install/open_manipulator_p_libs:/home/fiborobotlab/manipulatorP_ws/install/robotis_manipulator:/home/fiborobotlab/manipulatorP_ws/install/open_manipulator_p_teleop:/home/fiborobotlab/manipulatorP_ws/install/open_manipulator_p_description:/home/fiborobotlab/manipulatorP_ws/install/open_manipulator_msgs:/home/fiborobotlab/manipulatorP_ws/install/dynamixel_workbench:/home/fiborobotlab/manipulatorP_ws/install/dynamixel_workbench_toolbox:/home/fiborobotlab/manipulatorP_ws/install/dynamixel_sdk_examples:/home/fiborobotlab/manipulatorP_ws/install/dynamixel_sdk_custom_interfaces:/home/fiborobotlab/manipulatorP_ws/install/dynamixel_sdk:/home/fiborobotlab/manipulatorP_ws/install/cmake_modules:/home/fiborobotlab/dynamixel_ws/install/dynamixel_sdk_examples:/home/fiborobotlab/dynamixel_ws/install/dynamixel_sdk_custom_interfaces:/home/fiborobotlab/dynamixel_ws/install/dynamixel_sdk:/home/fiborobotlab/Metamobot_ws/MetaMobot2024/install/mobotrun:/home/fiborobotlab/unitree_foxy/install/unitree_legged_real:/home/fiborobotlab/unitree_foxy/install/ros2_unitree_legged_msgs:/home/fiborobotlab/unitree_foxy/install/gscam2:/home/fiborobotlab/unitree_foxy/install/ros2_shared:/home/fiborobotlab/unitree_foxy/install/ros2_aruco_interfaces:/home/fiborobotlab/unitree_foxy/install/hand_detection NX_CONNECTION=10.61.2.24 51132 10.61.2.22 4000 /usr/bin/cmake /home/fiborobotlab/Metamobot_ws/MetaMobot2024/src/mobotrun -DCMAKE_INSTALL_PREFIX=/home/fiborobotlab/Metamobot_ws/MetaMobot2024/install/mobotrun
[7.446s] DEBUG:colcon.colcon_core.event_handler.log_command:Invoked command in '/home/fiborobotlab/Metamobot_ws/MetaMobot2024/build/mobotrun' returned '0': CMAKE_PREFIX_PATH=/home/fiborobotlab/Ros2_directoy/recon_ws/install/zed_ros2:/home/fiborobotlab/Ros2_directoy/recon_ws/install/zed_robot_integration:/home/fiborobotlab/Ros2_directoy/recon_ws/install/zed_multi_camera:/home/fiborobotlab/Ros2_directoy/recon_ws/install/zed_display_rviz2:/home/fiborobotlab/Ros2_directoy/recon_ws/install/zed_depth_to_laserscan:/home/fiborobotlab/Ros2_directoy/recon_ws/install/zed_wrapper:/home/fiborobotlab/Ros2_directoy/recon_ws/install/zed_tutorial_video:/home/fiborobotlab/Ros2_directoy/recon_ws/install/zed_tutorial_pos_tracking:/home/fiborobotlab/Ros2_directoy/recon_ws/install/zed_tutorial_depth:/home/fiborobotlab/Ros2_directoy/recon_ws/install/zed_topic_benchmark_interfaces:/home/fiborobotlab/Ros2_directoy/recon_ws/install/zed_rgb_convert:/home/fiborobotlab/Ros2_directoy/recon_ws/install/zed_aruco_localization:/home/fiborobotlab/Ros2_directoy/recon_ws/install/zed_components:/home/fiborobotlab/Ros2_directoy/recon_ws/install/rviz_plugin_zed_od:/home/fiborobotlab/Ros2_directoy/recon_ws/install/zed_interfaces:/home/fiborobotlab/unitree_foxy/install/ros2_aruco:/opt/ros/foxy:/home/fiborobotlab/Ros2_directoy/recon_ws/install/rplidar_ros:/home/fiborobotlab/Ros2_directoy/recon_ws/install/recon_bot_mecanum_control:/home/fiborobotlab/Ros2_directoy/recon_ws/install/recon_bot_description:/home/fiborobotlab/Ros2_directoy/recon_ws/install/recon_bot_commnunication:/home/fiborobotlab/rplidar/install/sllidar_ros2:/home/fiborobotlab/manipulatorP_ws/install/open_manipulator_p:/home/fiborobotlab/manipulatorP_ws/install/open_manipulator_p_controller:/home/fiborobotlab/manipulatorP_ws/install/open_manipulator_p_libs:/home/fiborobotlab/manipulatorP_ws/install/robotis_manipulator:/home/fiborobotlab/manipulatorP_ws/install/open_manipulator_p_teleop:/home/fiborobotlab/manipulatorP_ws/install/open_manipulator_p_description:/home/fiborobotlab/manipulatorP_ws/install/open_manipulator_msgs:/home/fiborobotlab/manipulatorP_ws/install/dynamixel_workbench:/home/fiborobotlab/manipulatorP_ws/install/dynamixel_workbench_toolbox:/home/fiborobotlab/manipulatorP_ws/install/dynamixel_sdk_examples:/home/fiborobotlab/manipulatorP_ws/install/dynamixel_sdk_custom_interfaces:/home/fiborobotlab/manipulatorP_ws/install/dynamixel_sdk:/home/fiborobotlab/manipulatorP_ws/install/cmake_modules:/home/fiborobotlab/dynamixel_ws/install/dynamixel_sdk_examples:/home/fiborobotlab/dynamixel_ws/install/dynamixel_sdk_custom_interfaces:/home/fiborobotlab/dynamixel_ws/install/dynamixel_sdk:/home/fiborobotlab/Metamobot_ws/MetaMobot2024/install/mobotrun:/home/fiborobotlab/unitree_foxy/install/unitree_legged_real:/home/fiborobotlab/unitree_foxy/install/ros2_unitree_legged_msgs:/home/fiborobotlab/unitree_foxy/install/gscam2:/home/fiborobotlab/unitree_foxy/install/ros2_shared:/home/fiborobotlab/unitree_foxy/install/ros2_aruco_interfaces:/home/fiborobotlab/unitree_foxy/install/hand_detection NX_CONNECTION=10.61.2.24 51132 10.61.2.22 4000 /usr/bin/cmake /home/fiborobotlab/Metamobot_ws/MetaMobot2024/src/mobotrun -DCMAKE_INSTALL_PREFIX=/home/fiborobotlab/Metamobot_ws/MetaMobot2024/install/mobotrun
[7.482s] DEBUG:colcon.colcon_core.event_handler.log_command:Invoking command in '/home/fiborobotlab/Metamobot_ws/MetaMobot2024/build/mobotrun': CMAKE_PREFIX_PATH=/home/fiborobotlab/Ros2_directoy/recon_ws/install/zed_ros2:/home/fiborobotlab/Ros2_directoy/recon_ws/install/zed_robot_integration:/home/fiborobotlab/Ros2_directoy/recon_ws/install/zed_multi_camera:/home/fiborobotlab/Ros2_directoy/recon_ws/install/zed_display_rviz2:/home/fiborobotlab/Ros2_directoy/recon_ws/install/zed_depth_to_laserscan:/home/fiborobotlab/Ros2_directoy/recon_ws/install/zed_wrapper:/home/fiborobotlab/Ros2_directoy/recon_ws/install/zed_tutorial_video:/home/fiborobotlab/Ros2_directoy/recon_ws/install/zed_tutorial_pos_tracking:/home/fiborobotlab/Ros2_directoy/recon_ws/install/zed_tutorial_depth:/home/fiborobotlab/Ros2_directoy/recon_ws/install/zed_topic_benchmark_interfaces:/home/fiborobotlab/Ros2_directoy/recon_ws/install/zed_rgb_convert:/home/fiborobotlab/Ros2_directoy/recon_ws/install/zed_aruco_localization:/home/fiborobotlab/Ros2_directoy/recon_ws/install/zed_components:/home/fiborobotlab/Ros2_directoy/recon_ws/install/rviz_plugin_zed_od:/home/fiborobotlab/Ros2_directoy/recon_ws/install/zed_interfaces:/home/fiborobotlab/unitree_foxy/install/ros2_aruco:/opt/ros/foxy:/home/fiborobotlab/Ros2_directoy/recon_ws/install/rplidar_ros:/home/fiborobotlab/Ros2_directoy/recon_ws/install/recon_bot_mecanum_control:/home/fiborobotlab/Ros2_directoy/recon_ws/install/recon_bot_description:/home/fiborobotlab/Ros2_directoy/recon_ws/install/recon_bot_commnunication:/home/fiborobotlab/rplidar/install/sllidar_ros2:/home/fiborobotlab/manipulatorP_ws/install/open_manipulator_p:/home/fiborobotlab/manipulatorP_ws/install/open_manipulator_p_controller:/home/fiborobotlab/manipulatorP_ws/install/open_manipulator_p_libs:/home/fiborobotlab/manipulatorP_ws/install/robotis_manipulator:/home/fiborobotlab/manipulatorP_ws/install/open_manipulator_p_teleop:/home/fiborobotlab/manipulatorP_ws/install/open_manipulator_p_description:/home/fiborobotlab/manipulatorP_ws/install/open_manipulator_msgs:/home/fiborobotlab/manipulatorP_ws/install/dynamixel_workbench:/home/fiborobotlab/manipulatorP_ws/install/dynamixel_workbench_toolbox:/home/fiborobotlab/manipulatorP_ws/install/dynamixel_sdk_examples:/home/fiborobotlab/manipulatorP_ws/install/dynamixel_sdk_custom_interfaces:/home/fiborobotlab/manipulatorP_ws/install/dynamixel_sdk:/home/fiborobotlab/manipulatorP_ws/install/cmake_modules:/home/fiborobotlab/dynamixel_ws/install/dynamixel_sdk_examples:/home/fiborobotlab/dynamixel_ws/install/dynamixel_sdk_custom_interfaces:/home/fiborobotlab/dynamixel_ws/install/dynamixel_sdk:/home/fiborobotlab/Metamobot_ws/MetaMobot2024/install/mobotrun:/home/fiborobotlab/unitree_foxy/install/unitree_legged_real:/home/fiborobotlab/unitree_foxy/install/ros2_unitree_legged_msgs:/home/fiborobotlab/unitree_foxy/install/gscam2:/home/fiborobotlab/unitree_foxy/install/ros2_shared:/home/fiborobotlab/unitree_foxy/install/ros2_aruco_interfaces:/home/fiborobotlab/unitree_foxy/install/hand_detection NX_CONNECTION=10.61.2.24 51132 10.61.2.22 4000 /usr/bin/cmake --build /home/fiborobotlab/Metamobot_ws/MetaMobot2024/build/mobotrun -- -j6 -l6
[8.030s] DEBUG:colcon.colcon_core.event_handler.log_command:Invoked command in '/home/fiborobotlab/Metamobot_ws/MetaMobot2024/build/mobotrun' returned '0': CMAKE_PREFIX_PATH=/home/fiborobotlab/Ros2_directoy/recon_ws/install/zed_ros2:/home/fiborobotlab/Ros2_directoy/recon_ws/install/zed_robot_integration:/home/fiborobotlab/Ros2_directoy/recon_ws/install/zed_multi_camera:/home/fiborobotlab/Ros2_directoy/recon_ws/install/zed_display_rviz2:/home/fiborobotlab/Ros2_directoy/recon_ws/install/zed_depth_to_laserscan:/home/fiborobotlab/Ros2_directoy/recon_ws/install/zed_wrapper:/home/fiborobotlab/Ros2_directoy/recon_ws/install/zed_tutorial_video:/home/fiborobotlab/Ros2_directoy/recon_ws/install/zed_tutorial_pos_tracking:/home/fiborobotlab/Ros2_directoy/recon_ws/install/zed_tutorial_depth:/home/fiborobotlab/Ros2_directoy/recon_ws/install/zed_topic_benchmark_interfaces:/home/fiborobotlab/Ros2_directoy/recon_ws/install/zed_rgb_convert:/home/fiborobotlab/Ros2_directoy/recon_ws/install/zed_aruco_localization:/home/fiborobotlab/Ros2_directoy/recon_ws/install/zed_components:/home/fiborobotlab/Ros2_directoy/recon_ws/install/rviz_plugin_zed_od:/home/fiborobotlab/Ros2_directoy/recon_ws/install/zed_interfaces:/home/fiborobotlab/unitree_foxy/install/ros2_aruco:/opt/ros/foxy:/home/fiborobotlab/Ros2_directoy/recon_ws/install/rplidar_ros:/home/fiborobotlab/Ros2_directoy/recon_ws/install/recon_bot_mecanum_control:/home/fiborobotlab/Ros2_directoy/recon_ws/install/recon_bot_description:/home/fiborobotlab/Ros2_directoy/recon_ws/install/recon_bot_commnunication:/home/fiborobotlab/rplidar/install/sllidar_ros2:/home/fiborobotlab/manipulatorP_ws/install/open_manipulator_p:/home/fiborobotlab/manipulatorP_ws/install/open_manipulator_p_controller:/home/fiborobotlab/manipulatorP_ws/install/open_manipulator_p_libs:/home/fiborobotlab/manipulatorP_ws/install/robotis_manipulator:/home/fiborobotlab/manipulatorP_ws/install/open_manipulator_p_teleop:/home/fiborobotlab/manipulatorP_ws/install/open_manipulator_p_description:/home/fiborobotlab/manipulatorP_ws/install/open_manipulator_msgs:/home/fiborobotlab/manipulatorP_ws/install/dynamixel_workbench:/home/fiborobotlab/manipulatorP_ws/install/dynamixel_workbench_toolbox:/home/fiborobotlab/manipulatorP_ws/install/dynamixel_sdk_examples:/home/fiborobotlab/manipulatorP_ws/install/dynamixel_sdk_custom_interfaces:/home/fiborobotlab/manipulatorP_ws/install/dynamixel_sdk:/home/fiborobotlab/manipulatorP_ws/install/cmake_modules:/home/fiborobotlab/dynamixel_ws/install/dynamixel_sdk_examples:/home/fiborobotlab/dynamixel_ws/install/dynamixel_sdk_custom_interfaces:/home/fiborobotlab/dynamixel_ws/install/dynamixel_sdk:/home/fiborobotlab/Metamobot_ws/MetaMobot2024/install/mobotrun:/home/fiborobotlab/unitree_foxy/install/unitree_legged_real:/home/fiborobotlab/unitree_foxy/install/ros2_unitree_legged_msgs:/home/fiborobotlab/unitree_foxy/install/gscam2:/home/fiborobotlab/unitree_foxy/install/ros2_shared:/home/fiborobotlab/unitree_foxy/install/ros2_aruco_interfaces:/home/fiborobotlab/unitree_foxy/install/hand_detection NX_CONNECTION=10.61.2.24 51132 10.61.2.22 4000 /usr/bin/cmake --build /home/fiborobotlab/Metamobot_ws/MetaMobot2024/build/mobotrun -- -j6 -l6
[8.417s] DEBUG:colcon.colcon_core.event_handler.log_command:Invoking command in '/home/fiborobotlab/Metamobot_ws/MetaMobot2024/build/mobotrun': CMAKE_PREFIX_PATH=/home/fiborobotlab/Ros2_directoy/recon_ws/install/zed_ros2:/home/fiborobotlab/Ros2_directoy/recon_ws/install/zed_robot_integration:/home/fiborobotlab/Ros2_directoy/recon_ws/install/zed_multi_camera:/home/fiborobotlab/Ros2_directoy/recon_ws/install/zed_display_rviz2:/home/fiborobotlab/Ros2_directoy/recon_ws/install/zed_depth_to_laserscan:/home/fiborobotlab/Ros2_directoy/recon_ws/install/zed_wrapper:/home/fiborobotlab/Ros2_directoy/recon_ws/install/zed_tutorial_video:/home/fiborobotlab/Ros2_directoy/recon_ws/install/zed_tutorial_pos_tracking:/home/fiborobotlab/Ros2_directoy/recon_ws/install/zed_tutorial_depth:/home/fiborobotlab/Ros2_directoy/recon_ws/install/zed_topic_benchmark_interfaces:/home/fiborobotlab/Ros2_directoy/recon_ws/install/zed_rgb_convert:/home/fiborobotlab/Ros2_directoy/recon_ws/install/zed_aruco_localization:/home/fiborobotlab/Ros2_directoy/recon_ws/install/zed_components:/home/fiborobotlab/Ros2_directoy/recon_ws/install/rviz_plugin_zed_od:/home/fiborobotlab/Ros2_directoy/recon_ws/install/zed_interfaces:/home/fiborobotlab/unitree_foxy/install/ros2_aruco:/opt/ros/foxy:/home/fiborobotlab/Ros2_directoy/recon_ws/install/rplidar_ros:/home/fiborobotlab/Ros2_directoy/recon_ws/install/recon_bot_mecanum_control:/home/fiborobotlab/Ros2_directoy/recon_ws/install/recon_bot_description:/home/fiborobotlab/Ros2_directoy/recon_ws/install/recon_bot_commnunication:/home/fiborobotlab/rplidar/install/sllidar_ros2:/home/fiborobotlab/manipulatorP_ws/install/open_manipulator_p:/home/fiborobotlab/manipulatorP_ws/install/open_manipulator_p_controller:/home/fiborobotlab/manipulatorP_ws/install/open_manipulator_p_libs:/home/fiborobotlab/manipulatorP_ws/install/robotis_manipulator:/home/fiborobotlab/manipulatorP_ws/install/open_manipulator_p_teleop:/home/fiborobotlab/manipulatorP_ws/install/open_manipulator_p_description:/home/fiborobotlab/manipulatorP_ws/install/open_manipulator_msgs:/home/fiborobotlab/manipulatorP_ws/install/dynamixel_workbench:/home/fiborobotlab/manipulatorP_ws/install/dynamixel_workbench_toolbox:/home/fiborobotlab/manipulatorP_ws/install/dynamixel_sdk_examples:/home/fiborobotlab/manipulatorP_ws/install/dynamixel_sdk_custom_interfaces:/home/fiborobotlab/manipulatorP_ws/install/dynamixel_sdk:/home/fiborobotlab/manipulatorP_ws/install/cmake_modules:/home/fiborobotlab/dynamixel_ws/install/dynamixel_sdk_examples:/home/fiborobotlab/dynamixel_ws/install/dynamixel_sdk_custom_interfaces:/home/fiborobotlab/dynamixel_ws/install/dynamixel_sdk:/home/fiborobotlab/Metamobot_ws/MetaMobot2024/install/mobotrun:/home/fiborobotlab/unitree_foxy/install/unitree_legged_real:/home/fiborobotlab/unitree_foxy/install/ros2_unitree_legged_msgs:/home/fiborobotlab/unitree_foxy/install/gscam2:/home/fiborobotlab/unitree_foxy/install/ros2_shared:/home/fiborobotlab/unitree_foxy/install/ros2_aruco_interfaces:/home/fiborobotlab/unitree_foxy/install/hand_detection NX_CONNECTION=10.61.2.24 51132 10.61.2.22 4000 /usr/bin/cmake --install /home/fiborobotlab/Metamobot_ws/MetaMobot2024/build/mobotrun
[8.983s] Level 1:colcon.colcon_core.environment:create_environment_scripts_only(mobotrun)
[8.999s] DEBUG:colcon.colcon_core.event_handler.log_command:Invoked command in '/home/fiborobotlab/Metamobot_ws/MetaMobot2024/build/mobotrun' returned '0': CMAKE_PREFIX_PATH=/home/fiborobotlab/Ros2_directoy/recon_ws/install/zed_ros2:/home/fiborobotlab/Ros2_directoy/recon_ws/install/zed_robot_integration:/home/fiborobotlab/Ros2_directoy/recon_ws/install/zed_multi_camera:/home/fiborobotlab/Ros2_directoy/recon_ws/install/zed_display_rviz2:/home/fiborobotlab/Ros2_directoy/recon_ws/install/zed_depth_to_laserscan:/home/fiborobotlab/Ros2_directoy/recon_ws/install/zed_wrapper:/home/fiborobotlab/Ros2_directoy/recon_ws/install/zed_tutorial_video:/home/fiborobotlab/Ros2_directoy/recon_ws/install/zed_tutorial_pos_tracking:/home/fiborobotlab/Ros2_directoy/recon_ws/install/zed_tutorial_depth:/home/fiborobotlab/Ros2_directoy/recon_ws/install/zed_topic_benchmark_interfaces:/home/fiborobotlab/Ros2_directoy/recon_ws/install/zed_rgb_convert:/home/fiborobotlab/Ros2_directoy/recon_ws/install/zed_aruco_localization:/home/fiborobotlab/Ros2_directoy/recon_ws/install/zed_components:/home/fiborobotlab/Ros2_directoy/recon_ws/install/rviz_plugin_zed_od:/home/fiborobotlab/Ros2_directoy/recon_ws/install/zed_interfaces:/home/fiborobotlab/unitree_foxy/install/ros2_aruco:/opt/ros/foxy:/home/fiborobotlab/Ros2_directoy/recon_ws/install/rplidar_ros:/home/fiborobotlab/Ros2_directoy/recon_ws/install/recon_bot_mecanum_control:/home/fiborobotlab/Ros2_directoy/recon_ws/install/recon_bot_description:/home/fiborobotlab/Ros2_directoy/recon_ws/install/recon_bot_commnunication:/home/fiborobotlab/rplidar/install/sllidar_ros2:/home/fiborobotlab/manipulatorP_ws/install/open_manipulator_p:/home/fiborobotlab/manipulatorP_ws/install/open_manipulator_p_controller:/home/fiborobotlab/manipulatorP_ws/install/open_manipulator_p_libs:/home/fiborobotlab/manipulatorP_ws/install/robotis_manipulator:/home/fiborobotlab/manipulatorP_ws/install/open_manipulator_p_teleop:/home/fiborobotlab/manipulatorP_ws/install/open_manipulator_p_description:/home/fiborobotlab/manipulatorP_ws/install/open_manipulator_msgs:/home/fiborobotlab/manipulatorP_ws/install/dynamixel_workbench:/home/fiborobotlab/manipulatorP_ws/install/dynamixel_workbench_toolbox:/home/fiborobotlab/manipulatorP_ws/install/dynamixel_sdk_examples:/home/fiborobotlab/manipulatorP_ws/install/dynamixel_sdk_custom_interfaces:/home/fiborobotlab/manipulatorP_ws/install/dynamixel_sdk:/home/fiborobotlab/manipulatorP_ws/install/cmake_modules:/home/fiborobotlab/dynamixel_ws/install/dynamixel_sdk_examples:/home/fiborobotlab/dynamixel_ws/install/dynamixel_sdk_custom_interfaces:/home/fiborobotlab/dynamixel_ws/install/dynamixel_sdk:/home/fiborobotlab/Metamobot_ws/MetaMobot2024/install/mobotrun:/home/fiborobotlab/unitree_foxy/install/unitree_legged_real:/home/fiborobotlab/unitree_foxy/install/ros2_unitree_legged_msgs:/home/fiborobotlab/unitree_foxy/install/gscam2:/home/fiborobotlab/unitree_foxy/install/ros2_shared:/home/fiborobotlab/unitree_foxy/install/ros2_aruco_interfaces:/home/fiborobotlab/unitree_foxy/install/hand_detection NX_CONNECTION=10.61.2.24 51132 10.61.2.22 4000 /usr/bin/cmake --install /home/fiborobotlab/Metamobot_ws/MetaMobot2024/build/mobotrun
[9.047s] Level 1:colcon.colcon_core.environment:checking '/home/fiborobotlab/Metamobot_ws/MetaMobot2024/install/mobotrun' for CMake module files
[9.051s] Level 1:colcon.colcon_core.environment:checking '/home/fiborobotlab/Metamobot_ws/MetaMobot2024/install/mobotrun' for CMake config files
[9.054s] Level 1:colcon.colcon_core.shell:create_environment_hook('mobotrun', 'cmake_prefix_path')
[9.056s] INFO:colcon.colcon_core.shell:Creating environment hook '/home/fiborobotlab/Metamobot_ws/MetaMobot2024/install/mobotrun/share/mobotrun/hook/cmake_prefix_path.ps1'
[9.062s] INFO:colcon.colcon_core.shell:Creating environment descriptor '/home/fiborobotlab/Metamobot_ws/MetaMobot2024/install/mobotrun/share/mobotrun/hook/cmake_prefix_path.dsv'
[9.065s] INFO:colcon.colcon_core.shell:Creating environment hook '/home/fiborobotlab/Metamobot_ws/MetaMobot2024/install/mobotrun/share/mobotrun/hook/cmake_prefix_path.sh'
[9.070s] Level 1:colcon.colcon_core.environment:checking '/home/fiborobotlab/Metamobot_ws/MetaMobot2024/install/mobotrun/lib'
[9.071s] Level 1:colcon.colcon_core.environment:checking '/home/fiborobotlab/Metamobot_ws/MetaMobot2024/install/mobotrun/bin'
[9.072s] Level 1:colcon.colcon_core.environment:checking '/home/fiborobotlab/Metamobot_ws/MetaMobot2024/install/mobotrun/lib/pkgconfig/mobotrun.pc'
[9.073s] Level 1:colcon.colcon_core.environment:checking '/home/fiborobotlab/Metamobot_ws/MetaMobot2024/install/mobotrun/lib/python3.8/site-packages'
[9.074s] Level 1:colcon.colcon_core.shell:create_environment_hook('mobotrun', 'pythonpath')
[9.075s] INFO:colcon.colcon_core.shell:Creating environment hook '/home/fiborobotlab/Metamobot_ws/MetaMobot2024/install/mobotrun/share/mobotrun/hook/pythonpath.ps1'
[9.077s] INFO:colcon.colcon_core.shell:Creating environment descriptor '/home/fiborobotlab/Metamobot_ws/MetaMobot2024/install/mobotrun/share/mobotrun/hook/pythonpath.dsv'
[9.079s] INFO:colcon.colcon_core.shell:Creating environment hook '/home/fiborobotlab/Metamobot_ws/MetaMobot2024/install/mobotrun/share/mobotrun/hook/pythonpath.sh'
[9.082s] Level 1:colcon.colcon_core.environment:checking '/home/fiborobotlab/Metamobot_ws/MetaMobot2024/install/mobotrun/bin'
[9.084s] INFO:colcon.colcon_core.shell:Creating package script '/home/fiborobotlab/Metamobot_ws/MetaMobot2024/install/mobotrun/share/mobotrun/package.ps1'
[9.089s] INFO:colcon.colcon_core.shell:Creating package descriptor '/home/fiborobotlab/Metamobot_ws/MetaMobot2024/install/mobotrun/share/mobotrun/package.dsv'
[9.093s] INFO:colcon.colcon_core.shell:Creating package script '/home/fiborobotlab/Metamobot_ws/MetaMobot2024/install/mobotrun/share/mobotrun/package.sh'
[9.097s] INFO:colcon.colcon_core.shell:Creating package script '/home/fiborobotlab/Metamobot_ws/MetaMobot2024/install/mobotrun/share/mobotrun/package.bash'
[9.102s] INFO:colcon.colcon_core.shell:Creating package script '/home/fiborobotlab/Metamobot_ws/MetaMobot2024/install/mobotrun/share/mobotrun/package.zsh'
[9.108s] Level 1:colcon.colcon_core.environment:create_file_with_runtime_dependencies(/home/fiborobotlab/Metamobot_ws/MetaMobot2024/install/mobotrun/share/colcon-core/packages/mobotrun)
[9.350s] Level 1:colcon.colcon_core.environment:create_environment_scripts_only(mobotrun)
[9.360s] Level 1:colcon.colcon_core.environment:checking '/home/fiborobotlab/Metamobot_ws/MetaMobot2024/install/mobotrun' for CMake module files
[9.371s] Level 1:colcon.colcon_core.environment:checking '/home/fiborobotlab/Metamobot_ws/MetaMobot2024/install/mobotrun' for CMake config files
[9.374s] Level 1:colcon.colcon_core.shell:create_environment_hook('mobotrun', 'cmake_prefix_path')
[9.375s] INFO:colcon.colcon_core.shell:Creating environment hook '/home/fiborobotlab/Metamobot_ws/MetaMobot2024/install/mobotrun/share/mobotrun/hook/cmake_prefix_path.ps1'
[9.380s] INFO:colcon.colcon_core.shell:Creating environment descriptor '/home/fiborobotlab/Metamobot_ws/MetaMobot2024/install/mobotrun/share/mobotrun/hook/cmake_prefix_path.dsv'
[9.382s] INFO:colcon.colcon_core.shell:Creating environment hook '/home/fiborobotlab/Metamobot_ws/MetaMobot2024/install/mobotrun/share/mobotrun/hook/cmake_prefix_path.sh'
[9.386s] Level 1:colcon.colcon_core.environment:checking '/home/fiborobotlab/Metamobot_ws/MetaMobot2024/install/mobotrun/lib'
[9.386s] Level 1:colcon.colcon_core.environment:checking '/home/fiborobotlab/Metamobot_ws/MetaMobot2024/install/mobotrun/bin'
[9.387s] Level 1:colcon.colcon_core.environment:checking '/home/fiborobotlab/Metamobot_ws/MetaMobot2024/install/mobotrun/lib/pkgconfig/mobotrun.pc'
[9.388s] Level 1:colcon.colcon_core.environment:checking '/home/fiborobotlab/Metamobot_ws/MetaMobot2024/install/mobotrun/lib/python3.8/site-packages'
[9.389s] Level 1:colcon.colcon_core.shell:create_environment_hook('mobotrun', 'pythonpath')
[9.390s] INFO:colcon.colcon_core.shell:Creating environment hook '/home/fiborobotlab/Metamobot_ws/MetaMobot2024/install/mobotrun/share/mobotrun/hook/pythonpath.ps1'
[9.392s] INFO:colcon.colcon_core.shell:Creating environment descriptor '/home/fiborobotlab/Metamobot_ws/MetaMobot2024/install/mobotrun/share/mobotrun/hook/pythonpath.dsv'
[9.394s] INFO:colcon.colcon_core.shell:Creating environment hook '/home/fiborobotlab/Metamobot_ws/MetaMobot2024/install/mobotrun/share/mobotrun/hook/pythonpath.sh'
[9.397s] Level 1:colcon.colcon_core.environment:checking '/home/fiborobotlab/Metamobot_ws/MetaMobot2024/install/mobotrun/bin'
[9.399s] INFO:colcon.colcon_core.shell:Creating package script '/home/fiborobotlab/Metamobot_ws/MetaMobot2024/install/mobotrun/share/mobotrun/package.ps1'
[9.417s] INFO:colcon.colcon_core.shell:Creating package descriptor '/home/fiborobotlab/Metamobot_ws/MetaMobot2024/install/mobotrun/share/mobotrun/package.dsv'
[9.421s] INFO:colcon.colcon_core.shell:Creating package script '/home/fiborobotlab/Metamobot_ws/MetaMobot2024/install/mobotrun/share/mobotrun/package.sh'
[9.424s] INFO:colcon.colcon_core.shell:Creating package script '/home/fiborobotlab/Metamobot_ws/MetaMobot2024/install/mobotrun/share/mobotrun/package.bash'
[9.427s] INFO:colcon.colcon_core.shell:Creating package script '/home/fiborobotlab/Metamobot_ws/MetaMobot2024/install/mobotrun/share/mobotrun/package.zsh'
[9.429s] Level 1:colcon.colcon_core.environment:create_file_with_runtime_dependencies(/home/fiborobotlab/Metamobot_ws/MetaMobot2024/install/mobotrun/share/colcon-core/packages/mobotrun)
[9.431s] DEBUG:colcon.colcon_parallel_executor.executor.parallel:closing loop
[9.434s] DEBUG:colcon.colcon_parallel_executor.executor.parallel:loop closed
[9.435s] DEBUG:colcon.colcon_parallel_executor.executor.parallel:run_until_complete finished with '0'
[9.435s] DEBUG:colcon.colcon_core.event_reactor:joining thread
[9.476s] INFO:colcon.colcon_core.plugin_system:Skipping extension 'colcon_notification.desktop_notification.terminal_notifier': Not used on non-Darwin systems
[9.476s] INFO:colcon.colcon_core.plugin_system:Skipping extension 'colcon_notification.desktop_notification.win32': Not used on non-Windows systems
[9.477s] INFO:colcon.colcon_notification.desktop_notification:Sending desktop notification using 'notify2'
[9.601s] DEBUG:colcon.colcon_core.event_reactor:joined thread
[9.603s] INFO:colcon.colcon_core.shell:Creating prefix script '/home/fiborobotlab/Metamobot_ws/MetaMobot2024/install/local_setup.ps1'
[9.609s] INFO:colcon.colcon_core.shell:Creating prefix util module '/home/fiborobotlab/Metamobot_ws/MetaMobot2024/install/_local_setup_util_ps1.py'
[9.617s] INFO:colcon.colcon_core.shell:Creating prefix chain script '/home/fiborobotlab/Metamobot_ws/MetaMobot2024/install/setup.ps1'
[9.651s] INFO:colcon.colcon_core.shell:Creating prefix script '/home/fiborobotlab/Metamobot_ws/MetaMobot2024/install/local_setup.sh'
[9.655s] INFO:colcon.colcon_core.shell:Creating prefix util module '/home/fiborobotlab/Metamobot_ws/MetaMobot2024/install/_local_setup_util_sh.py'
[9.659s] INFO:colcon.colcon_core.shell:Creating prefix chain script '/home/fiborobotlab/Metamobot_ws/MetaMobot2024/install/setup.sh'
[9.685s] INFO:colcon.colcon_core.shell:Creating prefix script '/home/fiborobotlab/Metamobot_ws/MetaMobot2024/install/local_setup.bash'
[9.689s] INFO:colcon.colcon_core.shell:Creating prefix chain script '/home/fiborobotlab/Metamobot_ws/MetaMobot2024/install/setup.bash'
[9.715s] INFO:colcon.colcon_core.shell:Creating prefix script '/home/fiborobotlab/Metamobot_ws/MetaMobot2024/install/local_setup.zsh'
[9.721s] INFO:colcon.colcon_core.shell:Creating prefix chain script '/home/fiborobotlab/Metamobot_ws/MetaMobot2024/install/setup.zsh'
