[1.102s] DEBUG:colcon:Command line arguments: ['/usr/bin/colcon', 'build', '--symlink-install']
[1.103s] DEBUG:colcon:Parsed command line arguments: Namespace(allow_overriding=[], ament_cmake_args=None, base_paths=['.'], build_base='build', catkin_cmake_args=None, catkin_skip_building_tests=False, cmake_args=None, cmake_clean_cache=False, cmake_clean_first=False, cmake_force_configure=False, cmake_target=None, cmake_target_skip_unavailable=False, continue_on_error=False, event_handlers=None, executor='parallel', ignore_user_meta=False, install_base='install', log_base=None, log_level=None, main=<bound method BuildVerb.main of <colcon_core.verb.build.BuildVerb object at 0xffff88b79520>>, merge_install=False, metas=['./colcon.meta'], mixin=None, mixin_files=None, mixin_verb=('build',), packages_above=None, packages_above_and_dependencies=None, packages_above_depth=None, packages_end=None, packages_ignore=None, packages_ignore_regex=None, packages_select=None, packages_select_build_failed=False, packages_select_by_dep=None, packages_select_regex=None, packages_select_test_failures=False, packages_skip=None, packages_skip_build_finished=False, packages_skip_by_dep=None, packages_skip_regex=None, packages_skip_test_passed=False, packages_skip_up_to=None, packages_start=None, packages_up_to=None, packages_up_to_regex=None, parallel_workers=6, paths=None, symlink_install=True, test_result_base=None, verb_extension=<colcon_core.verb.build.BuildVerb object at 0xffff88b79520>, verb_name='build', verb_parser=<colcon_mixin.mixin.mixin_argument.MixinArgumentDecorator object at 0xffff88b79a00>)
[1.975s] Level 1:colcon.colcon_core.package_discovery:discover_packages(colcon_meta) check parameters
[1.976s] Level 1:colcon.colcon_core.package_discovery:discover_packages(recursive) check parameters
[1.976s] Level 1:colcon.colcon_core.package_discovery:discover_packages(ignore) check parameters
[1.976s] Level 1:colcon.colcon_core.package_discovery:discover_packages(path) check parameters
[1.976s] Level 1:colcon.colcon_core.package_discovery:discover_packages(colcon_meta) discover
[1.977s] Level 1:colcon.colcon_core.package_discovery:discover_packages(recursive) discover
[1.977s] INFO:colcon.colcon_core.package_discovery:Crawling recursively for packages in '/home/fiborobotlab/Metamobot_ws/MetaMobot2024'
[1.977s] Level 1:colcon.colcon_core.package_identification:_identify(.) by extensions ['ignore', 'ignore_ament_install']
[1.978s] Level 1:colcon.colcon_core.package_identification:_identify(.) by extension 'ignore'
[1.978s] Level 1:colcon.colcon_core.package_identification:_identify(.) by extension 'ignore_ament_install'
[1.978s] Level 1:colcon.colcon_core.package_identification:_identify(.) by extensions ['colcon_pkg']
[1.979s] Level 1:colcon.colcon_core.package_identification:_identify(.) by extension 'colcon_pkg'
[1.979s] Level 1:colcon.colcon_core.package_identification:_identify(.) by extensions ['colcon_meta']
[1.979s] Level 1:colcon.colcon_core.package_identification:_identify(.) by extension 'colcon_meta'
[1.979s] Level 1:colcon.colcon_core.package_identification:_identify(.) by extensions ['ros']
[1.979s] Level 1:colcon.colcon_core.package_identification:_identify(.) by extension 'ros'
[2.037s] Level 1:colcon.colcon_core.package_identification:_identify(.) by extensions ['cmake', 'python']
[2.037s] Level 1:colcon.colcon_core.package_identification:_identify(.) by extension 'cmake'
[2.037s] Level 1:colcon.colcon_core.package_identification:_identify(.) by extension 'python'
[2.037s] Level 1:colcon.colcon_core.package_identification:_identify(.) by extensions ['python_setup_py']
[2.038s] Level 1:colcon.colcon_core.package_identification:_identify(.) by extension 'python_setup_py'
[2.038s] Level 1:colcon.colcon_core.package_identification:_identify(build) by extensions ['ignore', 'ignore_ament_install']
[2.039s] Level 1:colcon.colcon_core.package_identification:_identify(build) by extension 'ignore'
[2.039s] Level 1:colcon.colcon_core.package_identification:_identify(build) ignored
[2.040s] Level 1:colcon.colcon_core.package_identification:_identify(install) by extensions ['ignore', 'ignore_ament_install']
[2.040s] Level 1:colcon.colcon_core.package_identification:_identify(install) by extension 'ignore'
[2.040s] Level 1:colcon.colcon_core.package_identification:_identify(install) ignored
[2.041s] Level 1:colcon.colcon_core.package_identification:_identify(log) by extensions ['ignore', 'ignore_ament_install']
[2.041s] Level 1:colcon.colcon_core.package_identification:_identify(log) by extension 'ignore'
[2.042s] Level 1:colcon.colcon_core.package_identification:_identify(log) ignored
[2.042s] Level 1:colcon.colcon_core.package_identification:_identify(src) by extensions ['ignore', 'ignore_ament_install']
[2.042s] Level 1:colcon.colcon_core.package_identification:_identify(src) by extension 'ignore'
[2.043s] Level 1:colcon.colcon_core.package_identification:_identify(src) by extension 'ignore_ament_install'
[2.043s] Level 1:colcon.colcon_core.package_identification:_identify(src) by extensions ['colcon_pkg']
[2.043s] Level 1:colcon.colcon_core.package_identification:_identify(src) by extension 'colcon_pkg'
[2.043s] Level 1:colcon.colcon_core.package_identification:_identify(src) by extensions ['colcon_meta']
[2.043s] Level 1:colcon.colcon_core.package_identification:_identify(src) by extension 'colcon_meta'
[2.044s] Level 1:colcon.colcon_core.package_identification:_identify(src) by extensions ['ros']
[2.044s] Level 1:colcon.colcon_core.package_identification:_identify(src) by extension 'ros'
[2.044s] Level 1:colcon.colcon_core.package_identification:_identify(src) by extensions ['cmake', 'python']
[2.045s] Level 1:colcon.colcon_core.package_identification:_identify(src) by extension 'cmake'
[2.045s] Level 1:colcon.colcon_core.package_identification:_identify(src) by extension 'python'
[2.045s] Level 1:colcon.colcon_core.package_identification:_identify(src) by extensions ['python_setup_py']
[2.045s] Level 1:colcon.colcon_core.package_identification:_identify(src) by extension 'python_setup_py'
[2.046s] Level 1:colcon.colcon_core.package_identification:_identify(src/mobotrun) by extensions ['ignore', 'ignore_ament_install']
[2.046s] Level 1:colcon.colcon_core.package_identification:_identify(src/mobotrun) by extension 'ignore'
[2.046s] Level 1:colcon.colcon_core.package_identification:_identify(src/mobotrun) by extension 'ignore_ament_install'
[2.047s] Level 1:colcon.colcon_core.package_identification:_identify(src/mobotrun) by extensions ['colcon_pkg']
[2.047s] Level 1:colcon.colcon_core.package_identification:_identify(src/mobotrun) by extension 'colcon_pkg'
[2.047s] Level 1:colcon.colcon_core.package_identification:_identify(src/mobotrun) by extensions ['colcon_meta']
[2.047s] Level 1:colcon.colcon_core.package_identification:_identify(src/mobotrun) by extension 'colcon_meta'
[2.047s] Level 1:colcon.colcon_core.package_identification:_identify(src/mobotrun) by extensions ['ros']
[2.047s] Level 1:colcon.colcon_core.package_identification:_identify(src/mobotrun) by extension 'ros'
[2.061s] DEBUG:colcon.colcon_core.package_identification:Package 'src/mobotrun' with type 'ros.ament_cmake' and name 'mobotrun'
[2.061s] Level 1:colcon.colcon_core.package_discovery:discover_packages(recursive) using defaults
[2.061s] Level 1:colcon.colcon_core.package_discovery:discover_packages(ignore) discover
[2.062s] Level 1:colcon.colcon_core.package_discovery:discover_packages(ignore) using defaults
[2.062s] Level 1:colcon.colcon_core.package_discovery:discover_packages(path) discover
[2.062s] Level 1:colcon.colcon_core.package_discovery:discover_packages(path) using defaults
[2.143s] Level 1:colcon.colcon_core.package_discovery:discover_packages(prefix_path) check parameters
[2.143s] Level 1:colcon.colcon_core.package_discovery:discover_packages(prefix_path) discover
[2.156s] DEBUG:colcon.colcon_installed_package_information.package_discovery:Found 3 installed packages in /home/fiborobotlab/dynamixel_ws/install
[2.159s] DEBUG:colcon.colcon_installed_package_information.package_discovery:Found 1 installed packages in /home/fiborobotlab/Metamobot_ws/MetaMobot2024/install
[2.162s] DEBUG:colcon.colcon_installed_package_information.package_discovery:Found 7 installed packages in /home/fiborobotlab/unitree_foxy/install
[2.170s] DEBUG:colcon.colcon_installed_package_information.package_discovery:Found 259 installed packages in /opt/ros/foxy
[2.179s] Level 1:colcon.colcon_core.package_discovery:discover_packages(prefix_path) using defaults
[2.545s] Level 5:colcon.colcon_core.verb:set package 'mobotrun' build argument 'cmake_args' from command line to 'None'
[2.546s] Level 5:colcon.colcon_core.verb:set package 'mobotrun' build argument 'cmake_target' from command line to 'None'
[2.546s] Level 5:colcon.colcon_core.verb:set package 'mobotrun' build argument 'cmake_target_skip_unavailable' from command line to 'False'
[2.546s] Level 5:colcon.colcon_core.verb:set package 'mobotrun' build argument 'cmake_clean_cache' from command line to 'False'
[2.546s] Level 5:colcon.colcon_core.verb:set package 'mobotrun' build argument 'cmake_clean_first' from command line to 'False'
[2.546s] Level 5:colcon.colcon_core.verb:set package 'mobotrun' build argument 'cmake_force_configure' from command line to 'False'
[2.546s] Level 5:colcon.colcon_core.verb:set package 'mobotrun' build argument 'ament_cmake_args' from command line to 'None'
[2.547s] Level 5:colcon.colcon_core.verb:set package 'mobotrun' build argument 'catkin_cmake_args' from command line to 'None'
[2.547s] Level 5:colcon.colcon_core.verb:set package 'mobotrun' build argument 'catkin_skip_building_tests' from command line to 'False'
[2.547s] DEBUG:colcon.colcon_core.verb:Building package 'mobotrun' with the following arguments: {'ament_cmake_args': None, 'build_base': '/home/fiborobotlab/Metamobot_ws/MetaMobot2024/build/mobotrun', 'catkin_cmake_args': None, 'catkin_skip_building_tests': False, 'cmake_args': None, 'cmake_clean_cache': False, 'cmake_clean_first': False, 'cmake_force_configure': False, 'cmake_target': None, 'cmake_target_skip_unavailable': False, 'install_base': '/home/fiborobotlab/Metamobot_ws/MetaMobot2024/install/mobotrun', 'merge_install': False, 'path': '/home/fiborobotlab/Metamobot_ws/MetaMobot2024/src/mobotrun', 'symlink_install': True, 'test_result_base': None}
[2.548s] INFO:colcon.colcon_core.executor:Executing jobs using 'parallel' executor
[2.552s] DEBUG:colcon.colcon_parallel_executor.executor.parallel:run_until_complete
[2.554s] INFO:colcon.colcon_ros.task.ament_cmake.build:Building ROS package in '/home/fiborobotlab/Metamobot_ws/MetaMobot2024/src/mobotrun' with build type 'ament_cmake'
[2.555s] INFO:colcon.colcon_cmake.task.cmake.build:Building CMake package in '/home/fiborobotlab/Metamobot_ws/MetaMobot2024/src/mobotrun'
[2.565s] INFO:colcon.colcon_core.plugin_system:Skipping extension 'colcon_core.shell.bat': Not used on non-Windows systems
[2.565s] INFO:colcon.colcon_core.shell:Skip shell extension 'powershell' for command environment: Not usable outside of PowerShell
[2.566s] DEBUG:colcon.colcon_core.shell:Skip shell extension 'dsv' for command environment
[2.655s] DEBUG:colcon.colcon_core.event_handler.log_command:Invoking command in '/home/fiborobotlab/Metamobot_ws/MetaMobot2024/build/mobotrun': CMAKE_PREFIX_PATH=${CMAKE_PREFIX_PATH}:/home/fiborobotlab/unitree_foxy/install/ros2_aruco:/opt/ros/foxy /usr/bin/cmake --build /home/fiborobotlab/Metamobot_ws/MetaMobot2024/build/mobotrun -- -j6 -l6
[7.051s] DEBUG:colcon.colcon_core.event_handler.log_command:Invoked command in '/home/fiborobotlab/Metamobot_ws/MetaMobot2024/build/mobotrun' returned '0': CMAKE_PREFIX_PATH=${CMAKE_PREFIX_PATH}:/home/fiborobotlab/unitree_foxy/install/ros2_aruco:/opt/ros/foxy /usr/bin/cmake --build /home/fiborobotlab/Metamobot_ws/MetaMobot2024/build/mobotrun -- -j6 -l6
[7.372s] DEBUG:colcon.colcon_core.event_handler.log_command:Invoking command in '/home/fiborobotlab/Metamobot_ws/MetaMobot2024/build/mobotrun': CMAKE_PREFIX_PATH=${CMAKE_PREFIX_PATH}:/home/fiborobotlab/unitree_foxy/install/ros2_aruco:/opt/ros/foxy /usr/bin/cmake --install /home/fiborobotlab/Metamobot_ws/MetaMobot2024/build/mobotrun
[7.910s] Level 1:colcon.colcon_core.environment:create_environment_scripts_only(mobotrun)
[7.924s] DEBUG:colcon.colcon_core.event_handler.log_command:Invoked command in '/home/fiborobotlab/Metamobot_ws/MetaMobot2024/build/mobotrun' returned '0': CMAKE_PREFIX_PATH=${CMAKE_PREFIX_PATH}:/home/fiborobotlab/unitree_foxy/install/ros2_aruco:/opt/ros/foxy /usr/bin/cmake --install /home/fiborobotlab/Metamobot_ws/MetaMobot2024/build/mobotrun
[7.951s] Level 1:colcon.colcon_core.environment:checking '/home/fiborobotlab/Metamobot_ws/MetaMobot2024/install/mobotrun' for CMake module files
[7.956s] Level 1:colcon.colcon_core.environment:checking '/home/fiborobotlab/Metamobot_ws/MetaMobot2024/install/mobotrun' for CMake config files
[7.958s] Level 1:colcon.colcon_core.shell:create_environment_hook('mobotrun', 'cmake_prefix_path')
[7.960s] INFO:colcon.colcon_core.shell:Creating environment hook '/home/fiborobotlab/Metamobot_ws/MetaMobot2024/install/mobotrun/share/mobotrun/hook/cmake_prefix_path.ps1'
[7.963s] INFO:colcon.colcon_core.shell:Creating environment descriptor '/home/fiborobotlab/Metamobot_ws/MetaMobot2024/install/mobotrun/share/mobotrun/hook/cmake_prefix_path.dsv'
[7.967s] INFO:colcon.colcon_core.shell:Creating environment hook '/home/fiborobotlab/Metamobot_ws/MetaMobot2024/install/mobotrun/share/mobotrun/hook/cmake_prefix_path.sh'
[7.972s] Level 1:colcon.colcon_core.environment:checking '/home/fiborobotlab/Metamobot_ws/MetaMobot2024/install/mobotrun/lib'
[7.973s] Level 1:colcon.colcon_core.environment:checking '/home/fiborobotlab/Metamobot_ws/MetaMobot2024/install/mobotrun/bin'
[7.973s] Level 1:colcon.colcon_core.environment:checking '/home/fiborobotlab/Metamobot_ws/MetaMobot2024/install/mobotrun/lib/pkgconfig/mobotrun.pc'
[7.975s] Level 1:colcon.colcon_core.environment:checking '/home/fiborobotlab/Metamobot_ws/MetaMobot2024/install/mobotrun/lib/python3.8/site-packages'
[7.976s] Level 1:colcon.colcon_core.shell:create_environment_hook('mobotrun', 'pythonpath')
[7.977s] INFO:colcon.colcon_core.shell:Creating environment hook '/home/fiborobotlab/Metamobot_ws/MetaMobot2024/install/mobotrun/share/mobotrun/hook/pythonpath.ps1'
[7.980s] INFO:colcon.colcon_core.shell:Creating environment descriptor '/home/fiborobotlab/Metamobot_ws/MetaMobot2024/install/mobotrun/share/mobotrun/hook/pythonpath.dsv'
[7.983s] INFO:colcon.colcon_core.shell:Creating environment hook '/home/fiborobotlab/Metamobot_ws/MetaMobot2024/install/mobotrun/share/mobotrun/hook/pythonpath.sh'
[7.986s] Level 1:colcon.colcon_core.environment:checking '/home/fiborobotlab/Metamobot_ws/MetaMobot2024/install/mobotrun/bin'
[7.988s] INFO:colcon.colcon_core.shell:Creating package script '/home/fiborobotlab/Metamobot_ws/MetaMobot2024/install/mobotrun/share/mobotrun/package.ps1'
[7.992s] INFO:colcon.colcon_core.shell:Creating package descriptor '/home/fiborobotlab/Metamobot_ws/MetaMobot2024/install/mobotrun/share/mobotrun/package.dsv'
[7.995s] INFO:colcon.colcon_core.shell:Creating package script '/home/fiborobotlab/Metamobot_ws/MetaMobot2024/install/mobotrun/share/mobotrun/package.sh'
[7.998s] INFO:colcon.colcon_core.shell:Creating package script '/home/fiborobotlab/Metamobot_ws/MetaMobot2024/install/mobotrun/share/mobotrun/package.bash'
[8.001s] INFO:colcon.colcon_core.shell:Creating package script '/home/fiborobotlab/Metamobot_ws/MetaMobot2024/install/mobotrun/share/mobotrun/package.zsh'
[8.004s] Level 1:colcon.colcon_core.environment:create_file_with_runtime_dependencies(/home/fiborobotlab/Metamobot_ws/MetaMobot2024/install/mobotrun/share/colcon-core/packages/mobotrun)
[8.222s] Level 1:colcon.colcon_core.environment:create_environment_scripts_only(mobotrun)
[8.226s] Level 1:colcon.colcon_core.environment:checking '/home/fiborobotlab/Metamobot_ws/MetaMobot2024/install/mobotrun' for CMake module files
[8.230s] Level 1:colcon.colcon_core.environment:checking '/home/fiborobotlab/Metamobot_ws/MetaMobot2024/install/mobotrun' for CMake config files
[8.233s] Level 1:colcon.colcon_core.shell:create_environment_hook('mobotrun', 'cmake_prefix_path')
[8.235s] INFO:colcon.colcon_core.shell:Creating environment hook '/home/fiborobotlab/Metamobot_ws/MetaMobot2024/install/mobotrun/share/mobotrun/hook/cmake_prefix_path.ps1'
[8.238s] INFO:colcon.colcon_core.shell:Creating environment descriptor '/home/fiborobotlab/Metamobot_ws/MetaMobot2024/install/mobotrun/share/mobotrun/hook/cmake_prefix_path.dsv'
[8.240s] INFO:colcon.colcon_core.shell:Creating environment hook '/home/fiborobotlab/Metamobot_ws/MetaMobot2024/install/mobotrun/share/mobotrun/hook/cmake_prefix_path.sh'
[8.243s] Level 1:colcon.colcon_core.environment:checking '/home/fiborobotlab/Metamobot_ws/MetaMobot2024/install/mobotrun/lib'
[8.244s] Level 1:colcon.colcon_core.environment:checking '/home/fiborobotlab/Metamobot_ws/MetaMobot2024/install/mobotrun/bin'
[8.244s] Level 1:colcon.colcon_core.environment:checking '/home/fiborobotlab/Metamobot_ws/MetaMobot2024/install/mobotrun/lib/pkgconfig/mobotrun.pc'
[8.246s] Level 1:colcon.colcon_core.environment:checking '/home/fiborobotlab/Metamobot_ws/MetaMobot2024/install/mobotrun/lib/python3.8/site-packages'
[8.247s] Level 1:colcon.colcon_core.shell:create_environment_hook('mobotrun', 'pythonpath')
[8.248s] INFO:colcon.colcon_core.shell:Creating environment hook '/home/fiborobotlab/Metamobot_ws/MetaMobot2024/install/mobotrun/share/mobotrun/hook/pythonpath.ps1'
[8.250s] INFO:colcon.colcon_core.shell:Creating environment descriptor '/home/fiborobotlab/Metamobot_ws/MetaMobot2024/install/mobotrun/share/mobotrun/hook/pythonpath.dsv'
[8.251s] INFO:colcon.colcon_core.shell:Creating environment hook '/home/fiborobotlab/Metamobot_ws/MetaMobot2024/install/mobotrun/share/mobotrun/hook/pythonpath.sh'
[8.253s] Level 1:colcon.colcon_core.environment:checking '/home/fiborobotlab/Metamobot_ws/MetaMobot2024/install/mobotrun/bin'
[8.255s] INFO:colcon.colcon_core.shell:Creating package script '/home/fiborobotlab/Metamobot_ws/MetaMobot2024/install/mobotrun/share/mobotrun/package.ps1'
[8.258s] INFO:colcon.colcon_core.shell:Creating package descriptor '/home/fiborobotlab/Metamobot_ws/MetaMobot2024/install/mobotrun/share/mobotrun/package.dsv'
[8.262s] INFO:colcon.colcon_core.shell:Creating package script '/home/fiborobotlab/Metamobot_ws/MetaMobot2024/install/mobotrun/share/mobotrun/package.sh'
[8.265s] INFO:colcon.colcon_core.shell:Creating package script '/home/fiborobotlab/Metamobot_ws/MetaMobot2024/install/mobotrun/share/mobotrun/package.bash'
[8.267s] INFO:colcon.colcon_core.shell:Creating package script '/home/fiborobotlab/Metamobot_ws/MetaMobot2024/install/mobotrun/share/mobotrun/package.zsh'
[8.270s] Level 1:colcon.colcon_core.environment:create_file_with_runtime_dependencies(/home/fiborobotlab/Metamobot_ws/MetaMobot2024/install/mobotrun/share/colcon-core/packages/mobotrun)
[8.272s] DEBUG:colcon.colcon_parallel_executor.executor.parallel:closing loop
[8.277s] DEBUG:colcon.colcon_parallel_executor.executor.parallel:loop closed
[8.277s] DEBUG:colcon.colcon_parallel_executor.executor.parallel:run_until_complete finished with '0'
[8.278s] DEBUG:colcon.colcon_core.event_reactor:joining thread
[8.318s] INFO:colcon.colcon_core.plugin_system:Skipping extension 'colcon_notification.desktop_notification.terminal_notifier': Not used on non-Darwin systems
[8.318s] INFO:colcon.colcon_core.plugin_system:Skipping extension 'colcon_notification.desktop_notification.win32': Not used on non-Windows systems
[8.319s] INFO:colcon.colcon_notification.desktop_notification:Sending desktop notification using 'notify2'
[8.419s] DEBUG:colcon.colcon_core.event_reactor:joined thread
[8.421s] INFO:colcon.colcon_core.shell:Creating prefix script '/home/fiborobotlab/Metamobot_ws/MetaMobot2024/install/local_setup.ps1'
[8.426s] INFO:colcon.colcon_core.shell:Creating prefix util module '/home/fiborobotlab/Metamobot_ws/MetaMobot2024/install/_local_setup_util_ps1.py'
[8.431s] INFO:colcon.colcon_core.shell:Creating prefix chain script '/home/fiborobotlab/Metamobot_ws/MetaMobot2024/install/setup.ps1'
[8.440s] INFO:colcon.colcon_core.shell:Creating prefix script '/home/fiborobotlab/Metamobot_ws/MetaMobot2024/install/local_setup.sh'
[8.443s] INFO:colcon.colcon_core.shell:Creating prefix util module '/home/fiborobotlab/Metamobot_ws/MetaMobot2024/install/_local_setup_util_sh.py'
[8.446s] INFO:colcon.colcon_core.shell:Creating prefix chain script '/home/fiborobotlab/Metamobot_ws/MetaMobot2024/install/setup.sh'
[8.454s] INFO:colcon.colcon_core.shell:Creating prefix script '/home/fiborobotlab/Metamobot_ws/MetaMobot2024/install/local_setup.bash'
[8.457s] INFO:colcon.colcon_core.shell:Creating prefix chain script '/home/fiborobotlab/Metamobot_ws/MetaMobot2024/install/setup.bash'
[8.466s] INFO:colcon.colcon_core.shell:Creating prefix script '/home/fiborobotlab/Metamobot_ws/MetaMobot2024/install/local_setup.zsh'
[8.468s] INFO:colcon.colcon_core.shell:Creating prefix chain script '/home/fiborobotlab/Metamobot_ws/MetaMobot2024/install/setup.zsh'
