-- Found ament_cmake: 0.9.12 (/opt/ros/foxy/share/ament_cmake/cmake)
-- Using PYTHON_EXECUTABLE: /usr/bin/python3
-- Override CMake install command with custom implementation using symlinks instead of copying resources
-- Found rclcpp: 2.4.3 (/opt/ros/foxy/share/rclcpp/cmake)
-- Using all available rosidl_typesupport_c: rosidl_typesupport_fastrtps_c;rosidl_typesupport_introspection_c
-- Found rosidl_adapter: 1.3.1 (/opt/ros/foxy/share/rosidl_adapter/cmake)
-- Using all available rosidl_typesupport_cpp: rosidl_typesupport_fastrtps_cpp;rosidl_typesupport_introspection_cpp
-- Found rmw_implementation_cmake: 1.0.4 (/opt/ros/foxy/share/rmw_implementation_cmake/cmake)
-- Using RMW implementation 'rmw_fastrtps_cpp' as default
-- Found rclpy: 1.0.13 (/opt/ros/foxy/share/rclpy/cmake)
-- Configuring done
-- Generating done
-- Build files have been written to: /home/fiborobotlab/Metamobot_ws/MetaMobot2024/build/mobotrun
[ 50%] [32m[1mLinking CXX executable cpp_node_test[0m
[100%] Built target cpp_node_test
-- Install configuration: ""
-- Execute custom install script
-- Symlinking: /home/fiborobotlab/Metamobot_ws/MetaMobot2024/install/mobotrun/share/mobotrun/environment/pythonpath.sh
-- Symlinking: /home/fiborobotlab/Metamobot_ws/MetaMobot2024/install/mobotrun/share/mobotrun/environment/pythonpath.dsv
-- Symlinking: /home/fiborobotlab/Metamobot_ws/MetaMobot2024/install/mobotrun/lib/python3.8/site-packages/mobotrun/__init__.py
-- Symlinking: /home/fiborobotlab/Metamobot_ws/MetaMobot2024/install/mobotrun/lib/python3.8/site-packages/mobotrun/dummy_module.py
-- Symlinking: /home/fiborobotlab/Metamobot_ws/MetaMobot2024/install/mobotrun/lib/mobotrun/dummy_script.py
-- Symlinking: /home/fiborobotlab/Metamobot_ws/MetaMobot2024/install/mobotrun/lib/mobotrun/mobility.py
-- Symlinking: /home/fiborobotlab/Metamobot_ws/MetaMobot2024/install/mobotrun/lib/mobotrun/cpp_node_test
-- Symlinking: /home/fiborobotlab/Metamobot_ws/MetaMobot2024/install/mobotrun/share/ament_index/resource_index/package_run_dependencies/mobotrun
-- Symlinking: /home/fiborobotlab/Metamobot_ws/MetaMobot2024/install/mobotrun/share/ament_index/resource_index/parent_prefix_path/mobotrun
-- Symlinking: /home/fiborobotlab/Metamobot_ws/MetaMobot2024/install/mobotrun/share/mobotrun/environment/ament_prefix_path.sh
-- Symlinking: /home/fiborobotlab/Metamobot_ws/MetaMobot2024/install/mobotrun/share/mobotrun/environment/ament_prefix_path.dsv
-- Symlinking: /home/fiborobotlab/Metamobot_ws/MetaMobot2024/install/mobotrun/share/mobotrun/environment/path.sh
-- Symlinking: /home/fiborobotlab/Metamobot_ws/MetaMobot2024/install/mobotrun/share/mobotrun/environment/path.dsv
-- Symlinking: /home/fiborobotlab/Metamobot_ws/MetaMobot2024/install/mobotrun/share/mobotrun/local_setup.bash
-- Symlinking: /home/fiborobotlab/Metamobot_ws/MetaMobot2024/install/mobotrun/share/mobotrun/local_setup.sh
-- Symlinking: /home/fiborobotlab/Metamobot_ws/MetaMobot2024/install/mobotrun/share/mobotrun/local_setup.zsh
-- Symlinking: /home/fiborobotlab/Metamobot_ws/MetaMobot2024/install/mobotrun/share/mobotrun/local_setup.dsv
-- Symlinking: /home/fiborobotlab/Metamobot_ws/MetaMobot2024/install/mobotrun/share/mobotrun/package.dsv
-- Symlinking: /home/fiborobotlab/Metamobot_ws/MetaMobot2024/install/mobotrun/share/ament_index/resource_index/packages/mobotrun
-- Symlinking: /home/fiborobotlab/Metamobot_ws/MetaMobot2024/install/mobotrun/share/mobotrun/cmake/mobotrunConfig.cmake
-- Symlinking: /home/fiborobotlab/Metamobot_ws/MetaMobot2024/install/mobotrun/share/mobotrun/cmake/mobotrunConfig-version.cmake
-- Symlinking: /home/fiborobotlab/Metamobot_ws/MetaMobot2024/install/mobotrun/share/mobotrun/package.xml
Listing '/home/fiborobotlab/Metamobot_ws/MetaMobot2024/install/mobotrun/lib/python3.8/site-packages/mobotrun'...
