[0.111s] Invoking command in '/home/fiborobotlab/Metamobot_ws/MetaMobot2024/build/mobotrun': CMAKE_PREFIX_PATH=${CMAKE_PREFIX_PATH}:/home/fiborobotlab/unitree_foxy/install/ros2_aruco:/opt/ros/foxy /usr/bin/cmake --build /home/fiborobotlab/Metamobot_ws/MetaMobot2024/build/mobotrun -- -j6 -l6
[0.426s] -- Found ament_cmake: 0.9.12 (/opt/ros/foxy/share/ament_cmake/cmake)
[0.575s] -- Using PYTHON_EXECUTABLE: /usr/bin/python3
[1.688s] -- Override CMake install command with custom implementation using symlinks instead of copying resources
[1.775s] -- Found rclcpp: 2.4.3 (/opt/ros/foxy/share/rclcpp/cmake)
[2.105s] -- Using all available rosidl_typesupport_c: rosidl_typesupport_fastrtps_c;rosidl_typesupport_introspection_c
[2.133s] -- Found rosidl_adapter: 1.3.1 (/opt/ros/foxy/share/rosidl_adapter/cmake)
[3.065s] -- Using all available rosidl_typesupport_cpp: rosidl_typesupport_fastrtps_cpp;rosidl_typesupport_introspection_cpp
[3.410s] -- Found rmw_implementation_cmake: 1.0.4 (/opt/ros/foxy/share/rmw_implementation_cmake/cmake)
[3.432s] -- Using RMW implementation 'rmw_fastrtps_cpp' as default
[4.231s] -- Found rclpy: 1.0.13 (/opt/ros/foxy/share/rclpy/cmake)
[4.639s] -- Configuring done
[4.699s] -- Generating done
[4.709s] -- Build files have been written to: /home/fiborobotlab/Metamobot_ws/MetaMobot2024/build/mobotrun
[5.060s] [100%] Built target cpp_node_test
[5.156s] Invoked command in '/home/fiborobotlab/Metamobot_ws/MetaMobot2024/build/mobotrun' returned '0': CMAKE_PREFIX_PATH=${CMAKE_PREFIX_PATH}:/home/fiborobotlab/unitree_foxy/install/ros2_aruco:/opt/ros/foxy /usr/bin/cmake --build /home/fiborobotlab/Metamobot_ws/MetaMobot2024/build/mobotrun -- -j6 -l6
[5.523s] Invoking command in '/home/fiborobotlab/Metamobot_ws/MetaMobot2024/build/mobotrun': CMAKE_PREFIX_PATH=${CMAKE_PREFIX_PATH}:/home/fiborobotlab/unitree_foxy/install/ros2_aruco:/opt/ros/foxy /usr/bin/cmake --install /home/fiborobotlab/Metamobot_ws/MetaMobot2024/build/mobotrun
[5.593s] -- Install configuration: ""
[5.596s] -- Execute custom install script
[5.599s] -- Up-to-date symlink: /home/fiborobotlab/Metamobot_ws/MetaMobot2024/install/mobotrun/share/mobotrun/environment/pythonpath.sh
[5.602s] -- Up-to-date symlink: /home/fiborobotlab/Metamobot_ws/MetaMobot2024/install/mobotrun/share/mobotrun/environment/pythonpath.dsv
[5.607s] -- Up-to-date symlink: /home/fiborobotlab/Metamobot_ws/MetaMobot2024/install/mobotrun/lib/python3.8/site-packages/mobotrun/__init__.py
[5.608s] -- Up-to-date symlink: /home/fiborobotlab/Metamobot_ws/MetaMobot2024/install/mobotrun/lib/python3.8/site-packages/mobotrun/dummy_module.py
[5.611s] -- Up-to-date symlink: /home/fiborobotlab/Metamobot_ws/MetaMobot2024/install/mobotrun/lib/mobotrun/dummy_script.py
[5.612s] -- Up-to-date symlink: /home/fiborobotlab/Metamobot_ws/MetaMobot2024/install/mobotrun/lib/mobotrun/mobility_node.py
[5.614s] -- Up-to-date symlink: /home/fiborobotlab/Metamobot_ws/MetaMobot2024/install/mobotrun/lib/mobotrun/mqtt_node.py
[5.615s] -- Symlinking: /home/fiborobotlab/Metamobot_ws/MetaMobot2024/install/mobotrun/lib/mobotrun/manipulator_node.py
[5.692s] -- Up-to-date symlink: /home/fiborobotlab/Metamobot_ws/MetaMobot2024/install/mobotrun/lib/mobotrun/cpp_node_test
[5.695s] -- Up-to-date symlink: /home/fiborobotlab/Metamobot_ws/MetaMobot2024/install/mobotrun/share/ament_index/resource_index/package_run_dependencies/mobotrun
[5.698s] -- Up-to-date symlink: /home/fiborobotlab/Metamobot_ws/MetaMobot2024/install/mobotrun/share/ament_index/resource_index/parent_prefix_path/mobotrun
[5.700s] -- Up-to-date symlink: /home/fiborobotlab/Metamobot_ws/MetaMobot2024/install/mobotrun/share/mobotrun/environment/ament_prefix_path.sh
[5.703s] -- Up-to-date symlink: /home/fiborobotlab/Metamobot_ws/MetaMobot2024/install/mobotrun/share/mobotrun/environment/ament_prefix_path.dsv
[5.705s] -- Up-to-date symlink: /home/fiborobotlab/Metamobot_ws/MetaMobot2024/install/mobotrun/share/mobotrun/environment/path.sh
[5.709s] -- Up-to-date symlink: /home/fiborobotlab/Metamobot_ws/MetaMobot2024/install/mobotrun/share/mobotrun/environment/path.dsv
[5.711s] -- Up-to-date symlink: /home/fiborobotlab/Metamobot_ws/MetaMobot2024/install/mobotrun/share/mobotrun/local_setup.bash
[5.713s] -- Up-to-date symlink: /home/fiborobotlab/Metamobot_ws/MetaMobot2024/install/mobotrun/share/mobotrun/local_setup.sh
[5.716s] -- Up-to-date symlink: /home/fiborobotlab/Metamobot_ws/MetaMobot2024/install/mobotrun/share/mobotrun/local_setup.zsh
[5.717s] -- Up-to-date symlink: /home/fiborobotlab/Metamobot_ws/MetaMobot2024/install/mobotrun/share/mobotrun/local_setup.dsv
[5.719s] -- Symlinking: /home/fiborobotlab/Metamobot_ws/MetaMobot2024/install/mobotrun/share/mobotrun/package.dsv
[5.807s] -- Up-to-date symlink: /home/fiborobotlab/Metamobot_ws/MetaMobot2024/install/mobotrun/share/ament_index/resource_index/packages/mobotrun
[5.810s] -- Up-to-date symlink: /home/fiborobotlab/Metamobot_ws/MetaMobot2024/install/mobotrun/share/mobotrun/cmake/mobotrunConfig.cmake
[5.811s] -- Up-to-date symlink: /home/fiborobotlab/Metamobot_ws/MetaMobot2024/install/mobotrun/share/mobotrun/cmake/mobotrunConfig-version.cmake
[5.814s] -- Up-to-date symlink: /home/fiborobotlab/Metamobot_ws/MetaMobot2024/install/mobotrun/share/mobotrun/package.xml
[6.034s] Listing '/home/fiborobotlab/Metamobot_ws/MetaMobot2024/install/mobotrun/lib/python3.8/site-packages/mobotrun'...
[6.076s] Invoked command in '/home/fiborobotlab/Metamobot_ws/MetaMobot2024/build/mobotrun' returned '0': CMAKE_PREFIX_PATH=${CMAKE_PREFIX_PATH}:/home/fiborobotlab/unitree_foxy/install/ros2_aruco:/opt/ros/foxy /usr/bin/cmake --install /home/fiborobotlab/Metamobot_ws/MetaMobot2024/build/mobotrun
