[1.109s] DEBUG:colcon:Command line arguments: ['/usr/bin/colcon', 'build', '--symlink-install']
[1.109s] DEBUG:colcon:Parsed command line arguments: Namespace(allow_overriding=[], ament_cmake_args=None, base_paths=['.'], build_base='build', catkin_cmake_args=None, catkin_skip_building_tests=False, cmake_args=None, cmake_clean_cache=False, cmake_clean_first=False, cmake_force_configure=False, cmake_target=None, cmake_target_skip_unavailable=False, continue_on_error=False, event_handlers=None, executor='parallel', ignore_user_meta=False, install_base='install', log_base=None, log_level=None, main=<bound method BuildVerb.main of <colcon_core.verb.build.BuildVerb object at 0xffff9f64d8e0>>, merge_install=False, metas=['./colcon.meta'], mixin=None, mixin_files=None, mixin_verb=('build',), packages_above=None, packages_above_and_dependencies=None, packages_above_depth=None, packages_end=None, packages_ignore=None, packages_ignore_regex=None, packages_select=None, packages_select_build_failed=False, packages_select_by_dep=None, packages_select_regex=None, packages_select_test_failures=False, packages_skip=None, packages_skip_build_finished=False, packages_skip_by_dep=None, packages_skip_regex=None, packages_skip_test_passed=False, packages_skip_up_to=None, packages_start=None, packages_up_to=None, packages_up_to_regex=None, parallel_workers=6, paths=None, symlink_install=True, test_result_base=None, verb_extension=<colcon_core.verb.build.BuildVerb object at 0xffff9f64d8e0>, verb_name='build', verb_parser=<colcon_mixin.mixin.mixin_argument.MixinArgumentDecorator object at 0xffff9f59d160>)
[2.035s] Level 1:colcon.colcon_core.package_discovery:discover_packages(colcon_meta) check parameters
[2.036s] Level 1:colcon.colcon_core.package_discovery:discover_packages(recursive) check parameters
[2.036s] Level 1:colcon.colcon_core.package_discovery:discover_packages(ignore) check parameters
[2.036s] Level 1:colcon.colcon_core.package_discovery:discover_packages(path) check parameters
[2.037s] Level 1:colcon.colcon_core.package_discovery:discover_packages(colcon_meta) discover
[2.037s] Level 1:colcon.colcon_core.package_discovery:discover_packages(recursive) discover
[2.037s] INFO:colcon.colcon_core.package_discovery:Crawling recursively for packages in '/home/fiborobotlab/Metamobot_ws/MetaMobot2024'
[2.038s] Level 1:colcon.colcon_core.package_identification:_identify(.) by extensions ['ignore', 'ignore_ament_install']
[2.038s] Level 1:colcon.colcon_core.package_identification:_identify(.) by extension 'ignore'
[2.039s] Level 1:colcon.colcon_core.package_identification:_identify(.) by extension 'ignore_ament_install'
[2.039s] Level 1:colcon.colcon_core.package_identification:_identify(.) by extensions ['colcon_pkg']
[2.039s] Level 1:colcon.colcon_core.package_identification:_identify(.) by extension 'colcon_pkg'
[2.039s] Level 1:colcon.colcon_core.package_identification:_identify(.) by extensions ['colcon_meta']
[2.040s] Level 1:colcon.colcon_core.package_identification:_identify(.) by extension 'colcon_meta'
[2.040s] Level 1:colcon.colcon_core.package_identification:_identify(.) by extensions ['ros']
[2.040s] Level 1:colcon.colcon_core.package_identification:_identify(.) by extension 'ros'
[2.097s] Level 1:colcon.colcon_core.package_identification:_identify(.) by extensions ['cmake', 'python']
[2.097s] Level 1:colcon.colcon_core.package_identification:_identify(.) by extension 'cmake'
[2.098s] Level 1:colcon.colcon_core.package_identification:_identify(.) by extension 'python'
[2.098s] Level 1:colcon.colcon_core.package_identification:_identify(.) by extensions ['python_setup_py']
[2.098s] Level 1:colcon.colcon_core.package_identification:_identify(.) by extension 'python_setup_py'
[2.099s] Level 1:colcon.colcon_core.package_identification:_identify(build) by extensions ['ignore', 'ignore_ament_install']
[2.099s] Level 1:colcon.colcon_core.package_identification:_identify(build) by extension 'ignore'
[2.099s] Level 1:colcon.colcon_core.package_identification:_identify(build) ignored
[2.100s] Level 1:colcon.colcon_core.package_identification:_identify(install) by extensions ['ignore', 'ignore_ament_install']
[2.101s] Level 1:colcon.colcon_core.package_identification:_identify(install) by extension 'ignore'
[2.101s] Level 1:colcon.colcon_core.package_identification:_identify(install) ignored
[2.101s] Level 1:colcon.colcon_core.package_identification:_identify(log) by extensions ['ignore', 'ignore_ament_install']
[2.102s] Level 1:colcon.colcon_core.package_identification:_identify(log) by extension 'ignore'
[2.102s] Level 1:colcon.colcon_core.package_identification:_identify(log) ignored
[2.103s] Level 1:colcon.colcon_core.package_identification:_identify(src) by extensions ['ignore', 'ignore_ament_install']
[2.103s] Level 1:colcon.colcon_core.package_identification:_identify(src) by extension 'ignore'
[2.103s] Level 1:colcon.colcon_core.package_identification:_identify(src) by extension 'ignore_ament_install'
[2.103s] Level 1:colcon.colcon_core.package_identification:_identify(src) by extensions ['colcon_pkg']
[2.104s] Level 1:colcon.colcon_core.package_identification:_identify(src) by extension 'colcon_pkg'
[2.104s] Level 1:colcon.colcon_core.package_identification:_identify(src) by extensions ['colcon_meta']
[2.104s] Level 1:colcon.colcon_core.package_identification:_identify(src) by extension 'colcon_meta'
[2.104s] Level 1:colcon.colcon_core.package_identification:_identify(src) by extensions ['ros']
[2.104s] Level 1:colcon.colcon_core.package_identification:_identify(src) by extension 'ros'
[2.105s] Level 1:colcon.colcon_core.package_identification:_identify(src) by extensions ['cmake', 'python']
[2.105s] Level 1:colcon.colcon_core.package_identification:_identify(src) by extension 'cmake'
[2.105s] Level 1:colcon.colcon_core.package_identification:_identify(src) by extension 'python'
[2.106s] Level 1:colcon.colcon_core.package_identification:_identify(src) by extensions ['python_setup_py']
[2.106s] Level 1:colcon.colcon_core.package_identification:_identify(src) by extension 'python_setup_py'
[2.106s] Level 1:colcon.colcon_core.package_identification:_identify(src/mobotrun) by extensions ['ignore', 'ignore_ament_install']
[2.107s] Level 1:colcon.colcon_core.package_identification:_identify(src/mobotrun) by extension 'ignore'
[2.107s] Level 1:colcon.colcon_core.package_identification:_identify(src/mobotrun) by extension 'ignore_ament_install'
[2.107s] Level 1:colcon.colcon_core.package_identification:_identify(src/mobotrun) by extensions ['colcon_pkg']
[2.107s] Level 1:colcon.colcon_core.package_identification:_identify(src/mobotrun) by extension 'colcon_pkg'
[2.108s] Level 1:colcon.colcon_core.package_identification:_identify(src/mobotrun) by extensions ['colcon_meta']
[2.108s] Level 1:colcon.colcon_core.package_identification:_identify(src/mobotrun) by extension 'colcon_meta'
[2.108s] Level 1:colcon.colcon_core.package_identification:_identify(src/mobotrun) by extensions ['ros']
[2.108s] Level 1:colcon.colcon_core.package_identification:_identify(src/mobotrun) by extension 'ros'
[2.120s] DEBUG:colcon.colcon_core.package_identification:Package 'src/mobotrun' with type 'ros.ament_cmake' and name 'mobotrun'
[2.120s] Level 1:colcon.colcon_core.package_discovery:discover_packages(recursive) using defaults
[2.121s] Level 1:colcon.colcon_core.package_discovery:discover_packages(ignore) discover
[2.121s] Level 1:colcon.colcon_core.package_discovery:discover_packages(ignore) using defaults
[2.121s] Level 1:colcon.colcon_core.package_discovery:discover_packages(path) discover
[2.121s] Level 1:colcon.colcon_core.package_discovery:discover_packages(path) using defaults
[2.204s] Level 1:colcon.colcon_core.package_discovery:discover_packages(prefix_path) check parameters
[2.204s] Level 1:colcon.colcon_core.package_discovery:discover_packages(prefix_path) discover
[2.229s] DEBUG:colcon.colcon_installed_package_information.package_discovery:Found 21 installed packages in /home/fiborobotlab/Ros2_directoy/recon_ws/install
[2.233s] DEBUG:colcon.colcon_installed_package_information.package_discovery:Found 1 installed packages in /home/fiborobotlab/rplidar/install
[2.237s] DEBUG:colcon.colcon_installed_package_information.package_discovery:Found 13 installed packages in /home/fiborobotlab/manipulatorP_ws/install
[2.240s] DEBUG:colcon.colcon_installed_package_information.package_discovery:Found 3 installed packages in /home/fiborobotlab/dynamixel_ws/install
[2.243s] DEBUG:colcon.colcon_installed_package_information.package_discovery:Found 1 installed packages in /home/fiborobotlab/Metamobot_ws/MetaMobot2024/install
[2.246s] DEBUG:colcon.colcon_installed_package_information.package_discovery:Found 7 installed packages in /home/fiborobotlab/unitree_foxy/install
[2.256s] DEBUG:colcon.colcon_installed_package_information.package_discovery:Found 302 installed packages in /opt/ros/foxy
[2.302s] Level 1:colcon.colcon_core.package_discovery:discover_packages(prefix_path) using defaults
[2.662s] Level 5:colcon.colcon_core.verb:set package 'mobotrun' build argument 'cmake_args' from command line to 'None'
[2.663s] Level 5:colcon.colcon_core.verb:set package 'mobotrun' build argument 'cmake_target' from command line to 'None'
[2.663s] Level 5:colcon.colcon_core.verb:set package 'mobotrun' build argument 'cmake_target_skip_unavailable' from command line to 'False'
[2.663s] Level 5:colcon.colcon_core.verb:set package 'mobotrun' build argument 'cmake_clean_cache' from command line to 'False'
[2.664s] Level 5:colcon.colcon_core.verb:set package 'mobotrun' build argument 'cmake_clean_first' from command line to 'False'
[2.664s] Level 5:colcon.colcon_core.verb:set package 'mobotrun' build argument 'cmake_force_configure' from command line to 'False'
[2.664s] Level 5:colcon.colcon_core.verb:set package 'mobotrun' build argument 'ament_cmake_args' from command line to 'None'
[2.664s] Level 5:colcon.colcon_core.verb:set package 'mobotrun' build argument 'catkin_cmake_args' from command line to 'None'
[2.664s] Level 5:colcon.colcon_core.verb:set package 'mobotrun' build argument 'catkin_skip_building_tests' from command line to 'False'
[2.664s] DEBUG:colcon.colcon_core.verb:Building package 'mobotrun' with the following arguments: {'ament_cmake_args': None, 'build_base': '/home/fiborobotlab/Metamobot_ws/MetaMobot2024/build/mobotrun', 'catkin_cmake_args': None, 'catkin_skip_building_tests': False, 'cmake_args': None, 'cmake_clean_cache': False, 'cmake_clean_first': False, 'cmake_force_configure': False, 'cmake_target': None, 'cmake_target_skip_unavailable': False, 'install_base': '/home/fiborobotlab/Metamobot_ws/MetaMobot2024/install/mobotrun', 'merge_install': False, 'path': '/home/fiborobotlab/Metamobot_ws/MetaMobot2024/src/mobotrun', 'symlink_install': True, 'test_result_base': None}
[2.665s] INFO:colcon.colcon_core.executor:Executing jobs using 'parallel' executor
[2.670s] DEBUG:colcon.colcon_parallel_executor.executor.parallel:run_until_complete
[2.671s] INFO:colcon.colcon_ros.task.ament_cmake.build:Building ROS package in '/home/fiborobotlab/Metamobot_ws/MetaMobot2024/src/mobotrun' with build type 'ament_cmake'
[2.672s] INFO:colcon.colcon_cmake.task.cmake.build:Building CMake package in '/home/fiborobotlab/Metamobot_ws/MetaMobot2024/src/mobotrun'
[2.683s] INFO:colcon.colcon_core.plugin_system:Skipping extension 'colcon_core.shell.bat': Not used on non-Windows systems
[2.684s] INFO:colcon.colcon_core.shell:Skip shell extension 'powershell' for command environment: Not usable outside of PowerShell
[2.684s] DEBUG:colcon.colcon_core.shell:Skip shell extension 'dsv' for command environment
[2.817s] DEBUG:colcon.colcon_core.event_handler.log_command:Invoking command in '/home/fiborobotlab/Metamobot_ws/MetaMobot2024/build/mobotrun': CMAKE_PREFIX_PATH=/home/fiborobotlab/Ros2_directoy/recon_ws/install/zed_ros2:/home/fiborobotlab/Ros2_directoy/recon_ws/install/zed_robot_integration:/home/fiborobotlab/Ros2_directoy/recon_ws/install/zed_multi_camera:/home/fiborobotlab/Ros2_directoy/recon_ws/install/zed_display_rviz2:/home/fiborobotlab/Ros2_directoy/recon_ws/install/zed_depth_to_laserscan:/home/fiborobotlab/Ros2_directoy/recon_ws/install/zed_wrapper:/home/fiborobotlab/Ros2_directoy/recon_ws/install/zed_tutorial_video:/home/fiborobotlab/Ros2_directoy/recon_ws/install/zed_tutorial_pos_tracking:/home/fiborobotlab/Ros2_directoy/recon_ws/install/zed_tutorial_depth:/home/fiborobotlab/Ros2_directoy/recon_ws/install/zed_topic_benchmark_interfaces:/home/fiborobotlab/Ros2_directoy/recon_ws/install/zed_rgb_convert:/home/fiborobotlab/Ros2_directoy/recon_ws/install/zed_aruco_localization:/home/fiborobotlab/Ros2_directoy/recon_ws/install/zed_components:/home/fiborobotlab/Ros2_directoy/recon_ws/install/rviz_plugin_zed_od:/home/fiborobotlab/Ros2_directoy/recon_ws/install/zed_interfaces:/home/fiborobotlab/unitree_foxy/install/ros2_aruco:/opt/ros/foxy:/home/fiborobotlab/Ros2_directoy/recon_ws/install/rplidar_ros:/home/fiborobotlab/Ros2_directoy/recon_ws/install/recon_bot_mecanum_control:/home/fiborobotlab/Ros2_directoy/recon_ws/install/recon_bot_description:/home/fiborobotlab/Ros2_directoy/recon_ws/install/recon_bot_commnunication:/home/fiborobotlab/rplidar/install/sllidar_ros2:/home/fiborobotlab/manipulatorP_ws/install/open_manipulator_p:/home/fiborobotlab/manipulatorP_ws/install/open_manipulator_p_controller:/home/fiborobotlab/manipulatorP_ws/install/open_manipulator_p_libs:/home/fiborobotlab/manipulatorP_ws/install/robotis_manipulator:/home/fiborobotlab/manipulatorP_ws/install/open_manipulator_p_teleop:/home/fiborobotlab/manipulatorP_ws/install/open_manipulator_p_description:/home/fiborobotlab/manipulatorP_ws/install/open_manipulator_msgs:/home/fiborobotlab/manipulatorP_ws/install/dynamixel_workbench:/home/fiborobotlab/manipulatorP_ws/install/dynamixel_workbench_toolbox:/home/fiborobotlab/manipulatorP_ws/install/dynamixel_sdk_examples:/home/fiborobotlab/manipulatorP_ws/install/dynamixel_sdk_custom_interfaces:/home/fiborobotlab/manipulatorP_ws/install/dynamixel_sdk:/home/fiborobotlab/manipulatorP_ws/install/cmake_modules:/home/fiborobotlab/dynamixel_ws/install/dynamixel_sdk_examples:/home/fiborobotlab/dynamixel_ws/install/dynamixel_sdk_custom_interfaces:/home/fiborobotlab/dynamixel_ws/install/dynamixel_sdk:/home/fiborobotlab/Metamobot_ws/MetaMobot2024/install/mobotrun:/home/fiborobotlab/unitree_foxy/install/unitree_legged_real:/home/fiborobotlab/unitree_foxy/install/ros2_unitree_legged_msgs:/home/fiborobotlab/unitree_foxy/install/gscam2:/home/fiborobotlab/unitree_foxy/install/ros2_shared:/home/fiborobotlab/unitree_foxy/install/ros2_aruco_interfaces:/home/fiborobotlab/unitree_foxy/install/hand_detection NX_CONNECTION=10.61.2.24 51132 10.61.2.22 4000 /usr/bin/cmake /home/fiborobotlab/Metamobot_ws/MetaMobot2024/src/mobotrun -DAMENT_CMAKE_SYMLINK_INSTALL=1 -DCMAKE_INSTALL_PREFIX=/home/fiborobotlab/Metamobot_ws/MetaMobot2024/install/mobotrun
[6.825s] DEBUG:colcon.colcon_core.event_handler.log_command:Invoked command in '/home/fiborobotlab/Metamobot_ws/MetaMobot2024/build/mobotrun' returned '0': CMAKE_PREFIX_PATH=/home/fiborobotlab/Ros2_directoy/recon_ws/install/zed_ros2:/home/fiborobotlab/Ros2_directoy/recon_ws/install/zed_robot_integration:/home/fiborobotlab/Ros2_directoy/recon_ws/install/zed_multi_camera:/home/fiborobotlab/Ros2_directoy/recon_ws/install/zed_display_rviz2:/home/fiborobotlab/Ros2_directoy/recon_ws/install/zed_depth_to_laserscan:/home/fiborobotlab/Ros2_directoy/recon_ws/install/zed_wrapper:/home/fiborobotlab/Ros2_directoy/recon_ws/install/zed_tutorial_video:/home/fiborobotlab/Ros2_directoy/recon_ws/install/zed_tutorial_pos_tracking:/home/fiborobotlab/Ros2_directoy/recon_ws/install/zed_tutorial_depth:/home/fiborobotlab/Ros2_directoy/recon_ws/install/zed_topic_benchmark_interfaces:/home/fiborobotlab/Ros2_directoy/recon_ws/install/zed_rgb_convert:/home/fiborobotlab/Ros2_directoy/recon_ws/install/zed_aruco_localization:/home/fiborobotlab/Ros2_directoy/recon_ws/install/zed_components:/home/fiborobotlab/Ros2_directoy/recon_ws/install/rviz_plugin_zed_od:/home/fiborobotlab/Ros2_directoy/recon_ws/install/zed_interfaces:/home/fiborobotlab/unitree_foxy/install/ros2_aruco:/opt/ros/foxy:/home/fiborobotlab/Ros2_directoy/recon_ws/install/rplidar_ros:/home/fiborobotlab/Ros2_directoy/recon_ws/install/recon_bot_mecanum_control:/home/fiborobotlab/Ros2_directoy/recon_ws/install/recon_bot_description:/home/fiborobotlab/Ros2_directoy/recon_ws/install/recon_bot_commnunication:/home/fiborobotlab/rplidar/install/sllidar_ros2:/home/fiborobotlab/manipulatorP_ws/install/open_manipulator_p:/home/fiborobotlab/manipulatorP_ws/install/open_manipulator_p_controller:/home/fiborobotlab/manipulatorP_ws/install/open_manipulator_p_libs:/home/fiborobotlab/manipulatorP_ws/install/robotis_manipulator:/home/fiborobotlab/manipulatorP_ws/install/open_manipulator_p_teleop:/home/fiborobotlab/manipulatorP_ws/install/open_manipulator_p_description:/home/fiborobotlab/manipulatorP_ws/install/open_manipulator_msgs:/home/fiborobotlab/manipulatorP_ws/install/dynamixel_workbench:/home/fiborobotlab/manipulatorP_ws/install/dynamixel_workbench_toolbox:/home/fiborobotlab/manipulatorP_ws/install/dynamixel_sdk_examples:/home/fiborobotlab/manipulatorP_ws/install/dynamixel_sdk_custom_interfaces:/home/fiborobotlab/manipulatorP_ws/install/dynamixel_sdk:/home/fiborobotlab/manipulatorP_ws/install/cmake_modules:/home/fiborobotlab/dynamixel_ws/install/dynamixel_sdk_examples:/home/fiborobotlab/dynamixel_ws/install/dynamixel_sdk_custom_interfaces:/home/fiborobotlab/dynamixel_ws/install/dynamixel_sdk:/home/fiborobotlab/Metamobot_ws/MetaMobot2024/install/mobotrun:/home/fiborobotlab/unitree_foxy/install/unitree_legged_real:/home/fiborobotlab/unitree_foxy/install/ros2_unitree_legged_msgs:/home/fiborobotlab/unitree_foxy/install/gscam2:/home/fiborobotlab/unitree_foxy/install/ros2_shared:/home/fiborobotlab/unitree_foxy/install/ros2_aruco_interfaces:/home/fiborobotlab/unitree_foxy/install/hand_detection NX_CONNECTION=10.61.2.24 51132 10.61.2.22 4000 /usr/bin/cmake /home/fiborobotlab/Metamobot_ws/MetaMobot2024/src/mobotrun -DAMENT_CMAKE_SYMLINK_INSTALL=1 -DCMAKE_INSTALL_PREFIX=/home/fiborobotlab/Metamobot_ws/MetaMobot2024/install/mobotrun
[6.865s] DEBUG:colcon.colcon_core.event_handler.log_command:Invoking command in '/home/fiborobotlab/Metamobot_ws/MetaMobot2024/build/mobotrun': CMAKE_PREFIX_PATH=/home/fiborobotlab/Ros2_directoy/recon_ws/install/zed_ros2:/home/fiborobotlab/Ros2_directoy/recon_ws/install/zed_robot_integration:/home/fiborobotlab/Ros2_directoy/recon_ws/install/zed_multi_camera:/home/fiborobotlab/Ros2_directoy/recon_ws/install/zed_display_rviz2:/home/fiborobotlab/Ros2_directoy/recon_ws/install/zed_depth_to_laserscan:/home/fiborobotlab/Ros2_directoy/recon_ws/install/zed_wrapper:/home/fiborobotlab/Ros2_directoy/recon_ws/install/zed_tutorial_video:/home/fiborobotlab/Ros2_directoy/recon_ws/install/zed_tutorial_pos_tracking:/home/fiborobotlab/Ros2_directoy/recon_ws/install/zed_tutorial_depth:/home/fiborobotlab/Ros2_directoy/recon_ws/install/zed_topic_benchmark_interfaces:/home/fiborobotlab/Ros2_directoy/recon_ws/install/zed_rgb_convert:/home/fiborobotlab/Ros2_directoy/recon_ws/install/zed_aruco_localization:/home/fiborobotlab/Ros2_directoy/recon_ws/install/zed_components:/home/fiborobotlab/Ros2_directoy/recon_ws/install/rviz_plugin_zed_od:/home/fiborobotlab/Ros2_directoy/recon_ws/install/zed_interfaces:/home/fiborobotlab/unitree_foxy/install/ros2_aruco:/opt/ros/foxy:/home/fiborobotlab/Ros2_directoy/recon_ws/install/rplidar_ros:/home/fiborobotlab/Ros2_directoy/recon_ws/install/recon_bot_mecanum_control:/home/fiborobotlab/Ros2_directoy/recon_ws/install/recon_bot_description:/home/fiborobotlab/Ros2_directoy/recon_ws/install/recon_bot_commnunication:/home/fiborobotlab/rplidar/install/sllidar_ros2:/home/fiborobotlab/manipulatorP_ws/install/open_manipulator_p:/home/fiborobotlab/manipulatorP_ws/install/open_manipulator_p_controller:/home/fiborobotlab/manipulatorP_ws/install/open_manipulator_p_libs:/home/fiborobotlab/manipulatorP_ws/install/robotis_manipulator:/home/fiborobotlab/manipulatorP_ws/install/open_manipulator_p_teleop:/home/fiborobotlab/manipulatorP_ws/install/open_manipulator_p_description:/home/fiborobotlab/manipulatorP_ws/install/open_manipulator_msgs:/home/fiborobotlab/manipulatorP_ws/install/dynamixel_workbench:/home/fiborobotlab/manipulatorP_ws/install/dynamixel_workbench_toolbox:/home/fiborobotlab/manipulatorP_ws/install/dynamixel_sdk_examples:/home/fiborobotlab/manipulatorP_ws/install/dynamixel_sdk_custom_interfaces:/home/fiborobotlab/manipulatorP_ws/install/dynamixel_sdk:/home/fiborobotlab/manipulatorP_ws/install/cmake_modules:/home/fiborobotlab/dynamixel_ws/install/dynamixel_sdk_examples:/home/fiborobotlab/dynamixel_ws/install/dynamixel_sdk_custom_interfaces:/home/fiborobotlab/dynamixel_ws/install/dynamixel_sdk:/home/fiborobotlab/Metamobot_ws/MetaMobot2024/install/mobotrun:/home/fiborobotlab/unitree_foxy/install/unitree_legged_real:/home/fiborobotlab/unitree_foxy/install/ros2_unitree_legged_msgs:/home/fiborobotlab/unitree_foxy/install/gscam2:/home/fiborobotlab/unitree_foxy/install/ros2_shared:/home/fiborobotlab/unitree_foxy/install/ros2_aruco_interfaces:/home/fiborobotlab/unitree_foxy/install/hand_detection NX_CONNECTION=10.61.2.24 51132 10.61.2.22 4000 /usr/bin/cmake --build /home/fiborobotlab/Metamobot_ws/MetaMobot2024/build/mobotrun -- -j6 -l6
[7.424s] DEBUG:colcon.colcon_core.event_handler.log_command:Invoked command in '/home/fiborobotlab/Metamobot_ws/MetaMobot2024/build/mobotrun' returned '0': CMAKE_PREFIX_PATH=/home/fiborobotlab/Ros2_directoy/recon_ws/install/zed_ros2:/home/fiborobotlab/Ros2_directoy/recon_ws/install/zed_robot_integration:/home/fiborobotlab/Ros2_directoy/recon_ws/install/zed_multi_camera:/home/fiborobotlab/Ros2_directoy/recon_ws/install/zed_display_rviz2:/home/fiborobotlab/Ros2_directoy/recon_ws/install/zed_depth_to_laserscan:/home/fiborobotlab/Ros2_directoy/recon_ws/install/zed_wrapper:/home/fiborobotlab/Ros2_directoy/recon_ws/install/zed_tutorial_video:/home/fiborobotlab/Ros2_directoy/recon_ws/install/zed_tutorial_pos_tracking:/home/fiborobotlab/Ros2_directoy/recon_ws/install/zed_tutorial_depth:/home/fiborobotlab/Ros2_directoy/recon_ws/install/zed_topic_benchmark_interfaces:/home/fiborobotlab/Ros2_directoy/recon_ws/install/zed_rgb_convert:/home/fiborobotlab/Ros2_directoy/recon_ws/install/zed_aruco_localization:/home/fiborobotlab/Ros2_directoy/recon_ws/install/zed_components:/home/fiborobotlab/Ros2_directoy/recon_ws/install/rviz_plugin_zed_od:/home/fiborobotlab/Ros2_directoy/recon_ws/install/zed_interfaces:/home/fiborobotlab/unitree_foxy/install/ros2_aruco:/opt/ros/foxy:/home/fiborobotlab/Ros2_directoy/recon_ws/install/rplidar_ros:/home/fiborobotlab/Ros2_directoy/recon_ws/install/recon_bot_mecanum_control:/home/fiborobotlab/Ros2_directoy/recon_ws/install/recon_bot_description:/home/fiborobotlab/Ros2_directoy/recon_ws/install/recon_bot_commnunication:/home/fiborobotlab/rplidar/install/sllidar_ros2:/home/fiborobotlab/manipulatorP_ws/install/open_manipulator_p:/home/fiborobotlab/manipulatorP_ws/install/open_manipulator_p_controller:/home/fiborobotlab/manipulatorP_ws/install/open_manipulator_p_libs:/home/fiborobotlab/manipulatorP_ws/install/robotis_manipulator:/home/fiborobotlab/manipulatorP_ws/install/open_manipulator_p_teleop:/home/fiborobotlab/manipulatorP_ws/install/open_manipulator_p_description:/home/fiborobotlab/manipulatorP_ws/install/open_manipulator_msgs:/home/fiborobotlab/manipulatorP_ws/install/dynamixel_workbench:/home/fiborobotlab/manipulatorP_ws/install/dynamixel_workbench_toolbox:/home/fiborobotlab/manipulatorP_ws/install/dynamixel_sdk_examples:/home/fiborobotlab/manipulatorP_ws/install/dynamixel_sdk_custom_interfaces:/home/fiborobotlab/manipulatorP_ws/install/dynamixel_sdk:/home/fiborobotlab/manipulatorP_ws/install/cmake_modules:/home/fiborobotlab/dynamixel_ws/install/dynamixel_sdk_examples:/home/fiborobotlab/dynamixel_ws/install/dynamixel_sdk_custom_interfaces:/home/fiborobotlab/dynamixel_ws/install/dynamixel_sdk:/home/fiborobotlab/Metamobot_ws/MetaMobot2024/install/mobotrun:/home/fiborobotlab/unitree_foxy/install/unitree_legged_real:/home/fiborobotlab/unitree_foxy/install/ros2_unitree_legged_msgs:/home/fiborobotlab/unitree_foxy/install/gscam2:/home/fiborobotlab/unitree_foxy/install/ros2_shared:/home/fiborobotlab/unitree_foxy/install/ros2_aruco_interfaces:/home/fiborobotlab/unitree_foxy/install/hand_detection NX_CONNECTION=10.61.2.24 51132 10.61.2.22 4000 /usr/bin/cmake --build /home/fiborobotlab/Metamobot_ws/MetaMobot2024/build/mobotrun -- -j6 -l6
[7.800s] DEBUG:colcon.colcon_core.event_handler.log_command:Invoking command in '/home/fiborobotlab/Metamobot_ws/MetaMobot2024/build/mobotrun': CMAKE_PREFIX_PATH=/home/fiborobotlab/Ros2_directoy/recon_ws/install/zed_ros2:/home/fiborobotlab/Ros2_directoy/recon_ws/install/zed_robot_integration:/home/fiborobotlab/Ros2_directoy/recon_ws/install/zed_multi_camera:/home/fiborobotlab/Ros2_directoy/recon_ws/install/zed_display_rviz2:/home/fiborobotlab/Ros2_directoy/recon_ws/install/zed_depth_to_laserscan:/home/fiborobotlab/Ros2_directoy/recon_ws/install/zed_wrapper:/home/fiborobotlab/Ros2_directoy/recon_ws/install/zed_tutorial_video:/home/fiborobotlab/Ros2_directoy/recon_ws/install/zed_tutorial_pos_tracking:/home/fiborobotlab/Ros2_directoy/recon_ws/install/zed_tutorial_depth:/home/fiborobotlab/Ros2_directoy/recon_ws/install/zed_topic_benchmark_interfaces:/home/fiborobotlab/Ros2_directoy/recon_ws/install/zed_rgb_convert:/home/fiborobotlab/Ros2_directoy/recon_ws/install/zed_aruco_localization:/home/fiborobotlab/Ros2_directoy/recon_ws/install/zed_components:/home/fiborobotlab/Ros2_directoy/recon_ws/install/rviz_plugin_zed_od:/home/fiborobotlab/Ros2_directoy/recon_ws/install/zed_interfaces:/home/fiborobotlab/unitree_foxy/install/ros2_aruco:/opt/ros/foxy:/home/fiborobotlab/Ros2_directoy/recon_ws/install/rplidar_ros:/home/fiborobotlab/Ros2_directoy/recon_ws/install/recon_bot_mecanum_control:/home/fiborobotlab/Ros2_directoy/recon_ws/install/recon_bot_description:/home/fiborobotlab/Ros2_directoy/recon_ws/install/recon_bot_commnunication:/home/fiborobotlab/rplidar/install/sllidar_ros2:/home/fiborobotlab/manipulatorP_ws/install/open_manipulator_p:/home/fiborobotlab/manipulatorP_ws/install/open_manipulator_p_controller:/home/fiborobotlab/manipulatorP_ws/install/open_manipulator_p_libs:/home/fiborobotlab/manipulatorP_ws/install/robotis_manipulator:/home/fiborobotlab/manipulatorP_ws/install/open_manipulator_p_teleop:/home/fiborobotlab/manipulatorP_ws/install/open_manipulator_p_description:/home/fiborobotlab/manipulatorP_ws/install/open_manipulator_msgs:/home/fiborobotlab/manipulatorP_ws/install/dynamixel_workbench:/home/fiborobotlab/manipulatorP_ws/install/dynamixel_workbench_toolbox:/home/fiborobotlab/manipulatorP_ws/install/dynamixel_sdk_examples:/home/fiborobotlab/manipulatorP_ws/install/dynamixel_sdk_custom_interfaces:/home/fiborobotlab/manipulatorP_ws/install/dynamixel_sdk:/home/fiborobotlab/manipulatorP_ws/install/cmake_modules:/home/fiborobotlab/dynamixel_ws/install/dynamixel_sdk_examples:/home/fiborobotlab/dynamixel_ws/install/dynamixel_sdk_custom_interfaces:/home/fiborobotlab/dynamixel_ws/install/dynamixel_sdk:/home/fiborobotlab/Metamobot_ws/MetaMobot2024/install/mobotrun:/home/fiborobotlab/unitree_foxy/install/unitree_legged_real:/home/fiborobotlab/unitree_foxy/install/ros2_unitree_legged_msgs:/home/fiborobotlab/unitree_foxy/install/gscam2:/home/fiborobotlab/unitree_foxy/install/ros2_shared:/home/fiborobotlab/unitree_foxy/install/ros2_aruco_interfaces:/home/fiborobotlab/unitree_foxy/install/hand_detection NX_CONNECTION=10.61.2.24 51132 10.61.2.22 4000 /usr/bin/cmake --install /home/fiborobotlab/Metamobot_ws/MetaMobot2024/build/mobotrun
[8.222s] Level 1:colcon.colcon_core.environment:create_environment_scripts_only(mobotrun)
[8.240s] DEBUG:colcon.colcon_core.event_handler.log_command:Invoked command in '/home/fiborobotlab/Metamobot_ws/MetaMobot2024/build/mobotrun' returned '0': CMAKE_PREFIX_PATH=/home/fiborobotlab/Ros2_directoy/recon_ws/install/zed_ros2:/home/fiborobotlab/Ros2_directoy/recon_ws/install/zed_robot_integration:/home/fiborobotlab/Ros2_directoy/recon_ws/install/zed_multi_camera:/home/fiborobotlab/Ros2_directoy/recon_ws/install/zed_display_rviz2:/home/fiborobotlab/Ros2_directoy/recon_ws/install/zed_depth_to_laserscan:/home/fiborobotlab/Ros2_directoy/recon_ws/install/zed_wrapper:/home/fiborobotlab/Ros2_directoy/recon_ws/install/zed_tutorial_video:/home/fiborobotlab/Ros2_directoy/recon_ws/install/zed_tutorial_pos_tracking:/home/fiborobotlab/Ros2_directoy/recon_ws/install/zed_tutorial_depth:/home/fiborobotlab/Ros2_directoy/recon_ws/install/zed_topic_benchmark_interfaces:/home/fiborobotlab/Ros2_directoy/recon_ws/install/zed_rgb_convert:/home/fiborobotlab/Ros2_directoy/recon_ws/install/zed_aruco_localization:/home/fiborobotlab/Ros2_directoy/recon_ws/install/zed_components:/home/fiborobotlab/Ros2_directoy/recon_ws/install/rviz_plugin_zed_od:/home/fiborobotlab/Ros2_directoy/recon_ws/install/zed_interfaces:/home/fiborobotlab/unitree_foxy/install/ros2_aruco:/opt/ros/foxy:/home/fiborobotlab/Ros2_directoy/recon_ws/install/rplidar_ros:/home/fiborobotlab/Ros2_directoy/recon_ws/install/recon_bot_mecanum_control:/home/fiborobotlab/Ros2_directoy/recon_ws/install/recon_bot_description:/home/fiborobotlab/Ros2_directoy/recon_ws/install/recon_bot_commnunication:/home/fiborobotlab/rplidar/install/sllidar_ros2:/home/fiborobotlab/manipulatorP_ws/install/open_manipulator_p:/home/fiborobotlab/manipulatorP_ws/install/open_manipulator_p_controller:/home/fiborobotlab/manipulatorP_ws/install/open_manipulator_p_libs:/home/fiborobotlab/manipulatorP_ws/install/robotis_manipulator:/home/fiborobotlab/manipulatorP_ws/install/open_manipulator_p_teleop:/home/fiborobotlab/manipulatorP_ws/install/open_manipulator_p_description:/home/fiborobotlab/manipulatorP_ws/install/open_manipulator_msgs:/home/fiborobotlab/manipulatorP_ws/install/dynamixel_workbench:/home/fiborobotlab/manipulatorP_ws/install/dynamixel_workbench_toolbox:/home/fiborobotlab/manipulatorP_ws/install/dynamixel_sdk_examples:/home/fiborobotlab/manipulatorP_ws/install/dynamixel_sdk_custom_interfaces:/home/fiborobotlab/manipulatorP_ws/install/dynamixel_sdk:/home/fiborobotlab/manipulatorP_ws/install/cmake_modules:/home/fiborobotlab/dynamixel_ws/install/dynamixel_sdk_examples:/home/fiborobotlab/dynamixel_ws/install/dynamixel_sdk_custom_interfaces:/home/fiborobotlab/dynamixel_ws/install/dynamixel_sdk:/home/fiborobotlab/Metamobot_ws/MetaMobot2024/install/mobotrun:/home/fiborobotlab/unitree_foxy/install/unitree_legged_real:/home/fiborobotlab/unitree_foxy/install/ros2_unitree_legged_msgs:/home/fiborobotlab/unitree_foxy/install/gscam2:/home/fiborobotlab/unitree_foxy/install/ros2_shared:/home/fiborobotlab/unitree_foxy/install/ros2_aruco_interfaces:/home/fiborobotlab/unitree_foxy/install/hand_detection NX_CONNECTION=10.61.2.24 51132 10.61.2.22 4000 /usr/bin/cmake --install /home/fiborobotlab/Metamobot_ws/MetaMobot2024/build/mobotrun
[8.264s] Level 1:colcon.colcon_core.environment:checking '/home/fiborobotlab/Metamobot_ws/MetaMobot2024/install/mobotrun' for CMake module files
[8.268s] Level 1:colcon.colcon_core.environment:checking '/home/fiborobotlab/Metamobot_ws/MetaMobot2024/install/mobotrun' for CMake config files
[8.271s] Level 1:colcon.colcon_core.shell:create_environment_hook('mobotrun', 'cmake_prefix_path')
[8.273s] INFO:colcon.colcon_core.shell:Creating environment hook '/home/fiborobotlab/Metamobot_ws/MetaMobot2024/install/mobotrun/share/mobotrun/hook/cmake_prefix_path.ps1'
[8.277s] INFO:colcon.colcon_core.shell:Creating environment descriptor '/home/fiborobotlab/Metamobot_ws/MetaMobot2024/install/mobotrun/share/mobotrun/hook/cmake_prefix_path.dsv'
[8.280s] INFO:colcon.colcon_core.shell:Creating environment hook '/home/fiborobotlab/Metamobot_ws/MetaMobot2024/install/mobotrun/share/mobotrun/hook/cmake_prefix_path.sh'
[8.288s] Level 1:colcon.colcon_core.environment:checking '/home/fiborobotlab/Metamobot_ws/MetaMobot2024/install/mobotrun/lib'
[8.290s] Level 1:colcon.colcon_core.environment:checking '/home/fiborobotlab/Metamobot_ws/MetaMobot2024/install/mobotrun/bin'
[8.290s] Level 1:colcon.colcon_core.environment:checking '/home/fiborobotlab/Metamobot_ws/MetaMobot2024/install/mobotrun/lib/pkgconfig/mobotrun.pc'
[8.292s] Level 1:colcon.colcon_core.environment:checking '/home/fiborobotlab/Metamobot_ws/MetaMobot2024/install/mobotrun/lib/python3.8/site-packages'
[8.292s] Level 1:colcon.colcon_core.shell:create_environment_hook('mobotrun', 'pythonpath')
[8.293s] INFO:colcon.colcon_core.shell:Creating environment hook '/home/fiborobotlab/Metamobot_ws/MetaMobot2024/install/mobotrun/share/mobotrun/hook/pythonpath.ps1'
[8.296s] INFO:colcon.colcon_core.shell:Creating environment descriptor '/home/fiborobotlab/Metamobot_ws/MetaMobot2024/install/mobotrun/share/mobotrun/hook/pythonpath.dsv'
[8.298s] INFO:colcon.colcon_core.shell:Creating environment hook '/home/fiborobotlab/Metamobot_ws/MetaMobot2024/install/mobotrun/share/mobotrun/hook/pythonpath.sh'
[8.300s] Level 1:colcon.colcon_core.environment:checking '/home/fiborobotlab/Metamobot_ws/MetaMobot2024/install/mobotrun/bin'
[8.302s] INFO:colcon.colcon_core.shell:Creating package script '/home/fiborobotlab/Metamobot_ws/MetaMobot2024/install/mobotrun/share/mobotrun/package.ps1'
[8.306s] INFO:colcon.colcon_core.shell:Creating package descriptor '/home/fiborobotlab/Metamobot_ws/MetaMobot2024/install/mobotrun/share/mobotrun/package.dsv'
[8.309s] INFO:colcon.colcon_core.shell:Creating package script '/home/fiborobotlab/Metamobot_ws/MetaMobot2024/install/mobotrun/share/mobotrun/package.sh'
[8.313s] INFO:colcon.colcon_core.shell:Creating package script '/home/fiborobotlab/Metamobot_ws/MetaMobot2024/install/mobotrun/share/mobotrun/package.bash'
[8.316s] INFO:colcon.colcon_core.shell:Creating package script '/home/fiborobotlab/Metamobot_ws/MetaMobot2024/install/mobotrun/share/mobotrun/package.zsh'
[8.319s] Level 1:colcon.colcon_core.environment:create_file_with_runtime_dependencies(/home/fiborobotlab/Metamobot_ws/MetaMobot2024/install/mobotrun/share/colcon-core/packages/mobotrun)
[8.563s] Level 1:colcon.colcon_core.environment:create_environment_scripts_only(mobotrun)
[8.571s] Level 1:colcon.colcon_core.environment:checking '/home/fiborobotlab/Metamobot_ws/MetaMobot2024/install/mobotrun' for CMake module files
[8.577s] Level 1:colcon.colcon_core.environment:checking '/home/fiborobotlab/Metamobot_ws/MetaMobot2024/install/mobotrun' for CMake config files
[8.582s] Level 1:colcon.colcon_core.shell:create_environment_hook('mobotrun', 'cmake_prefix_path')
[8.586s] INFO:colcon.colcon_core.shell:Creating environment hook '/home/fiborobotlab/Metamobot_ws/MetaMobot2024/install/mobotrun/share/mobotrun/hook/cmake_prefix_path.ps1'
[8.592s] INFO:colcon.colcon_core.shell:Creating environment descriptor '/home/fiborobotlab/Metamobot_ws/MetaMobot2024/install/mobotrun/share/mobotrun/hook/cmake_prefix_path.dsv'
[8.595s] INFO:colcon.colcon_core.shell:Creating environment hook '/home/fiborobotlab/Metamobot_ws/MetaMobot2024/install/mobotrun/share/mobotrun/hook/cmake_prefix_path.sh'
[8.599s] Level 1:colcon.colcon_core.environment:checking '/home/fiborobotlab/Metamobot_ws/MetaMobot2024/install/mobotrun/lib'
[8.599s] Level 1:colcon.colcon_core.environment:checking '/home/fiborobotlab/Metamobot_ws/MetaMobot2024/install/mobotrun/bin'
[8.600s] Level 1:colcon.colcon_core.environment:checking '/home/fiborobotlab/Metamobot_ws/MetaMobot2024/install/mobotrun/lib/pkgconfig/mobotrun.pc'
[8.602s] Level 1:colcon.colcon_core.environment:checking '/home/fiborobotlab/Metamobot_ws/MetaMobot2024/install/mobotrun/lib/python3.8/site-packages'
[8.602s] Level 1:colcon.colcon_core.shell:create_environment_hook('mobotrun', 'pythonpath')
[8.604s] INFO:colcon.colcon_core.shell:Creating environment hook '/home/fiborobotlab/Metamobot_ws/MetaMobot2024/install/mobotrun/share/mobotrun/hook/pythonpath.ps1'
[8.606s] INFO:colcon.colcon_core.shell:Creating environment descriptor '/home/fiborobotlab/Metamobot_ws/MetaMobot2024/install/mobotrun/share/mobotrun/hook/pythonpath.dsv'
[8.608s] INFO:colcon.colcon_core.shell:Creating environment hook '/home/fiborobotlab/Metamobot_ws/MetaMobot2024/install/mobotrun/share/mobotrun/hook/pythonpath.sh'
[8.611s] Level 1:colcon.colcon_core.environment:checking '/home/fiborobotlab/Metamobot_ws/MetaMobot2024/install/mobotrun/bin'
[8.613s] INFO:colcon.colcon_core.shell:Creating package script '/home/fiborobotlab/Metamobot_ws/MetaMobot2024/install/mobotrun/share/mobotrun/package.ps1'
[8.616s] INFO:colcon.colcon_core.shell:Creating package descriptor '/home/fiborobotlab/Metamobot_ws/MetaMobot2024/install/mobotrun/share/mobotrun/package.dsv'
[8.618s] INFO:colcon.colcon_core.shell:Creating package script '/home/fiborobotlab/Metamobot_ws/MetaMobot2024/install/mobotrun/share/mobotrun/package.sh'
[8.621s] INFO:colcon.colcon_core.shell:Creating package script '/home/fiborobotlab/Metamobot_ws/MetaMobot2024/install/mobotrun/share/mobotrun/package.bash'
[8.623s] INFO:colcon.colcon_core.shell:Creating package script '/home/fiborobotlab/Metamobot_ws/MetaMobot2024/install/mobotrun/share/mobotrun/package.zsh'
[8.626s] Level 1:colcon.colcon_core.environment:create_file_with_runtime_dependencies(/home/fiborobotlab/Metamobot_ws/MetaMobot2024/install/mobotrun/share/colcon-core/packages/mobotrun)
[8.628s] DEBUG:colcon.colcon_parallel_executor.executor.parallel:closing loop
[8.632s] DEBUG:colcon.colcon_parallel_executor.executor.parallel:loop closed
[8.632s] DEBUG:colcon.colcon_parallel_executor.executor.parallel:run_until_complete finished with '0'
[8.633s] DEBUG:colcon.colcon_core.event_reactor:joining thread
[8.676s] INFO:colcon.colcon_core.plugin_system:Skipping extension 'colcon_notification.desktop_notification.terminal_notifier': Not used on non-Darwin systems
[8.676s] INFO:colcon.colcon_core.plugin_system:Skipping extension 'colcon_notification.desktop_notification.win32': Not used on non-Windows systems
[8.677s] INFO:colcon.colcon_notification.desktop_notification:Sending desktop notification using 'notify2'
[8.780s] DEBUG:colcon.colcon_core.event_reactor:joined thread
[8.782s] INFO:colcon.colcon_core.shell:Creating prefix script '/home/fiborobotlab/Metamobot_ws/MetaMobot2024/install/local_setup.ps1'
[8.787s] INFO:colcon.colcon_core.shell:Creating prefix util module '/home/fiborobotlab/Metamobot_ws/MetaMobot2024/install/_local_setup_util_ps1.py'
[8.794s] INFO:colcon.colcon_core.shell:Creating prefix chain script '/home/fiborobotlab/Metamobot_ws/MetaMobot2024/install/setup.ps1'
[8.820s] INFO:colcon.colcon_core.shell:Creating prefix script '/home/fiborobotlab/Metamobot_ws/MetaMobot2024/install/local_setup.sh'
[8.829s] INFO:colcon.colcon_core.shell:Creating prefix util module '/home/fiborobotlab/Metamobot_ws/MetaMobot2024/install/_local_setup_util_sh.py'
[8.834s] INFO:colcon.colcon_core.shell:Creating prefix chain script '/home/fiborobotlab/Metamobot_ws/MetaMobot2024/install/setup.sh'
[8.858s] INFO:colcon.colcon_core.shell:Creating prefix script '/home/fiborobotlab/Metamobot_ws/MetaMobot2024/install/local_setup.bash'
[8.861s] INFO:colcon.colcon_core.shell:Creating prefix chain script '/home/fiborobotlab/Metamobot_ws/MetaMobot2024/install/setup.bash'
[8.886s] INFO:colcon.colcon_core.shell:Creating prefix script '/home/fiborobotlab/Metamobot_ws/MetaMobot2024/install/local_setup.zsh'
[8.891s] INFO:colcon.colcon_core.shell:Creating prefix chain script '/home/fiborobotlab/Metamobot_ws/MetaMobot2024/install/setup.zsh'
