[1.131s] DEBUG:colcon:Command line arguments: ['/usr/bin/colcon', 'build', '--symlink-install']
[1.131s] DEBUG:colcon:Parsed command line arguments: Namespace(allow_overriding=[], ament_cmake_args=None, base_paths=['.'], build_base='build', catkin_cmake_args=None, catkin_skip_building_tests=False, cmake_args=None, cmake_clean_cache=False, cmake_clean_first=False, cmake_force_configure=False, cmake_target=None, cmake_target_skip_unavailable=False, continue_on_error=False, event_handlers=None, executor='parallel', ignore_user_meta=False, install_base='install', log_base=None, log_level=None, main=<bound method BuildVerb.main of <colcon_core.verb.build.BuildVerb object at 0xffffb48ea490>>, merge_install=False, metas=['./colcon.meta'], mixin=None, mixin_files=None, mixin_verb=('build',), packages_above=None, packages_above_and_dependencies=None, packages_above_depth=None, packages_end=None, packages_ignore=None, packages_ignore_regex=None, packages_select=None, packages_select_build_failed=False, packages_select_by_dep=None, packages_select_regex=None, packages_select_test_failures=False, packages_skip=None, packages_skip_build_finished=False, packages_skip_by_dep=None, packages_skip_regex=None, packages_skip_test_passed=False, packages_skip_up_to=None, packages_start=None, packages_up_to=None, packages_up_to_regex=None, parallel_workers=6, paths=None, symlink_install=True, test_result_base=None, verb_extension=<colcon_core.verb.build.BuildVerb object at 0xffffb48ea490>, verb_name='build', verb_parser=<colcon_mixin.mixin.mixin_argument.MixinArgumentDecorator object at 0xffffb48ea970>)
[2.056s] Level 1:colcon.colcon_core.package_discovery:discover_packages(colcon_meta) check parameters
[2.057s] Level 1:colcon.colcon_core.package_discovery:discover_packages(recursive) check parameters
[2.057s] Level 1:colcon.colcon_core.package_discovery:discover_packages(ignore) check parameters
[2.057s] Level 1:colcon.colcon_core.package_discovery:discover_packages(path) check parameters
[2.057s] Level 1:colcon.colcon_core.package_discovery:discover_packages(colcon_meta) discover
[2.058s] Level 1:colcon.colcon_core.package_discovery:discover_packages(recursive) discover
[2.058s] INFO:colcon.colcon_core.package_discovery:Crawling recursively for packages in '/home/fiborobotlab/Metamobot_ws/MetaMobot2024'
[2.058s] Level 1:colcon.colcon_core.package_identification:_identify(.) by extensions ['ignore', 'ignore_ament_install']
[2.059s] Level 1:colcon.colcon_core.package_identification:_identify(.) by extension 'ignore'
[2.059s] Level 1:colcon.colcon_core.package_identification:_identify(.) by extension 'ignore_ament_install'
[2.059s] Level 1:colcon.colcon_core.package_identification:_identify(.) by extensions ['colcon_pkg']
[2.060s] Level 1:colcon.colcon_core.package_identification:_identify(.) by extension 'colcon_pkg'
[2.060s] Level 1:colcon.colcon_core.package_identification:_identify(.) by extensions ['colcon_meta']
[2.060s] Level 1:colcon.colcon_core.package_identification:_identify(.) by extension 'colcon_meta'
[2.060s] Level 1:colcon.colcon_core.package_identification:_identify(.) by extensions ['ros']
[2.061s] Level 1:colcon.colcon_core.package_identification:_identify(.) by extension 'ros'
[2.121s] Level 1:colcon.colcon_core.package_identification:_identify(.) by extensions ['cmake', 'python']
[2.121s] Level 1:colcon.colcon_core.package_identification:_identify(.) by extension 'cmake'
[2.121s] Level 1:colcon.colcon_core.package_identification:_identify(.) by extension 'python'
[2.121s] Level 1:colcon.colcon_core.package_identification:_identify(.) by extensions ['python_setup_py']
[2.122s] Level 1:colcon.colcon_core.package_identification:_identify(.) by extension 'python_setup_py'
[2.122s] Level 1:colcon.colcon_core.package_identification:_identify(build) by extensions ['ignore', 'ignore_ament_install']
[2.123s] Level 1:colcon.colcon_core.package_identification:_identify(build) by extension 'ignore'
[2.123s] Level 1:colcon.colcon_core.package_identification:_identify(build) ignored
[2.124s] Level 1:colcon.colcon_core.package_identification:_identify(install) by extensions ['ignore', 'ignore_ament_install']
[2.124s] Level 1:colcon.colcon_core.package_identification:_identify(install) by extension 'ignore'
[2.124s] Level 1:colcon.colcon_core.package_identification:_identify(install) ignored
[2.125s] Level 1:colcon.colcon_core.package_identification:_identify(log) by extensions ['ignore', 'ignore_ament_install']
[2.125s] Level 1:colcon.colcon_core.package_identification:_identify(log) by extension 'ignore'
[2.126s] Level 1:colcon.colcon_core.package_identification:_identify(log) ignored
[2.126s] Level 1:colcon.colcon_core.package_identification:_identify(src) by extensions ['ignore', 'ignore_ament_install']
[2.126s] Level 1:colcon.colcon_core.package_identification:_identify(src) by extension 'ignore'
[2.127s] Level 1:colcon.colcon_core.package_identification:_identify(src) by extension 'ignore_ament_install'
[2.127s] Level 1:colcon.colcon_core.package_identification:_identify(src) by extensions ['colcon_pkg']
[2.127s] Level 1:colcon.colcon_core.package_identification:_identify(src) by extension 'colcon_pkg'
[2.128s] Level 1:colcon.colcon_core.package_identification:_identify(src) by extensions ['colcon_meta']
[2.128s] Level 1:colcon.colcon_core.package_identification:_identify(src) by extension 'colcon_meta'
[2.128s] Level 1:colcon.colcon_core.package_identification:_identify(src) by extensions ['ros']
[2.128s] Level 1:colcon.colcon_core.package_identification:_identify(src) by extension 'ros'
[2.129s] Level 1:colcon.colcon_core.package_identification:_identify(src) by extensions ['cmake', 'python']
[2.129s] Level 1:colcon.colcon_core.package_identification:_identify(src) by extension 'cmake'
[2.129s] Level 1:colcon.colcon_core.package_identification:_identify(src) by extension 'python'
[2.130s] Level 1:colcon.colcon_core.package_identification:_identify(src) by extensions ['python_setup_py']
[2.130s] Level 1:colcon.colcon_core.package_identification:_identify(src) by extension 'python_setup_py'
[2.131s] Level 1:colcon.colcon_core.package_identification:_identify(src/mobotrun) by extensions ['ignore', 'ignore_ament_install']
[2.131s] Level 1:colcon.colcon_core.package_identification:_identify(src/mobotrun) by extension 'ignore'
[2.131s] Level 1:colcon.colcon_core.package_identification:_identify(src/mobotrun) by extension 'ignore_ament_install'
[2.132s] Level 1:colcon.colcon_core.package_identification:_identify(src/mobotrun) by extensions ['colcon_pkg']
[2.132s] Level 1:colcon.colcon_core.package_identification:_identify(src/mobotrun) by extension 'colcon_pkg'
[2.132s] Level 1:colcon.colcon_core.package_identification:_identify(src/mobotrun) by extensions ['colcon_meta']
[2.132s] Level 1:colcon.colcon_core.package_identification:_identify(src/mobotrun) by extension 'colcon_meta'
[2.133s] Level 1:colcon.colcon_core.package_identification:_identify(src/mobotrun) by extensions ['ros']
[2.133s] Level 1:colcon.colcon_core.package_identification:_identify(src/mobotrun) by extension 'ros'
[2.147s] DEBUG:colcon.colcon_core.package_identification:Package 'src/mobotrun' with type 'ros.ament_cmake' and name 'mobotrun'
[2.148s] Level 1:colcon.colcon_core.package_discovery:discover_packages(recursive) using defaults
[2.148s] Level 1:colcon.colcon_core.package_discovery:discover_packages(ignore) discover
[2.148s] Level 1:colcon.colcon_core.package_discovery:discover_packages(ignore) using defaults
[2.149s] Level 1:colcon.colcon_core.package_discovery:discover_packages(path) discover
[2.149s] Level 1:colcon.colcon_core.package_discovery:discover_packages(path) using defaults
[2.235s] Level 1:colcon.colcon_core.package_discovery:discover_packages(prefix_path) check parameters
[2.236s] Level 1:colcon.colcon_core.package_discovery:discover_packages(prefix_path) discover
[2.249s] DEBUG:colcon.colcon_installed_package_information.package_discovery:Found 1 installed packages in /home/fiborobotlab/Metamobot_ws/MetaMobot2024/install
[2.253s] DEBUG:colcon.colcon_installed_package_information.package_discovery:Found 7 installed packages in /home/fiborobotlab/unitree_foxy/install
[2.262s] DEBUG:colcon.colcon_installed_package_information.package_discovery:Found 259 installed packages in /opt/ros/foxy
[2.272s] Level 1:colcon.colcon_core.package_discovery:discover_packages(prefix_path) using defaults
[2.651s] Level 5:colcon.colcon_core.verb:set package 'mobotrun' build argument 'cmake_args' from command line to 'None'
[2.652s] Level 5:colcon.colcon_core.verb:set package 'mobotrun' build argument 'cmake_target' from command line to 'None'
[2.652s] Level 5:colcon.colcon_core.verb:set package 'mobotrun' build argument 'cmake_target_skip_unavailable' from command line to 'False'
[2.652s] Level 5:colcon.colcon_core.verb:set package 'mobotrun' build argument 'cmake_clean_cache' from command line to 'False'
[2.652s] Level 5:colcon.colcon_core.verb:set package 'mobotrun' build argument 'cmake_clean_first' from command line to 'False'
[2.653s] Level 5:colcon.colcon_core.verb:set package 'mobotrun' build argument 'cmake_force_configure' from command line to 'False'
[2.653s] Level 5:colcon.colcon_core.verb:set package 'mobotrun' build argument 'ament_cmake_args' from command line to 'None'
[2.653s] Level 5:colcon.colcon_core.verb:set package 'mobotrun' build argument 'catkin_cmake_args' from command line to 'None'
[2.653s] Level 5:colcon.colcon_core.verb:set package 'mobotrun' build argument 'catkin_skip_building_tests' from command line to 'False'
[2.653s] DEBUG:colcon.colcon_core.verb:Building package 'mobotrun' with the following arguments: {'ament_cmake_args': None, 'build_base': '/home/fiborobotlab/Metamobot_ws/MetaMobot2024/build/mobotrun', 'catkin_cmake_args': None, 'catkin_skip_building_tests': False, 'cmake_args': None, 'cmake_clean_cache': False, 'cmake_clean_first': False, 'cmake_force_configure': False, 'cmake_target': None, 'cmake_target_skip_unavailable': False, 'install_base': '/home/fiborobotlab/Metamobot_ws/MetaMobot2024/install/mobotrun', 'merge_install': False, 'path': '/home/fiborobotlab/Metamobot_ws/MetaMobot2024/src/mobotrun', 'symlink_install': True, 'test_result_base': None}
[2.654s] INFO:colcon.colcon_core.executor:Executing jobs using 'parallel' executor
[2.659s] DEBUG:colcon.colcon_parallel_executor.executor.parallel:run_until_complete
[2.661s] INFO:colcon.colcon_ros.task.ament_cmake.build:Building ROS package in '/home/fiborobotlab/Metamobot_ws/MetaMobot2024/src/mobotrun' with build type 'ament_cmake'
[2.661s] INFO:colcon.colcon_cmake.task.cmake.build:Building CMake package in '/home/fiborobotlab/Metamobot_ws/MetaMobot2024/src/mobotrun'
[2.673s] INFO:colcon.colcon_core.plugin_system:Skipping extension 'colcon_core.shell.bat': Not used on non-Windows systems
[2.673s] INFO:colcon.colcon_core.shell:Skip shell extension 'powershell' for command environment: Not usable outside of PowerShell
[2.674s] DEBUG:colcon.colcon_core.shell:Skip shell extension 'dsv' for command environment
[2.748s] DEBUG:colcon.colcon_core.event_handler.log_command:Invoking command in '/home/fiborobotlab/Metamobot_ws/MetaMobot2024/build/mobotrun': CMAKE_PREFIX_PATH=${CMAKE_PREFIX_PATH}:/home/fiborobotlab/unitree_foxy/install/ros2_aruco:/opt/ros/foxy /usr/bin/cmake /home/fiborobotlab/Metamobot_ws/MetaMobot2024/src/mobotrun -DAMENT_CMAKE_SYMLINK_INSTALL=1 -DCMAKE_INSTALL_PREFIX=/home/fiborobotlab/Metamobot_ws/MetaMobot2024/install/mobotrun
[7.021s] DEBUG:colcon.colcon_core.event_handler.log_command:Invoked command in '/home/fiborobotlab/Metamobot_ws/MetaMobot2024/build/mobotrun' returned '0': CMAKE_PREFIX_PATH=${CMAKE_PREFIX_PATH}:/home/fiborobotlab/unitree_foxy/install/ros2_aruco:/opt/ros/foxy /usr/bin/cmake /home/fiborobotlab/Metamobot_ws/MetaMobot2024/src/mobotrun -DAMENT_CMAKE_SYMLINK_INSTALL=1 -DCMAKE_INSTALL_PREFIX=/home/fiborobotlab/Metamobot_ws/MetaMobot2024/install/mobotrun
[7.042s] DEBUG:colcon.colcon_core.event_handler.log_command:Invoking command in '/home/fiborobotlab/Metamobot_ws/MetaMobot2024/build/mobotrun': CMAKE_PREFIX_PATH=${CMAKE_PREFIX_PATH}:/home/fiborobotlab/unitree_foxy/install/ros2_aruco:/opt/ros/foxy /usr/bin/cmake --build /home/fiborobotlab/Metamobot_ws/MetaMobot2024/build/mobotrun -- -j6 -l6
[8.043s] DEBUG:colcon.colcon_core.event_handler.log_command:Invoked command in '/home/fiborobotlab/Metamobot_ws/MetaMobot2024/build/mobotrun' returned '0': CMAKE_PREFIX_PATH=${CMAKE_PREFIX_PATH}:/home/fiborobotlab/unitree_foxy/install/ros2_aruco:/opt/ros/foxy /usr/bin/cmake --build /home/fiborobotlab/Metamobot_ws/MetaMobot2024/build/mobotrun -- -j6 -l6
[8.302s] DEBUG:colcon.colcon_core.event_handler.log_command:Invoking command in '/home/fiborobotlab/Metamobot_ws/MetaMobot2024/build/mobotrun': CMAKE_PREFIX_PATH=${CMAKE_PREFIX_PATH}:/home/fiborobotlab/unitree_foxy/install/ros2_aruco:/opt/ros/foxy /usr/bin/cmake --install /home/fiborobotlab/Metamobot_ws/MetaMobot2024/build/mobotrun
[9.958s] Level 1:colcon.colcon_core.environment:create_environment_scripts_only(mobotrun)
[9.964s] DEBUG:colcon.colcon_core.event_handler.log_command:Invoked command in '/home/fiborobotlab/Metamobot_ws/MetaMobot2024/build/mobotrun' returned '0': CMAKE_PREFIX_PATH=${CMAKE_PREFIX_PATH}:/home/fiborobotlab/unitree_foxy/install/ros2_aruco:/opt/ros/foxy /usr/bin/cmake --install /home/fiborobotlab/Metamobot_ws/MetaMobot2024/build/mobotrun
[9.983s] Level 1:colcon.colcon_core.environment:checking '/home/fiborobotlab/Metamobot_ws/MetaMobot2024/install/mobotrun' for CMake module files
[9.988s] Level 1:colcon.colcon_core.environment:checking '/home/fiborobotlab/Metamobot_ws/MetaMobot2024/install/mobotrun' for CMake config files
[9.990s] Level 1:colcon.colcon_core.shell:create_environment_hook('mobotrun', 'cmake_prefix_path')
[9.992s] INFO:colcon.colcon_core.shell:Creating environment hook '/home/fiborobotlab/Metamobot_ws/MetaMobot2024/install/mobotrun/share/mobotrun/hook/cmake_prefix_path.ps1'
[9.996s] INFO:colcon.colcon_core.shell:Creating environment descriptor '/home/fiborobotlab/Metamobot_ws/MetaMobot2024/install/mobotrun/share/mobotrun/hook/cmake_prefix_path.dsv'
[9.999s] INFO:colcon.colcon_core.shell:Creating environment hook '/home/fiborobotlab/Metamobot_ws/MetaMobot2024/install/mobotrun/share/mobotrun/hook/cmake_prefix_path.sh'
[10.004s] Level 1:colcon.colcon_core.environment:checking '/home/fiborobotlab/Metamobot_ws/MetaMobot2024/install/mobotrun/lib'
[10.004s] Level 1:colcon.colcon_core.environment:checking '/home/fiborobotlab/Metamobot_ws/MetaMobot2024/install/mobotrun/bin'
[10.005s] Level 1:colcon.colcon_core.environment:checking '/home/fiborobotlab/Metamobot_ws/MetaMobot2024/install/mobotrun/lib/pkgconfig/mobotrun.pc'
[10.007s] Level 1:colcon.colcon_core.environment:checking '/home/fiborobotlab/Metamobot_ws/MetaMobot2024/install/mobotrun/lib/python3.8/site-packages'
[10.007s] Level 1:colcon.colcon_core.shell:create_environment_hook('mobotrun', 'pythonpath')
[10.009s] INFO:colcon.colcon_core.shell:Creating environment hook '/home/fiborobotlab/Metamobot_ws/MetaMobot2024/install/mobotrun/share/mobotrun/hook/pythonpath.ps1'
[10.013s] INFO:colcon.colcon_core.shell:Creating environment descriptor '/home/fiborobotlab/Metamobot_ws/MetaMobot2024/install/mobotrun/share/mobotrun/hook/pythonpath.dsv'
[10.015s] INFO:colcon.colcon_core.shell:Creating environment hook '/home/fiborobotlab/Metamobot_ws/MetaMobot2024/install/mobotrun/share/mobotrun/hook/pythonpath.sh'
[10.018s] Level 1:colcon.colcon_core.environment:checking '/home/fiborobotlab/Metamobot_ws/MetaMobot2024/install/mobotrun/bin'
[10.020s] INFO:colcon.colcon_core.shell:Creating package script '/home/fiborobotlab/Metamobot_ws/MetaMobot2024/install/mobotrun/share/mobotrun/package.ps1'
[10.024s] INFO:colcon.colcon_core.shell:Creating package descriptor '/home/fiborobotlab/Metamobot_ws/MetaMobot2024/install/mobotrun/share/mobotrun/package.dsv'
[10.027s] INFO:colcon.colcon_core.shell:Creating package script '/home/fiborobotlab/Metamobot_ws/MetaMobot2024/install/mobotrun/share/mobotrun/package.sh'
[10.031s] INFO:colcon.colcon_core.shell:Creating package script '/home/fiborobotlab/Metamobot_ws/MetaMobot2024/install/mobotrun/share/mobotrun/package.bash'
[10.034s] INFO:colcon.colcon_core.shell:Creating package script '/home/fiborobotlab/Metamobot_ws/MetaMobot2024/install/mobotrun/share/mobotrun/package.zsh'
[10.038s] Level 1:colcon.colcon_core.environment:create_file_with_runtime_dependencies(/home/fiborobotlab/Metamobot_ws/MetaMobot2024/install/mobotrun/share/colcon-core/packages/mobotrun)
[10.215s] Level 1:colcon.colcon_core.environment:create_environment_scripts_only(mobotrun)
[10.218s] Level 1:colcon.colcon_core.environment:checking '/home/fiborobotlab/Metamobot_ws/MetaMobot2024/install/mobotrun' for CMake module files
[10.223s] Level 1:colcon.colcon_core.environment:checking '/home/fiborobotlab/Metamobot_ws/MetaMobot2024/install/mobotrun' for CMake config files
[10.226s] Level 1:colcon.colcon_core.shell:create_environment_hook('mobotrun', 'cmake_prefix_path')
[10.227s] INFO:colcon.colcon_core.shell:Creating environment hook '/home/fiborobotlab/Metamobot_ws/MetaMobot2024/install/mobotrun/share/mobotrun/hook/cmake_prefix_path.ps1'
[10.231s] INFO:colcon.colcon_core.shell:Creating environment descriptor '/home/fiborobotlab/Metamobot_ws/MetaMobot2024/install/mobotrun/share/mobotrun/hook/cmake_prefix_path.dsv'
[10.233s] INFO:colcon.colcon_core.shell:Creating environment hook '/home/fiborobotlab/Metamobot_ws/MetaMobot2024/install/mobotrun/share/mobotrun/hook/cmake_prefix_path.sh'
[10.237s] Level 1:colcon.colcon_core.environment:checking '/home/fiborobotlab/Metamobot_ws/MetaMobot2024/install/mobotrun/lib'
[10.237s] Level 1:colcon.colcon_core.environment:checking '/home/fiborobotlab/Metamobot_ws/MetaMobot2024/install/mobotrun/bin'
[10.238s] Level 1:colcon.colcon_core.environment:checking '/home/fiborobotlab/Metamobot_ws/MetaMobot2024/install/mobotrun/lib/pkgconfig/mobotrun.pc'
[10.239s] Level 1:colcon.colcon_core.environment:checking '/home/fiborobotlab/Metamobot_ws/MetaMobot2024/install/mobotrun/lib/python3.8/site-packages'
[10.240s] Level 1:colcon.colcon_core.shell:create_environment_hook('mobotrun', 'pythonpath')
[10.241s] INFO:colcon.colcon_core.shell:Creating environment hook '/home/fiborobotlab/Metamobot_ws/MetaMobot2024/install/mobotrun/share/mobotrun/hook/pythonpath.ps1'
[10.243s] INFO:colcon.colcon_core.shell:Creating environment descriptor '/home/fiborobotlab/Metamobot_ws/MetaMobot2024/install/mobotrun/share/mobotrun/hook/pythonpath.dsv'
[10.244s] INFO:colcon.colcon_core.shell:Creating environment hook '/home/fiborobotlab/Metamobot_ws/MetaMobot2024/install/mobotrun/share/mobotrun/hook/pythonpath.sh'
[10.247s] Level 1:colcon.colcon_core.environment:checking '/home/fiborobotlab/Metamobot_ws/MetaMobot2024/install/mobotrun/bin'
[10.249s] INFO:colcon.colcon_core.shell:Creating package script '/home/fiborobotlab/Metamobot_ws/MetaMobot2024/install/mobotrun/share/mobotrun/package.ps1'
[10.253s] INFO:colcon.colcon_core.shell:Creating package descriptor '/home/fiborobotlab/Metamobot_ws/MetaMobot2024/install/mobotrun/share/mobotrun/package.dsv'
[10.257s] INFO:colcon.colcon_core.shell:Creating package script '/home/fiborobotlab/Metamobot_ws/MetaMobot2024/install/mobotrun/share/mobotrun/package.sh'
[10.260s] INFO:colcon.colcon_core.shell:Creating package script '/home/fiborobotlab/Metamobot_ws/MetaMobot2024/install/mobotrun/share/mobotrun/package.bash'
[10.265s] INFO:colcon.colcon_core.shell:Creating package script '/home/fiborobotlab/Metamobot_ws/MetaMobot2024/install/mobotrun/share/mobotrun/package.zsh'
[10.268s] Level 1:colcon.colcon_core.environment:create_file_with_runtime_dependencies(/home/fiborobotlab/Metamobot_ws/MetaMobot2024/install/mobotrun/share/colcon-core/packages/mobotrun)
[10.273s] DEBUG:colcon.colcon_parallel_executor.executor.parallel:closing loop
[10.275s] DEBUG:colcon.colcon_parallel_executor.executor.parallel:loop closed
[10.275s] DEBUG:colcon.colcon_parallel_executor.executor.parallel:run_until_complete finished with '0'
[10.276s] DEBUG:colcon.colcon_core.event_reactor:joining thread
[10.312s] INFO:colcon.colcon_core.plugin_system:Skipping extension 'colcon_notification.desktop_notification.terminal_notifier': Not used on non-Darwin systems
[10.313s] INFO:colcon.colcon_core.plugin_system:Skipping extension 'colcon_notification.desktop_notification.win32': Not used on non-Windows systems
[10.313s] INFO:colcon.colcon_notification.desktop_notification:Sending desktop notification using 'notify2'
[10.418s] DEBUG:colcon.colcon_core.event_reactor:joined thread
[10.420s] INFO:colcon.colcon_core.shell:Creating prefix script '/home/fiborobotlab/Metamobot_ws/MetaMobot2024/install/local_setup.ps1'
[10.425s] INFO:colcon.colcon_core.shell:Creating prefix util module '/home/fiborobotlab/Metamobot_ws/MetaMobot2024/install/_local_setup_util_ps1.py'
[10.431s] INFO:colcon.colcon_core.shell:Creating prefix chain script '/home/fiborobotlab/Metamobot_ws/MetaMobot2024/install/setup.ps1'
[10.440s] INFO:colcon.colcon_core.shell:Creating prefix script '/home/fiborobotlab/Metamobot_ws/MetaMobot2024/install/local_setup.sh'
[10.442s] INFO:colcon.colcon_core.shell:Creating prefix util module '/home/fiborobotlab/Metamobot_ws/MetaMobot2024/install/_local_setup_util_sh.py'
[10.445s] INFO:colcon.colcon_core.shell:Creating prefix chain script '/home/fiborobotlab/Metamobot_ws/MetaMobot2024/install/setup.sh'
[10.454s] INFO:colcon.colcon_core.shell:Creating prefix script '/home/fiborobotlab/Metamobot_ws/MetaMobot2024/install/local_setup.bash'
[10.458s] INFO:colcon.colcon_core.shell:Creating prefix chain script '/home/fiborobotlab/Metamobot_ws/MetaMobot2024/install/setup.bash'
[10.466s] INFO:colcon.colcon_core.shell:Creating prefix script '/home/fiborobotlab/Metamobot_ws/MetaMobot2024/install/local_setup.zsh'
[10.468s] INFO:colcon.colcon_core.shell:Creating prefix chain script '/home/fiborobotlab/Metamobot_ws/MetaMobot2024/install/setup.zsh'
