[0.076s] Invoking command in '/home/fiborobotlab/Metamobot_ws/MetaMobot2024/build/mobotrun': CMAKE_PREFIX_PATH=${CMAKE_PREFIX_PATH}:/home/fiborobotlab/unitree_foxy/install/ros2_aruco:/opt/ros/foxy /usr/bin/cmake /home/fiborobotlab/Metamobot_ws/MetaMobot2024/src/mobotrun -DCMAKE_INSTALL_PREFIX=/home/fiborobotlab/Metamobot_ws/MetaMobot2024/install/mobotrun
[0.729s] -- The C compiler identification is GNU 9.4.0
[1.266s] -- The CXX compiler identification is GNU 9.4.0
[1.308s] -- Check for working C compiler: /usr/bin/cc
[1.843s] -- Check for working C compiler: /usr/bin/cc -- works
[1.858s] -- Detecting C compiler ABI info
[2.381s] -- Detecting C compiler ABI info - done
[2.469s] -- Detecting C compile features
[2.471s] -- Detecting C compile features - done
[2.489s] -- Check for working CXX compiler: /usr/bin/c++
[3.045s] -- Check for working CXX compiler: /usr/bin/c++ -- works
[3.051s] -- Detecting CXX compiler ABI info
[3.610s] -- Detecting CXX compiler ABI info - done
[3.693s] -- Detecting CXX compile features
[3.696s] -- Detecting CXX compile features - done
[3.721s] -- Found ament_cmake: 0.9.12 (/opt/ros/foxy/share/ament_cmake/cmake)
[3.890s] -- Found PythonInterp: /usr/bin/python3 (found suitable version "3.8.10", minimum required is "3") 
[3.890s] -- Using PYTHON_EXECUTABLE: /usr/bin/python3
[5.248s] -- Found rclcpp: 2.4.3 (/opt/ros/foxy/share/rclcpp/cmake)
[5.595s] -- Using all available rosidl_typesupport_c: rosidl_typesupport_fastrtps_c;rosidl_typesupport_introspection_c
[5.651s] -- Found rosidl_adapter: 1.3.1 (/opt/ros/foxy/share/rosidl_adapter/cmake)
[6.380s] -- Found OpenSSL: /usr/lib/aarch64-linux-gnu/libcrypto.so (found version "1.1.1f")  
[6.550s] -- Found FastRTPS: /opt/ros/foxy/include  
[7.071s] -- Using all available rosidl_typesupport_cpp: rosidl_typesupport_fastrtps_cpp;rosidl_typesupport_introspection_cpp
[7.479s] -- Found rmw_implementation_cmake: 1.0.4 (/opt/ros/foxy/share/rmw_implementation_cmake/cmake)
[7.489s] -- Using RMW implementation 'rmw_fastrtps_cpp' as default
[7.495s] -- Looking for pthread.h
[8.047s] -- Looking for pthread.h - found
[8.048s] -- Performing Test CMAKE_HAVE_LIBC_PTHREAD
[8.589s] -- Performing Test CMAKE_HAVE_LIBC_PTHREAD - Failed
[8.591s] -- Looking for pthread_create in pthreads
[9.008s] -- Looking for pthread_create in pthreads - not found
[9.009s] -- Looking for pthread_create in pthread
[9.510s] -- Looking for pthread_create in pthread - found
[9.525s] -- Found Threads: TRUE  
[10.369s] -- Found rclpy: 1.0.13 (/opt/ros/foxy/share/rclpy/cmake)
[10.928s] -- Configuring done
[10.979s] -- Generating done
[10.987s] -- Build files have been written to: /home/fiborobotlab/Metamobot_ws/MetaMobot2024/build/mobotrun
[11.034s] Invoked command in '/home/fiborobotlab/Metamobot_ws/MetaMobot2024/build/mobotrun' returned '0': CMAKE_PREFIX_PATH=${CMAKE_PREFIX_PATH}:/home/fiborobotlab/unitree_foxy/install/ros2_aruco:/opt/ros/foxy /usr/bin/cmake /home/fiborobotlab/Metamobot_ws/MetaMobot2024/src/mobotrun -DCMAKE_INSTALL_PREFIX=/home/fiborobotlab/Metamobot_ws/MetaMobot2024/install/mobotrun
[11.073s] Invoking command in '/home/fiborobotlab/Metamobot_ws/MetaMobot2024/build/mobotrun': CMAKE_PREFIX_PATH=${CMAKE_PREFIX_PATH}:/home/fiborobotlab/unitree_foxy/install/ros2_aruco:/opt/ros/foxy /usr/bin/cmake --build /home/fiborobotlab/Metamobot_ws/MetaMobot2024/build/mobotrun -- -j6 -l6
[11.351s] [35m[1mScanning dependencies of target cpp_node_test[0m
[11.431s] [ 50%] [32mBuilding CXX object CMakeFiles/cpp_node_test.dir/src/cpp_node.cpp.o[0m
[13.125s] [100%] [32m[1mLinking CXX executable cpp_node_test[0m
[13.744s] [100%] Built target cpp_node_test
[13.832s] Invoked command in '/home/fiborobotlab/Metamobot_ws/MetaMobot2024/build/mobotrun' returned '0': CMAKE_PREFIX_PATH=${CMAKE_PREFIX_PATH}:/home/fiborobotlab/unitree_foxy/install/ros2_aruco:/opt/ros/foxy /usr/bin/cmake --build /home/fiborobotlab/Metamobot_ws/MetaMobot2024/build/mobotrun -- -j6 -l6
[14.139s] Invoking command in '/home/fiborobotlab/Metamobot_ws/MetaMobot2024/build/mobotrun': CMAKE_PREFIX_PATH=${CMAKE_PREFIX_PATH}:/home/fiborobotlab/unitree_foxy/install/ros2_aruco:/opt/ros/foxy /usr/bin/cmake --install /home/fiborobotlab/Metamobot_ws/MetaMobot2024/build/mobotrun
[14.197s] -- Install configuration: ""
[14.198s] -- Installing: /home/fiborobotlab/Metamobot_ws/MetaMobot2024/install/mobotrun/share/mobotrun/environment/pythonpath.sh
[14.199s] -- Installing: /home/fiborobotlab/Metamobot_ws/MetaMobot2024/install/mobotrun/share/mobotrun/environment/pythonpath.dsv
[14.201s] -- Installing: /home/fiborobotlab/Metamobot_ws/MetaMobot2024/install/mobotrun/lib/python3.8/site-packages/mobotrun
[14.201s] -- Installing: /home/fiborobotlab/Metamobot_ws/MetaMobot2024/install/mobotrun/lib/python3.8/site-packages/mobotrun/__init__.py
[14.202s] -- Installing: /home/fiborobotlab/Metamobot_ws/MetaMobot2024/install/mobotrun/lib/python3.8/site-packages/mobotrun/dummy_module.py
[14.380s] Listing '/home/fiborobotlab/Metamobot_ws/MetaMobot2024/install/mobotrun/lib/python3.8/site-packages/mobotrun'...
[14.381s] Compiling '/home/fiborobotlab/Metamobot_ws/MetaMobot2024/install/mobotrun/lib/python3.8/site-packages/mobotrun/__init__.py'...
[14.381s] Compiling '/home/fiborobotlab/Metamobot_ws/MetaMobot2024/install/mobotrun/lib/python3.8/site-packages/mobotrun/dummy_module.py'...
[14.398s] -- Installing: /home/fiborobotlab/Metamobot_ws/MetaMobot2024/install/mobotrun/lib/mobotrun/dummy_script.py
[14.399s] -- Installing: /home/fiborobotlab/Metamobot_ws/MetaMobot2024/install/mobotrun/lib/mobotrun/mobility.py
[14.402s] -- Installing: /home/fiborobotlab/Metamobot_ws/MetaMobot2024/install/mobotrun/lib/mobotrun/cpp_node_test
[14.414s] -- Set runtime path of "/home/fiborobotlab/Metamobot_ws/MetaMobot2024/install/mobotrun/lib/mobotrun/cpp_node_test" to ""
[14.415s] -- Up-to-date: /home/fiborobotlab/Metamobot_ws/MetaMobot2024/install/mobotrun/share/mobotrun
[14.415s] -- Installing: /home/fiborobotlab/Metamobot_ws/MetaMobot2024/install/mobotrun/share/ament_index/resource_index/package_run_dependencies/mobotrun
[14.416s] -- Installing: /home/fiborobotlab/Metamobot_ws/MetaMobot2024/install/mobotrun/share/ament_index/resource_index/parent_prefix_path/mobotrun
[14.418s] -- Installing: /home/fiborobotlab/Metamobot_ws/MetaMobot2024/install/mobotrun/share/mobotrun/environment/ament_prefix_path.sh
[14.419s] -- Installing: /home/fiborobotlab/Metamobot_ws/MetaMobot2024/install/mobotrun/share/mobotrun/environment/ament_prefix_path.dsv
[14.421s] -- Installing: /home/fiborobotlab/Metamobot_ws/MetaMobot2024/install/mobotrun/share/mobotrun/environment/path.sh
[14.422s] -- Installing: /home/fiborobotlab/Metamobot_ws/MetaMobot2024/install/mobotrun/share/mobotrun/environment/path.dsv
[14.423s] -- Installing: /home/fiborobotlab/Metamobot_ws/MetaMobot2024/install/mobotrun/share/mobotrun/local_setup.bash
[14.424s] -- Installing: /home/fiborobotlab/Metamobot_ws/MetaMobot2024/install/mobotrun/share/mobotrun/local_setup.sh
[14.425s] -- Installing: /home/fiborobotlab/Metamobot_ws/MetaMobot2024/install/mobotrun/share/mobotrun/local_setup.zsh
[14.428s] -- Installing: /home/fiborobotlab/Metamobot_ws/MetaMobot2024/install/mobotrun/share/mobotrun/local_setup.dsv
[14.428s] -- Installing: /home/fiborobotlab/Metamobot_ws/MetaMobot2024/install/mobotrun/share/mobotrun/package.dsv
[14.429s] -- Installing: /home/fiborobotlab/Metamobot_ws/MetaMobot2024/install/mobotrun/share/ament_index/resource_index/packages/mobotrun
[14.431s] -- Installing: /home/fiborobotlab/Metamobot_ws/MetaMobot2024/install/mobotrun/share/mobotrun/cmake/mobotrunConfig.cmake
[14.432s] -- Installing: /home/fiborobotlab/Metamobot_ws/MetaMobot2024/install/mobotrun/share/mobotrun/cmake/mobotrunConfig-version.cmake
[14.433s] -- Installing: /home/fiborobotlab/Metamobot_ws/MetaMobot2024/install/mobotrun/share/mobotrun/package.xml
[14.455s] Invoked command in '/home/fiborobotlab/Metamobot_ws/MetaMobot2024/build/mobotrun' returned '0': CMAKE_PREFIX_PATH=${CMAKE_PREFIX_PATH}:/home/fiborobotlab/unitree_foxy/install/ros2_aruco:/opt/ros/foxy /usr/bin/cmake --install /home/fiborobotlab/Metamobot_ws/MetaMobot2024/build/mobotrun
