[1.319s] DEBUG:colcon:Command line arguments: ['/usr/bin/colcon', 'build']
[1.320s] DEBUG:colcon:Parsed command line arguments: Namespace(allow_overriding=[], ament_cmake_args=None, base_paths=['.'], build_base='build', catkin_cmake_args=None, catkin_skip_building_tests=False, cmake_args=None, cmake_clean_cache=False, cmake_clean_first=False, cmake_force_configure=False, cmake_target=None, cmake_target_skip_unavailable=False, continue_on_error=False, event_handlers=None, executor='parallel', ignore_user_meta=False, install_base='install', log_base=None, log_level=None, main=<bound method BuildVerb.main of <colcon_core.verb.build.BuildVerb object at 0xffffa871d460>>, merge_install=False, metas=['./colcon.meta'], mixin=None, mixin_files=None, mixin_verb=('build',), packages_above=None, packages_above_and_dependencies=None, packages_above_depth=None, packages_end=None, packages_ignore=None, packages_ignore_regex=None, packages_select=None, packages_select_build_failed=False, packages_select_by_dep=None, packages_select_regex=None, packages_select_test_failures=False, packages_skip=None, packages_skip_build_finished=False, packages_skip_by_dep=None, packages_skip_regex=None, packages_skip_test_passed=False, packages_skip_up_to=None, packages_start=None, packages_up_to=None, packages_up_to_regex=None, parallel_workers=6, paths=None, symlink_install=False, test_result_base=None, verb_extension=<colcon_core.verb.build.BuildVerb object at 0xffffa871d460>, verb_name='build', verb_parser=<colcon_mixin.mixin.mixin_argument.MixinArgumentDecorator object at 0xffffa871d940>)
[2.328s] Level 1:colcon.colcon_core.package_discovery:discover_packages(colcon_meta) check parameters
[2.329s] Level 1:colcon.colcon_core.package_discovery:discover_packages(recursive) check parameters
[2.329s] Level 1:colcon.colcon_core.package_discovery:discover_packages(ignore) check parameters
[2.329s] Level 1:colcon.colcon_core.package_discovery:discover_packages(path) check parameters
[2.329s] Level 1:colcon.colcon_core.package_discovery:discover_packages(colcon_meta) discover
[2.329s] Level 1:colcon.colcon_core.package_discovery:discover_packages(recursive) discover
[2.330s] INFO:colcon.colcon_core.package_discovery:Crawling recursively for packages in '/home/fiborobotlab/Metamobot_ws/MetaMobot2024'
[2.330s] Level 1:colcon.colcon_core.package_identification:_identify(.) by extensions ['ignore', 'ignore_ament_install']
[2.331s] Level 1:colcon.colcon_core.package_identification:_identify(.) by extension 'ignore'
[2.331s] Level 1:colcon.colcon_core.package_identification:_identify(.) by extension 'ignore_ament_install'
[2.331s] Level 1:colcon.colcon_core.package_identification:_identify(.) by extensions ['colcon_pkg']
[2.331s] Level 1:colcon.colcon_core.package_identification:_identify(.) by extension 'colcon_pkg'
[2.332s] Level 1:colcon.colcon_core.package_identification:_identify(.) by extensions ['colcon_meta']
[2.332s] Level 1:colcon.colcon_core.package_identification:_identify(.) by extension 'colcon_meta'
[2.332s] Level 1:colcon.colcon_core.package_identification:_identify(.) by extensions ['ros']
[2.332s] Level 1:colcon.colcon_core.package_identification:_identify(.) by extension 'ros'
[2.397s] Level 1:colcon.colcon_core.package_identification:_identify(.) by extensions ['cmake', 'python']
[2.398s] Level 1:colcon.colcon_core.package_identification:_identify(.) by extension 'cmake'
[2.398s] Level 1:colcon.colcon_core.package_identification:_identify(.) by extension 'python'
[2.398s] Level 1:colcon.colcon_core.package_identification:_identify(.) by extensions ['python_setup_py']
[2.398s] Level 1:colcon.colcon_core.package_identification:_identify(.) by extension 'python_setup_py'
[2.399s] Level 1:colcon.colcon_core.package_identification:_identify(build) by extensions ['ignore', 'ignore_ament_install']
[2.400s] Level 1:colcon.colcon_core.package_identification:_identify(build) by extension 'ignore'
[2.400s] Level 1:colcon.colcon_core.package_identification:_identify(build) ignored
[2.400s] Level 1:colcon.colcon_core.package_identification:_identify(install) by extensions ['ignore', 'ignore_ament_install']
[2.401s] Level 1:colcon.colcon_core.package_identification:_identify(install) by extension 'ignore'
[2.401s] Level 1:colcon.colcon_core.package_identification:_identify(install) ignored
[2.402s] Level 1:colcon.colcon_core.package_identification:_identify(log) by extensions ['ignore', 'ignore_ament_install']
[2.402s] Level 1:colcon.colcon_core.package_identification:_identify(log) by extension 'ignore'
[2.402s] Level 1:colcon.colcon_core.package_identification:_identify(log) ignored
[2.403s] Level 1:colcon.colcon_core.package_identification:_identify(src) by extensions ['ignore', 'ignore_ament_install']
[2.403s] Level 1:colcon.colcon_core.package_identification:_identify(src) by extension 'ignore'
[2.403s] Level 1:colcon.colcon_core.package_identification:_identify(src) by extension 'ignore_ament_install'
[2.404s] Level 1:colcon.colcon_core.package_identification:_identify(src) by extensions ['colcon_pkg']
[2.404s] Level 1:colcon.colcon_core.package_identification:_identify(src) by extension 'colcon_pkg'
[2.404s] Level 1:colcon.colcon_core.package_identification:_identify(src) by extensions ['colcon_meta']
[2.404s] Level 1:colcon.colcon_core.package_identification:_identify(src) by extension 'colcon_meta'
[2.404s] Level 1:colcon.colcon_core.package_identification:_identify(src) by extensions ['ros']
[2.405s] Level 1:colcon.colcon_core.package_identification:_identify(src) by extension 'ros'
[2.405s] Level 1:colcon.colcon_core.package_identification:_identify(src) by extensions ['cmake', 'python']
[2.405s] Level 1:colcon.colcon_core.package_identification:_identify(src) by extension 'cmake'
[2.406s] Level 1:colcon.colcon_core.package_identification:_identify(src) by extension 'python'
[2.406s] Level 1:colcon.colcon_core.package_identification:_identify(src) by extensions ['python_setup_py']
[2.406s] Level 1:colcon.colcon_core.package_identification:_identify(src) by extension 'python_setup_py'
[2.407s] Level 1:colcon.colcon_core.package_identification:_identify(src/mobotrun) by extensions ['ignore', 'ignore_ament_install']
[2.407s] Level 1:colcon.colcon_core.package_identification:_identify(src/mobotrun) by extension 'ignore'
[2.407s] Level 1:colcon.colcon_core.package_identification:_identify(src/mobotrun) by extension 'ignore_ament_install'
[2.408s] Level 1:colcon.colcon_core.package_identification:_identify(src/mobotrun) by extensions ['colcon_pkg']
[2.408s] Level 1:colcon.colcon_core.package_identification:_identify(src/mobotrun) by extension 'colcon_pkg'
[2.408s] Level 1:colcon.colcon_core.package_identification:_identify(src/mobotrun) by extensions ['colcon_meta']
[2.408s] Level 1:colcon.colcon_core.package_identification:_identify(src/mobotrun) by extension 'colcon_meta'
[2.408s] Level 1:colcon.colcon_core.package_identification:_identify(src/mobotrun) by extensions ['ros']
[2.409s] Level 1:colcon.colcon_core.package_identification:_identify(src/mobotrun) by extension 'ros'
[2.424s] DEBUG:colcon.colcon_core.package_identification:Package 'src/mobotrun' with type 'ros.ament_cmake' and name 'mobotrun'
[2.425s] Level 1:colcon.colcon_core.package_discovery:discover_packages(recursive) using defaults
[2.425s] Level 1:colcon.colcon_core.package_discovery:discover_packages(ignore) discover
[2.425s] Level 1:colcon.colcon_core.package_discovery:discover_packages(ignore) using defaults
[2.425s] Level 1:colcon.colcon_core.package_discovery:discover_packages(path) discover
[2.425s] Level 1:colcon.colcon_core.package_discovery:discover_packages(path) using defaults
[2.518s] Level 1:colcon.colcon_core.package_discovery:discover_packages(prefix_path) check parameters
[2.518s] Level 1:colcon.colcon_core.package_discovery:discover_packages(prefix_path) discover
[2.525s] WARNING:colcon.colcon_core.prefix_path.colcon:The path '/home/fiborobotlab/Metamobot_ws/install' in the environment variable COLCON_PREFIX_PATH doesn't exist
[2.526s] WARNING:colcon.colcon_ros.prefix_path.ament:The path '/home/fiborobotlab/Metamobot_ws/install/mobotrun' in the environment variable AMENT_PREFIX_PATH doesn't exist
[2.529s] WARNING:colcon.colcon_ros.prefix_path.catkin:The path '/home/fiborobotlab/Metamobot_ws/install/mobotrun' in the environment variable CMAKE_PREFIX_PATH doesn't exist
[2.535s] DEBUG:colcon.colcon_installed_package_information.package_discovery:Found 7 installed packages in /home/fiborobotlab/unitree_foxy/install
[2.545s] DEBUG:colcon.colcon_installed_package_information.package_discovery:Found 259 installed packages in /opt/ros/foxy
[2.555s] Level 1:colcon.colcon_core.package_discovery:discover_packages(prefix_path) using defaults
[2.988s] Level 5:colcon.colcon_core.verb:set package 'mobotrun' build argument 'cmake_args' from command line to 'None'
[2.989s] Level 5:colcon.colcon_core.verb:set package 'mobotrun' build argument 'cmake_target' from command line to 'None'
[2.989s] Level 5:colcon.colcon_core.verb:set package 'mobotrun' build argument 'cmake_target_skip_unavailable' from command line to 'False'
[2.989s] Level 5:colcon.colcon_core.verb:set package 'mobotrun' build argument 'cmake_clean_cache' from command line to 'False'
[2.990s] Level 5:colcon.colcon_core.verb:set package 'mobotrun' build argument 'cmake_clean_first' from command line to 'False'
[2.990s] Level 5:colcon.colcon_core.verb:set package 'mobotrun' build argument 'cmake_force_configure' from command line to 'False'
[2.990s] Level 5:colcon.colcon_core.verb:set package 'mobotrun' build argument 'ament_cmake_args' from command line to 'None'
[2.990s] Level 5:colcon.colcon_core.verb:set package 'mobotrun' build argument 'catkin_cmake_args' from command line to 'None'
[2.990s] Level 5:colcon.colcon_core.verb:set package 'mobotrun' build argument 'catkin_skip_building_tests' from command line to 'False'
[2.990s] DEBUG:colcon.colcon_core.verb:Building package 'mobotrun' with the following arguments: {'ament_cmake_args': None, 'build_base': '/home/fiborobotlab/Metamobot_ws/MetaMobot2024/build/mobotrun', 'catkin_cmake_args': None, 'catkin_skip_building_tests': False, 'cmake_args': None, 'cmake_clean_cache': False, 'cmake_clean_first': False, 'cmake_force_configure': False, 'cmake_target': None, 'cmake_target_skip_unavailable': False, 'install_base': '/home/fiborobotlab/Metamobot_ws/MetaMobot2024/install/mobotrun', 'merge_install': False, 'path': '/home/fiborobotlab/Metamobot_ws/MetaMobot2024/src/mobotrun', 'symlink_install': False, 'test_result_base': None}
[2.991s] INFO:colcon.colcon_core.executor:Executing jobs using 'parallel' executor
[2.996s] DEBUG:colcon.colcon_parallel_executor.executor.parallel:run_until_complete
[2.997s] INFO:colcon.colcon_ros.task.ament_cmake.build:Building ROS package in '/home/fiborobotlab/Metamobot_ws/MetaMobot2024/src/mobotrun' with build type 'ament_cmake'
[2.998s] INFO:colcon.colcon_cmake.task.cmake.build:Building CMake package in '/home/fiborobotlab/Metamobot_ws/MetaMobot2024/src/mobotrun'
[3.013s] INFO:colcon.colcon_core.plugin_system:Skipping extension 'colcon_core.shell.bat': Not used on non-Windows systems
[3.014s] INFO:colcon.colcon_core.shell:Skip shell extension 'powershell' for command environment: Not usable outside of PowerShell
[3.014s] DEBUG:colcon.colcon_core.shell:Skip shell extension 'dsv' for command environment
[3.076s] DEBUG:colcon.colcon_core.event_handler.log_command:Invoking command in '/home/fiborobotlab/Metamobot_ws/MetaMobot2024/build/mobotrun': CMAKE_PREFIX_PATH=${CMAKE_PREFIX_PATH}:/home/fiborobotlab/unitree_foxy/install/ros2_aruco:/opt/ros/foxy /usr/bin/cmake /home/fiborobotlab/Metamobot_ws/MetaMobot2024/src/mobotrun -DCMAKE_INSTALL_PREFIX=/home/fiborobotlab/Metamobot_ws/MetaMobot2024/install/mobotrun
[14.035s] DEBUG:colcon.colcon_core.event_handler.log_command:Invoked command in '/home/fiborobotlab/Metamobot_ws/MetaMobot2024/build/mobotrun' returned '0': CMAKE_PREFIX_PATH=${CMAKE_PREFIX_PATH}:/home/fiborobotlab/unitree_foxy/install/ros2_aruco:/opt/ros/foxy /usr/bin/cmake /home/fiborobotlab/Metamobot_ws/MetaMobot2024/src/mobotrun -DCMAKE_INSTALL_PREFIX=/home/fiborobotlab/Metamobot_ws/MetaMobot2024/install/mobotrun
[14.073s] DEBUG:colcon.colcon_core.event_handler.log_command:Invoking command in '/home/fiborobotlab/Metamobot_ws/MetaMobot2024/build/mobotrun': CMAKE_PREFIX_PATH=${CMAKE_PREFIX_PATH}:/home/fiborobotlab/unitree_foxy/install/ros2_aruco:/opt/ros/foxy /usr/bin/cmake --build /home/fiborobotlab/Metamobot_ws/MetaMobot2024/build/mobotrun -- -j6 -l6
[16.833s] DEBUG:colcon.colcon_core.event_handler.log_command:Invoked command in '/home/fiborobotlab/Metamobot_ws/MetaMobot2024/build/mobotrun' returned '0': CMAKE_PREFIX_PATH=${CMAKE_PREFIX_PATH}:/home/fiborobotlab/unitree_foxy/install/ros2_aruco:/opt/ros/foxy /usr/bin/cmake --build /home/fiborobotlab/Metamobot_ws/MetaMobot2024/build/mobotrun -- -j6 -l6
[17.142s] DEBUG:colcon.colcon_core.event_handler.log_command:Invoking command in '/home/fiborobotlab/Metamobot_ws/MetaMobot2024/build/mobotrun': CMAKE_PREFIX_PATH=${CMAKE_PREFIX_PATH}:/home/fiborobotlab/unitree_foxy/install/ros2_aruco:/opt/ros/foxy /usr/bin/cmake --install /home/fiborobotlab/Metamobot_ws/MetaMobot2024/build/mobotrun
[17.444s] Level 1:colcon.colcon_core.environment:create_environment_scripts_only(mobotrun)
[17.456s] DEBUG:colcon.colcon_core.event_handler.log_command:Invoked command in '/home/fiborobotlab/Metamobot_ws/MetaMobot2024/build/mobotrun' returned '0': CMAKE_PREFIX_PATH=${CMAKE_PREFIX_PATH}:/home/fiborobotlab/unitree_foxy/install/ros2_aruco:/opt/ros/foxy /usr/bin/cmake --install /home/fiborobotlab/Metamobot_ws/MetaMobot2024/build/mobotrun
[17.496s] Level 1:colcon.colcon_core.environment:checking '/home/fiborobotlab/Metamobot_ws/MetaMobot2024/install/mobotrun' for CMake module files
[17.499s] Level 1:colcon.colcon_core.environment:checking '/home/fiborobotlab/Metamobot_ws/MetaMobot2024/install/mobotrun' for CMake config files
[17.501s] Level 1:colcon.colcon_core.shell:create_environment_hook('mobotrun', 'cmake_prefix_path')
[17.502s] INFO:colcon.colcon_core.shell:Creating environment hook '/home/fiborobotlab/Metamobot_ws/MetaMobot2024/install/mobotrun/share/mobotrun/hook/cmake_prefix_path.ps1'
[17.507s] INFO:colcon.colcon_core.shell:Creating environment descriptor '/home/fiborobotlab/Metamobot_ws/MetaMobot2024/install/mobotrun/share/mobotrun/hook/cmake_prefix_path.dsv'
[17.510s] INFO:colcon.colcon_core.shell:Creating environment hook '/home/fiborobotlab/Metamobot_ws/MetaMobot2024/install/mobotrun/share/mobotrun/hook/cmake_prefix_path.sh'
[17.518s] Level 1:colcon.colcon_core.environment:checking '/home/fiborobotlab/Metamobot_ws/MetaMobot2024/install/mobotrun/lib'
[17.519s] Level 1:colcon.colcon_core.environment:checking '/home/fiborobotlab/Metamobot_ws/MetaMobot2024/install/mobotrun/bin'
[17.519s] Level 1:colcon.colcon_core.environment:checking '/home/fiborobotlab/Metamobot_ws/MetaMobot2024/install/mobotrun/lib/pkgconfig/mobotrun.pc'
[17.523s] Level 1:colcon.colcon_core.environment:checking '/home/fiborobotlab/Metamobot_ws/MetaMobot2024/install/mobotrun/lib/python3.8/site-packages'
[17.525s] Level 1:colcon.colcon_core.shell:create_environment_hook('mobotrun', 'pythonpath')
[17.531s] INFO:colcon.colcon_core.shell:Creating environment hook '/home/fiborobotlab/Metamobot_ws/MetaMobot2024/install/mobotrun/share/mobotrun/hook/pythonpath.ps1'
[17.534s] INFO:colcon.colcon_core.shell:Creating environment descriptor '/home/fiborobotlab/Metamobot_ws/MetaMobot2024/install/mobotrun/share/mobotrun/hook/pythonpath.dsv'
[17.536s] INFO:colcon.colcon_core.shell:Creating environment hook '/home/fiborobotlab/Metamobot_ws/MetaMobot2024/install/mobotrun/share/mobotrun/hook/pythonpath.sh'
[17.538s] Level 1:colcon.colcon_core.environment:checking '/home/fiborobotlab/Metamobot_ws/MetaMobot2024/install/mobotrun/bin'
[17.540s] INFO:colcon.colcon_core.shell:Creating package script '/home/fiborobotlab/Metamobot_ws/MetaMobot2024/install/mobotrun/share/mobotrun/package.ps1'
[17.544s] INFO:colcon.colcon_core.shell:Creating package descriptor '/home/fiborobotlab/Metamobot_ws/MetaMobot2024/install/mobotrun/share/mobotrun/package.dsv'
[17.547s] INFO:colcon.colcon_core.shell:Creating package script '/home/fiborobotlab/Metamobot_ws/MetaMobot2024/install/mobotrun/share/mobotrun/package.sh'
[17.551s] INFO:colcon.colcon_core.shell:Creating package script '/home/fiborobotlab/Metamobot_ws/MetaMobot2024/install/mobotrun/share/mobotrun/package.bash'
[17.555s] INFO:colcon.colcon_core.shell:Creating package script '/home/fiborobotlab/Metamobot_ws/MetaMobot2024/install/mobotrun/share/mobotrun/package.zsh'
[17.559s] Level 1:colcon.colcon_core.environment:create_file_with_runtime_dependencies(/home/fiborobotlab/Metamobot_ws/MetaMobot2024/install/mobotrun/share/colcon-core/packages/mobotrun)
[17.755s] Level 1:colcon.colcon_core.environment:create_environment_scripts_only(mobotrun)
[17.758s] Level 1:colcon.colcon_core.environment:checking '/home/fiborobotlab/Metamobot_ws/MetaMobot2024/install/mobotrun' for CMake module files
[17.762s] Level 1:colcon.colcon_core.environment:checking '/home/fiborobotlab/Metamobot_ws/MetaMobot2024/install/mobotrun' for CMake config files
[17.764s] Level 1:colcon.colcon_core.shell:create_environment_hook('mobotrun', 'cmake_prefix_path')
[17.766s] INFO:colcon.colcon_core.shell:Creating environment hook '/home/fiborobotlab/Metamobot_ws/MetaMobot2024/install/mobotrun/share/mobotrun/hook/cmake_prefix_path.ps1'
[17.769s] INFO:colcon.colcon_core.shell:Creating environment descriptor '/home/fiborobotlab/Metamobot_ws/MetaMobot2024/install/mobotrun/share/mobotrun/hook/cmake_prefix_path.dsv'
[17.771s] INFO:colcon.colcon_core.shell:Creating environment hook '/home/fiborobotlab/Metamobot_ws/MetaMobot2024/install/mobotrun/share/mobotrun/hook/cmake_prefix_path.sh'
[17.774s] Level 1:colcon.colcon_core.environment:checking '/home/fiborobotlab/Metamobot_ws/MetaMobot2024/install/mobotrun/lib'
[17.774s] Level 1:colcon.colcon_core.environment:checking '/home/fiborobotlab/Metamobot_ws/MetaMobot2024/install/mobotrun/bin'
[17.775s] Level 1:colcon.colcon_core.environment:checking '/home/fiborobotlab/Metamobot_ws/MetaMobot2024/install/mobotrun/lib/pkgconfig/mobotrun.pc'
[17.777s] Level 1:colcon.colcon_core.environment:checking '/home/fiborobotlab/Metamobot_ws/MetaMobot2024/install/mobotrun/lib/python3.8/site-packages'
[17.777s] Level 1:colcon.colcon_core.shell:create_environment_hook('mobotrun', 'pythonpath')
[17.778s] INFO:colcon.colcon_core.shell:Creating environment hook '/home/fiborobotlab/Metamobot_ws/MetaMobot2024/install/mobotrun/share/mobotrun/hook/pythonpath.ps1'
[17.782s] INFO:colcon.colcon_core.shell:Creating environment descriptor '/home/fiborobotlab/Metamobot_ws/MetaMobot2024/install/mobotrun/share/mobotrun/hook/pythonpath.dsv'
[17.785s] INFO:colcon.colcon_core.shell:Creating environment hook '/home/fiborobotlab/Metamobot_ws/MetaMobot2024/install/mobotrun/share/mobotrun/hook/pythonpath.sh'
[17.788s] Level 1:colcon.colcon_core.environment:checking '/home/fiborobotlab/Metamobot_ws/MetaMobot2024/install/mobotrun/bin'
[17.790s] INFO:colcon.colcon_core.shell:Creating package script '/home/fiborobotlab/Metamobot_ws/MetaMobot2024/install/mobotrun/share/mobotrun/package.ps1'
[17.793s] INFO:colcon.colcon_core.shell:Creating package descriptor '/home/fiborobotlab/Metamobot_ws/MetaMobot2024/install/mobotrun/share/mobotrun/package.dsv'
[17.796s] INFO:colcon.colcon_core.shell:Creating package script '/home/fiborobotlab/Metamobot_ws/MetaMobot2024/install/mobotrun/share/mobotrun/package.sh'
[17.798s] INFO:colcon.colcon_core.shell:Creating package script '/home/fiborobotlab/Metamobot_ws/MetaMobot2024/install/mobotrun/share/mobotrun/package.bash'
[17.800s] INFO:colcon.colcon_core.shell:Creating package script '/home/fiborobotlab/Metamobot_ws/MetaMobot2024/install/mobotrun/share/mobotrun/package.zsh'
[17.802s] Level 1:colcon.colcon_core.environment:create_file_with_runtime_dependencies(/home/fiborobotlab/Metamobot_ws/MetaMobot2024/install/mobotrun/share/colcon-core/packages/mobotrun)
[17.804s] DEBUG:colcon.colcon_parallel_executor.executor.parallel:closing loop
[17.807s] DEBUG:colcon.colcon_parallel_executor.executor.parallel:loop closed
[17.807s] DEBUG:colcon.colcon_parallel_executor.executor.parallel:run_until_complete finished with '0'
[17.808s] DEBUG:colcon.colcon_core.event_reactor:joining thread
[17.854s] INFO:colcon.colcon_core.plugin_system:Skipping extension 'colcon_notification.desktop_notification.terminal_notifier': Not used on non-Darwin systems
[17.854s] INFO:colcon.colcon_core.plugin_system:Skipping extension 'colcon_notification.desktop_notification.win32': Not used on non-Windows systems
[17.855s] INFO:colcon.colcon_notification.desktop_notification:Sending desktop notification using 'notify2'
[17.971s] DEBUG:colcon.colcon_core.event_reactor:joined thread
[17.973s] INFO:colcon.colcon_core.shell:Creating prefix script '/home/fiborobotlab/Metamobot_ws/MetaMobot2024/install/local_setup.ps1'
[17.978s] INFO:colcon.colcon_core.shell:Creating prefix util module '/home/fiborobotlab/Metamobot_ws/MetaMobot2024/install/_local_setup_util_ps1.py'
[17.987s] INFO:colcon.colcon_core.shell:Creating prefix chain script '/home/fiborobotlab/Metamobot_ws/MetaMobot2024/install/setup.ps1'
[17.996s] INFO:colcon.colcon_core.shell:Creating prefix script '/home/fiborobotlab/Metamobot_ws/MetaMobot2024/install/local_setup.sh'
[18.000s] INFO:colcon.colcon_core.shell:Creating prefix util module '/home/fiborobotlab/Metamobot_ws/MetaMobot2024/install/_local_setup_util_sh.py'
[18.002s] INFO:colcon.colcon_core.shell:Creating prefix chain script '/home/fiborobotlab/Metamobot_ws/MetaMobot2024/install/setup.sh'
[18.011s] INFO:colcon.colcon_core.shell:Creating prefix script '/home/fiborobotlab/Metamobot_ws/MetaMobot2024/install/local_setup.bash'
[18.014s] INFO:colcon.colcon_core.shell:Creating prefix chain script '/home/fiborobotlab/Metamobot_ws/MetaMobot2024/install/setup.bash'
[18.022s] INFO:colcon.colcon_core.shell:Creating prefix script '/home/fiborobotlab/Metamobot_ws/MetaMobot2024/install/local_setup.zsh'
[18.024s] INFO:colcon.colcon_core.shell:Creating prefix chain script '/home/fiborobotlab/Metamobot_ws/MetaMobot2024/install/setup.zsh'
